#
# There is insufficient memory for the Java Runtime Environment to continue.
# Native memory allocation (malloc) failed to allocate 1979840 bytes. Error detail: Chunk::new
# Possible reasons:
#   The system is out of physical RAM or swap space
#   This process is running with CompressedOops enabled, and the Java Heap may be blocking the growth of the native heap
# Possible solutions:
#   Reduce memory load on the system
#   Increase physical memory or swap space
#   Check if swap backing store is full
#   Decrease Java heap size (-Xmx/-Xms)
#   Decrease number of Java threads
#   Decrease Java thread stack sizes (-Xss)
#   Set larger code cache with -XX:ReservedCodeCacheSize=
#   JVM is running with Unscaled Compressed Oops mode in which the Java heap is
#     placed in the first 4GB address space. The Java Heap base address is the
#     maximum limit for the native heap growth. Please use -XX:HeapBaseMinAddress
#     to set the Java Heap base and to place the Java Heap above 4GB virtual address.
# This output file may be truncated or incomplete.
#
#  Out of Memory Error (arena.cpp:168), pid=20260, tid=15256
#
# JRE version: OpenJDK Runtime Environment Temurin-21.0.7+6 (21.0.7+6) (build 21.0.7+6-LTS)
# Java VM: OpenJDK 64-Bit Server VM Temurin-21.0.7+6 (21.0.7+6-LTS, mixed mode, sharing, tiered, compressed oops, compressed class ptrs, parallel gc, windows-amd64)
# No core dump will be written. Minidumps are not enabled by default on client versions of Windows
#

---------------  S U M M A R Y ------------

Command Line: --add-modules=ALL-SYSTEM --add-opens=java.base/java.util=ALL-UNNAMED --add-opens=java.base/java.lang=ALL-UNNAMED --add-opens=java.base/sun.nio.fs=ALL-UNNAMED -Declipse.application=org.eclipse.jdt.ls.core.id1 -Dosgi.bundles.defaultStartLevel=4 -Declipse.product=org.eclipse.jdt.ls.core.product -Djava.import.generatesMetadataFilesAtProjectRoot=false -DDetectVMInstallationsJob.disabled=true -Dfile.encoding=utf8 -XX:+UseParallelGC -XX:GCTimeRatio=4 -XX:AdaptiveSizePolicyWeight=90 -Dsun.zip.disableMemoryMapping=true -Xmx1G -Xms100m -Xlog:disable -javaagent:c:\Users\ADMIN\.vscode\extensions\redhat.java-1.42.0-win32-x64\lombok\lombok-1.18.36.jar -XX:+HeapDumpOnOutOfMemoryError -XX:HeapDumpPath=c:\Users\ADMIN\AppData\Roaming\Code\User\workspaceStorage\c9c34c9037f30831ff1e317f9d9d2896\redhat.java -Daether.dependencyCollector.impl=bf c:\Users\ADMIN\.vscode\extensions\redhat.java-1.42.0-win32-x64\server\plugins\org.eclipse.equinox.launcher_1.7.0.v20250424-1814.jar -configuration c:\Users\ADMIN\AppData\Roaming\Code\User\globalStorage\redhat.java\1.42.0\config_win -data c:\Users\ADMIN\AppData\Roaming\Code\User\workspaceStorage\c9c34c9037f30831ff1e317f9d9d2896\redhat.java\jdt_ws --pipe=\\.\pipe\lsp-86effd16f2caca58127dbac47620a367-sock

Host: 12th Gen Intel(R) Core(TM) i7-12650H, 16 cores, 7G,  Windows 11 , 64 bit Build 22621 (10.0.22621.5415)
Time: Thu Jun 19 09:13:43 2025 SE Asia Standard Time elapsed time: 10.953071 seconds (0d 0h 0m 10s)

---------------  T H R E A D  ---------------

Current thread (0x000001997d6b04c0):  JavaThread "C2 CompilerThread1" daemon [_thread_in_native, id=15256, stack(0x00000089ab400000,0x00000089ab500000) (1024K)]


Current CompileTask:
C2:10953 5098   !   4       org.eclipse.osgi.internal.loader.classpath.ClasspathManager::findClassImpl (343 bytes)

Stack: [0x00000089ab400000,0x00000089ab500000]
Native frames: (J=compiled Java code, j=interpreted, Vv=VM code, C=native code)
V  [jvm.dll+0x6ce119]
V  [jvm.dll+0x8a84a1]
V  [jvm.dll+0x8aa9ce]
V  [jvm.dll+0x8ab0b3]
V  [jvm.dll+0x27f8a6]
V  [jvm.dll+0xc507d]
V  [jvm.dll+0xc55b3]
V  [jvm.dll+0x3b692c]
V  [jvm.dll+0x1e0029]
V  [jvm.dll+0x247c42]
V  [jvm.dll+0x2470cf]
V  [jvm.dll+0x1c760e]
V  [jvm.dll+0x25695a]
V  [jvm.dll+0x254efa]
V  [jvm.dll+0x3f03f6]
V  [jvm.dll+0x851f6b]
V  [jvm.dll+0x6cc7dd]
C  [ucrtbase.dll+0x29333]
C  [KERNEL32.DLL+0x1259d]
C  [ntdll.dll+0x5af78]


---------------  P R O C E S S  ---------------

Threads class SMR info:
_java_thread_list=0x000001997d373c90, length=94, elements={
0x000001996e071a00, 0x000001997345cc50, 0x000001997345dcb0, 0x000001996e115b80,
0x000001996e117fc0, 0x000001996e119370, 0x000001996e117930, 0x000001996e12b350,
0x0000019974960060, 0x000001997495de50, 0x000001996e118ce0, 0x0000019974960e00,
0x000001996e1172a0, 0x000001996e11a720, 0x000001996e119a00, 0x000001996e11a090,
0x000001996e118650, 0x000001997b89d260, 0x000001997b89d8f0, 0x000001997b8990c0,
0x000001997b899750, 0x000001997b896ff0, 0x000001997b89b820, 0x000001997b89b190,
0x000001997b89beb0, 0x000001997b89c540, 0x000001997b897680, 0x000001997b896960,
0x000001997b89df80, 0x000001997b89cbd0, 0x000001997b897d10, 0x000001997b8983a0,
0x000001997b898a30, 0x000001997b899de0, 0x000001997b89a470, 0x000001997cca1aa0,
0x000001997cca0060, 0x000001997cc9ecb0, 0x000001997cca27c0, 0x000001997cc9d270,
0x000001997cca2130, 0x000001997cca06f0, 0x000001997cc9b830, 0x000001997cc9f9d0,
0x000001997cca2e50, 0x000001997cca0d80, 0x000001997cca1410, 0x000001997cc9f340,
0x000001997cc9bec0, 0x000001997cc9df90, 0x000001997cc9c550, 0x000001997cc9e620,
0x000001997cc9d900, 0x000001997d91abe0, 0x000001997d9191a0, 0x000001997d91a550,
0x000001997d9170d0, 0x000001997d9142e0, 0x000001997d916a40, 0x000001997d917760,
0x000001997d91b270, 0x000001997d917df0, 0x000001997d919830, 0x000001997d919ec0,
0x000001997d918480, 0x000001997d915d20, 0x000001997d918b10, 0x000001997d91b900,
0x000001997d914970, 0x000001997d915000, 0x000001997d915690, 0x000001997d9163b0,
0x000001997de4ea70, 0x000001997de4fe20, 0x000001997de4f100, 0x000001997de4f790,
0x000001997de4c9a0, 0x000001997de52580, 0x000001997de4d6c0, 0x000001997de511d0,
0x000001997de504b0, 0x000001997de51860, 0x000001997de4d030, 0x000001997de4c310,
0x000001997de4dd50, 0x000001997de4e3e0, 0x000001997de51ef0, 0x000001997de52c10,
0x000001997de532a0, 0x000001997de53930, 0x000001997e6a43f0, 0x000001997e69e810,
0x000001997e6a2320, 0x000001997d6b04c0
}

Java Threads: ( => current thread )
  0x000001996e071a00 JavaThread "main"                              [_thread_blocked, id=11888, stack(0x00000089a9400000,0x00000089a9500000) (1024K)]
  0x000001997345cc50 JavaThread "Reference Handler"          daemon [_thread_blocked, id=23828, stack(0x00000089a9800000,0x00000089a9900000) (1024K)]
  0x000001997345dcb0 JavaThread "Finalizer"                  daemon [_thread_blocked, id=5728, stack(0x00000089a9900000,0x00000089a9a00000) (1024K)]
  0x000001996e115b80 JavaThread "Signal Dispatcher"          daemon [_thread_blocked, id=19508, stack(0x00000089a9a00000,0x00000089a9b00000) (1024K)]
  0x000001996e117fc0 JavaThread "Attach Listener"            daemon [_thread_blocked, id=19056, stack(0x00000089a9b00000,0x00000089a9c00000) (1024K)]
  0x000001996e119370 JavaThread "Service Thread"             daemon [_thread_blocked, id=20028, stack(0x00000089a9c00000,0x00000089a9d00000) (1024K)]
  0x000001996e117930 JavaThread "Monitor Deflation Thread"   daemon [_thread_blocked, id=14820, stack(0x00000089a9d00000,0x00000089a9e00000) (1024K)]
  0x000001996e12b350 JavaThread "C2 CompilerThread0"         daemon [_thread_in_native, id=1644, stack(0x00000089a9e00000,0x00000089a9f00000) (1024K)]
  0x0000019974960060 JavaThread "C1 CompilerThread0"         daemon [_thread_blocked, id=13900, stack(0x00000089a9f00000,0x00000089aa000000) (1024K)]
  0x000001997495de50 JavaThread "C1 CompilerThread1"         daemon [_thread_blocked, id=7284, stack(0x00000089aa000000,0x00000089aa100000) (1024K)]
  0x000001996e118ce0 JavaThread "Common-Cleaner"             daemon [_thread_blocked, id=25588, stack(0x00000089aa100000,0x00000089aa200000) (1024K)]
  0x0000019974960e00 JavaThread "C1 CompilerThread2"         daemon [_thread_blocked, id=18912, stack(0x00000089aa200000,0x00000089aa300000) (1024K)]
  0x000001996e1172a0 JavaThread "Notification Thread"        daemon [_thread_blocked, id=20552, stack(0x00000089aa300000,0x00000089aa400000) (1024K)]
  0x000001996e11a720 JavaThread "Active Thread: Equinox Container: 2f67fb0c-6a28-4b78-a406-5df3a361e6b7"        [_thread_blocked, id=17956, stack(0x00000089aaa00000,0x00000089aab00000) (1024K)]
  0x000001996e119a00 JavaThread "Refresh Thread: Equinox Container: 2f67fb0c-6a28-4b78-a406-5df3a361e6b7" daemon [_thread_blocked, id=24800, stack(0x00000089aac00000,0x00000089aad00000) (1024K)]
  0x000001996e11a090 JavaThread "Framework Event Dispatcher: Equinox Container: 2f67fb0c-6a28-4b78-a406-5df3a361e6b7" daemon [_thread_blocked, id=15592, stack(0x00000089aad00000,0x00000089aae00000) (1024K)]
  0x000001996e118650 JavaThread "Start Level: Equinox Container: 2f67fb0c-6a28-4b78-a406-5df3a361e6b7" daemon [_thread_blocked, id=23456, stack(0x00000089aae00000,0x00000089aaf00000) (1024K)]
  0x000001997b89d260 JavaThread "Bundle File Closer"         daemon [_thread_blocked, id=10108, stack(0x00000089ab200000,0x00000089ab300000) (1024K)]
  0x000001997b89d8f0 JavaThread "SCR Component Actor"        daemon [_thread_blocked, id=9936, stack(0x00000089ab300000,0x00000089ab400000) (1024K)]
  0x000001997b8990c0 JavaThread "Worker-JM"                         [_thread_blocked, id=21008, stack(0x00000089ab600000,0x00000089ab700000) (1024K)]
  0x000001997b899750 JavaThread "JNA Cleaner"                daemon [_thread_blocked, id=5048, stack(0x00000089ab800000,0x00000089ab900000) (1024K)]
  0x000001997b896ff0 JavaThread "Worker-0: Initialize workspace"        [_thread_blocked, id=10384, stack(0x00000089ab900000,0x00000089aba00000) (1024K)]
  0x000001997b89b820 JavaThread "Worker-1"                          [_thread_blocked, id=18048, stack(0x00000089aba00000,0x00000089abb00000) (1024K)]
  0x000001997b89b190 JavaThread "Java indexing"              daemon [_thread_in_Java, id=23036, stack(0x00000089abb00000,0x00000089abc00000) (1024K)]
  0x000001997b89beb0 JavaThread "Worker-2"                          [_thread_blocked, id=14688, stack(0x00000089abc00000,0x00000089abd00000) (1024K)]
  0x000001997b89c540 JavaThread "Worker-3: Java indexing... "        [_thread_blocked, id=21104, stack(0x00000089abd00000,0x00000089abe00000) (1024K)]
  0x000001997b897680 JavaThread "Thread-2"                   daemon [_thread_in_native, id=22352, stack(0x00000089abe00000,0x00000089abf00000) (1024K)]
  0x000001997b896960 JavaThread "Thread-3"                   daemon [_thread_in_native, id=15112, stack(0x00000089abf00000,0x00000089ac000000) (1024K)]
  0x000001997b89df80 JavaThread "Thread-4"                   daemon [_thread_in_native, id=2636, stack(0x00000089ac000000,0x00000089ac100000) (1024K)]
  0x000001997b89cbd0 JavaThread "Thread-5"                   daemon [_thread_in_native, id=24816, stack(0x00000089ac100000,0x00000089ac200000) (1024K)]
  0x000001997b897d10 JavaThread "Thread-6"                   daemon [_thread_in_native, id=23364, stack(0x00000089ac200000,0x00000089ac300000) (1024K)]
  0x000001997b8983a0 JavaThread "Thread-7"                   daemon [_thread_in_native, id=23740, stack(0x00000089ac300000,0x00000089ac400000) (1024K)]
  0x000001997b898a30 JavaThread "Thread-8"                   daemon [_thread_in_native, id=17172, stack(0x00000089ac400000,0x00000089ac500000) (1024K)]
  0x000001997b899de0 JavaThread "Thread-9"                   daemon [_thread_in_native, id=17848, stack(0x00000089ac500000,0x00000089ac600000) (1024K)]
  0x000001997b89a470 JavaThread "Thread-10"                  daemon [_thread_in_native, id=12636, stack(0x00000089ac600000,0x00000089ac700000) (1024K)]
  0x000001997cca1aa0 JavaThread "Thread-11"                  daemon [_thread_in_native, id=7012, stack(0x00000089ac700000,0x00000089ac800000) (1024K)]
  0x000001997cca0060 JavaThread "Thread-12"                  daemon [_thread_in_native, id=21108, stack(0x00000089ac800000,0x00000089ac900000) (1024K)]
  0x000001997cc9ecb0 JavaThread "Thread-13"                  daemon [_thread_in_native, id=6972, stack(0x00000089ac900000,0x00000089aca00000) (1024K)]
  0x000001997cca27c0 JavaThread "Thread-14"                  daemon [_thread_in_native, id=15960, stack(0x00000089aca00000,0x00000089acb00000) (1024K)]
  0x000001997cc9d270 JavaThread "Thread-15"                  daemon [_thread_in_native, id=15804, stack(0x00000089acb00000,0x00000089acc00000) (1024K)]
  0x000001997cca2130 JavaThread "Thread-16"                  daemon [_thread_in_native, id=21256, stack(0x00000089acc00000,0x00000089acd00000) (1024K)]
  0x000001997cca06f0 JavaThread "Thread-17"                  daemon [_thread_in_native, id=3976, stack(0x00000089acd00000,0x00000089ace00000) (1024K)]
  0x000001997cc9b830 JavaThread "Thread-18"                  daemon [_thread_in_native, id=17824, stack(0x00000089ace00000,0x00000089acf00000) (1024K)]
  0x000001997cc9f9d0 JavaThread "pool-2-thread-1"                   [_thread_blocked, id=21088, stack(0x00000089acf00000,0x00000089ad000000) (1024K)]
  0x000001997cca2e50 JavaThread "Worker-4"                          [_thread_blocked, id=14280, stack(0x00000089ad000000,0x00000089ad100000) (1024K)]
  0x000001997cca0d80 JavaThread "Worker-5: Publish Diagnostics"        [_thread_in_Java, id=25096, stack(0x00000089ad100000,0x00000089ad200000) (1024K)]
  0x000001997cca1410 JavaThread "WorkspaceEventsHandler"            [_thread_blocked, id=17836, stack(0x00000089ad200000,0x00000089ad300000) (1024K)]
  0x000001997cc9f340 JavaThread "pool-1-thread-1"                   [_thread_blocked, id=25244, stack(0x00000089ad300000,0x00000089ad400000) (1024K)]
  0x000001997cc9bec0 JavaThread "LocalFile Deleter"          daemon [_thread_blocked, id=2740, stack(0x00000089ad400000,0x00000089ad500000) (1024K)]
  0x000001997cc9df90 JavaThread "LocalFile Deleter"          daemon [_thread_blocked, id=24824, stack(0x00000089ad500000,0x00000089ad600000) (1024K)]
  0x000001997cc9c550 JavaThread "LocalFile Deleter"          daemon [_thread_blocked, id=25100, stack(0x00000089ad600000,0x00000089ad700000) (1024K)]
  0x000001997cc9e620 JavaThread "LocalFile Deleter"          daemon [_thread_blocked, id=15648, stack(0x00000089ad700000,0x00000089ad800000) (1024K)]
  0x000001997cc9d900 JavaThread "LocalFile Deleter"          daemon [_thread_blocked, id=3948, stack(0x00000089ad800000,0x00000089ad900000) (1024K)]
  0x000001997d91abe0 JavaThread "LocalFile Deleter"          daemon [_thread_blocked, id=1736, stack(0x00000089ad900000,0x00000089ada00000) (1024K)]
  0x000001997d9191a0 JavaThread "LocalFile Deleter"          daemon [_thread_blocked, id=25336, stack(0x00000089ada00000,0x00000089adb00000) (1024K)]
  0x000001997d91a550 JavaThread "LocalFile Deleter"          daemon [_thread_blocked, id=23444, stack(0x00000089adb00000,0x00000089adc00000) (1024K)]
  0x000001997d9170d0 JavaThread "LocalFile Deleter"          daemon [_thread_blocked, id=19052, stack(0x00000089adc00000,0x00000089add00000) (1024K)]
  0x000001997d9142e0 JavaThread "LocalFile Deleter"          daemon [_thread_blocked, id=18188, stack(0x00000089add00000,0x00000089ade00000) (1024K)]
  0x000001997d916a40 JavaThread "LocalFile Deleter"          daemon [_thread_blocked, id=21296, stack(0x00000089ade00000,0x00000089adf00000) (1024K)]
  0x000001997d917760 JavaThread "LocalFile Deleter"          daemon [_thread_blocked, id=2080, stack(0x00000089adf00000,0x00000089ae000000) (1024K)]
  0x000001997d91b270 JavaThread "LocalFile Deleter"          daemon [_thread_blocked, id=7288, stack(0x00000089ae000000,0x00000089ae100000) (1024K)]
  0x000001997d917df0 JavaThread "LocalFile Deleter"          daemon [_thread_blocked, id=6324, stack(0x00000089ae100000,0x00000089ae200000) (1024K)]
  0x000001997d919830 JavaThread "LocalFile Deleter"          daemon [_thread_blocked, id=19368, stack(0x00000089ae200000,0x00000089ae300000) (1024K)]
  0x000001997d919ec0 JavaThread "LocalFile Deleter"          daemon [_thread_blocked, id=9988, stack(0x00000089ae300000,0x00000089ae400000) (1024K)]
  0x000001997d918480 JavaThread "Compiler Source File Reader" daemon [_thread_blocked, id=20780, stack(0x00000089ae400000,0x00000089ae500000) (1024K)]
  0x000001997d915d20 JavaThread "Compiler Source File Reader" daemon [_thread_blocked, id=12084, stack(0x00000089ae500000,0x00000089ae600000) (1024K)]
  0x000001997d918b10 JavaThread "Compiler Source File Reader" daemon [_thread_blocked, id=25524, stack(0x00000089ae600000,0x00000089ae700000) (1024K)]
  0x000001997d91b900 JavaThread "Compiler Source File Reader" daemon [_thread_blocked, id=11656, stack(0x00000089ae700000,0x00000089ae800000) (1024K)]
  0x000001997d914970 JavaThread "Compiler Source File Reader" daemon [_thread_blocked, id=22260, stack(0x00000089ae800000,0x00000089ae900000) (1024K)]
  0x000001997d915000 JavaThread "Compiler Source File Reader" daemon [_thread_blocked, id=8160, stack(0x00000089ae900000,0x00000089aea00000) (1024K)]
  0x000001997d915690 JavaThread "Compiler Source File Reader" daemon [_thread_blocked, id=22532, stack(0x00000089aea00000,0x00000089aeb00000) (1024K)]
  0x000001997d9163b0 JavaThread "Compiler Source File Reader" daemon [_thread_blocked, id=17924, stack(0x00000089aeb00000,0x00000089aec00000) (1024K)]
  0x000001997de4ea70 JavaThread "Compiler Source File Reader" daemon [_thread_blocked, id=24444, stack(0x00000089aec00000,0x00000089aed00000) (1024K)]
  0x000001997de4fe20 JavaThread "Compiler Source File Reader" daemon [_thread_blocked, id=8300, stack(0x00000089aed00000,0x00000089aee00000) (1024K)]
  0x000001997de4f100 JavaThread "Compiler Source File Reader" daemon [_thread_blocked, id=23924, stack(0x00000089aee00000,0x00000089aef00000) (1024K)]
  0x000001997de4f790 JavaThread "Compiler Source File Reader" daemon [_thread_blocked, id=15932, stack(0x00000089aef00000,0x00000089af000000) (1024K)]
  0x000001997de4c9a0 JavaThread "Compiler Source File Reader" daemon [_thread_blocked, id=16308, stack(0x00000089af000000,0x00000089af100000) (1024K)]
  0x000001997de52580 JavaThread "Compiler Source File Reader" daemon [_thread_blocked, id=3724, stack(0x00000089af100000,0x00000089af200000) (1024K)]
  0x000001997de4d6c0 JavaThread "Compiler Processing Task"   daemon [_thread_blocked, id=19356, stack(0x00000089af200000,0x00000089af300000) (1024K)]
  0x000001997de511d0 JavaThread "Compiler Class File Writer" daemon [_thread_blocked, id=6140, stack(0x00000089af300000,0x00000089af400000) (1024K)]
  0x000001997de504b0 JavaThread "Compiler Class File Writer" daemon [_thread_blocked, id=13772, stack(0x00000089af400000,0x00000089af500000) (1024K)]
  0x000001997de51860 JavaThread "Compiler Class File Writer" daemon [_thread_blocked, id=18448, stack(0x00000089af500000,0x00000089af600000) (1024K)]
  0x000001997de4d030 JavaThread "Compiler Class File Writer" daemon [_thread_blocked, id=4772, stack(0x00000089af600000,0x00000089af700000) (1024K)]
  0x000001997de4c310 JavaThread "Compiler Class File Writer" daemon [_thread_blocked, id=15048, stack(0x00000089af700000,0x00000089af800000) (1024K)]
  0x000001997de4dd50 JavaThread "Compiler Class File Writer" daemon [_thread_blocked, id=21036, stack(0x00000089af800000,0x00000089af900000) (1024K)]
  0x000001997de4e3e0 JavaThread "Compiler Class File Writer" daemon [_thread_blocked, id=24324, stack(0x00000089af900000,0x00000089afa00000) (1024K)]
  0x000001997de51ef0 JavaThread "Compiler Class File Writer" daemon [_thread_blocked, id=4012, stack(0x00000089afa00000,0x00000089afb00000) (1024K)]
  0x000001997de52c10 JavaThread "Compiler Class File Writer" daemon [_thread_blocked, id=10704, stack(0x00000089afb00000,0x00000089afc00000) (1024K)]
  0x000001997de532a0 JavaThread "Compiler Class File Writer" daemon [_thread_blocked, id=24956, stack(0x00000089afc00000,0x00000089afd00000) (1024K)]
  0x000001997de53930 JavaThread "Compiler Class File Writer" daemon [_thread_blocked, id=23796, stack(0x00000089afd00000,0x00000089afe00000) (1024K)]
  0x000001997e6a43f0 JavaThread "Compiler Class File Writer" daemon [_thread_blocked, id=8444, stack(0x00000089afe00000,0x00000089aff00000) (1024K)]
  0x000001997e69e810 JavaThread "Compiler Class File Writer" daemon [_thread_blocked, id=25580, stack(0x00000089aff00000,0x00000089b0000000) (1024K)]
  0x000001997e6a2320 JavaThread "Compiler Class File Writer" daemon [_thread_blocked, id=24120, stack(0x00000089b0000000,0x00000089b0100000) (1024K)]
=>0x000001997d6b04c0 JavaThread "C2 CompilerThread1"         daemon [_thread_in_native, id=15256, stack(0x00000089ab400000,0x00000089ab500000) (1024K)]
Total: 94

Other Threads:
  0x000001996e110840 VMThread "VM Thread"                           [id=20720, stack(0x00000089a9700000,0x00000089a9800000) (1024K)]
  0x000001997333ca00 WatcherThread "VM Periodic Task Thread"        [id=17724, stack(0x00000089a9600000,0x00000089a9700000) (1024K)]
  0x000001996e0903f0 WorkerThread "GC Thread#0"                     [id=24040, stack(0x00000089a9500000,0x00000089a9600000) (1024K)]
  0x0000019976466e70 WorkerThread "GC Thread#1"                     [id=10500, stack(0x00000089aa400000,0x00000089aa500000) (1024K)]
  0x0000019976386f20 WorkerThread "GC Thread#2"                     [id=3324, stack(0x00000089aa500000,0x00000089aa600000) (1024K)]
  0x00000199763872c0 WorkerThread "GC Thread#3"                     [id=428, stack(0x00000089aa600000,0x00000089aa700000) (1024K)]
  0x000001997645f0f0 WorkerThread "GC Thread#4"                     [id=24024, stack(0x00000089aa700000,0x00000089aa800000) (1024K)]
  0x000001997645f490 WorkerThread "GC Thread#5"                     [id=24780, stack(0x00000089aa800000,0x00000089aa900000) (1024K)]
  0x000001997635ded0 WorkerThread "GC Thread#6"                     [id=24348, stack(0x00000089aa900000,0x00000089aaa00000) (1024K)]
  0x00000199768b1990 WorkerThread "GC Thread#7"                     [id=3040, stack(0x00000089aab00000,0x00000089aac00000) (1024K)]
  0x000001997b4bed50 WorkerThread "GC Thread#8"                     [id=23028, stack(0x00000089aaf00000,0x00000089ab000000) (1024K)]
  0x0000019976722530 WorkerThread "GC Thread#9"                     [id=2700, stack(0x00000089ab000000,0x00000089ab100000) (1024K)]
  0x00000199767228d0 WorkerThread "GC Thread#10"                    [id=13456, stack(0x00000089ab100000,0x00000089ab200000) (1024K)]
  0x0000019976723750 WorkerThread "GC Thread#11"                    [id=13756, stack(0x00000089ab500000,0x00000089ab600000) (1024K)]
  0x0000019976723010 WorkerThread "GC Thread#12"                    [id=1628, stack(0x00000089ab700000,0x00000089ab800000) (1024K)]
Total: 15

Threads with active compile tasks:
C2 CompilerThread0  10983 12239 %     4       sun.nio.fs.WindowsPathParser::normalize @ 18 (233 bytes)
C2 CompilerThread1  10983 5098   !   4       org.eclipse.osgi.internal.loader.classpath.ClasspathManager::findClassImpl (343 bytes)
Total: 2

VM state: not at safepoint (normal execution)

VM Mutex/Monitor currently owned by a thread: None

Heap address: 0x00000000c0000000, size: 1024 MB, Compressed Oops mode: 32-bit

CDS archive(s) mapped at: [0x000001990f000000-0x000001990fba0000-0x000001990fba0000), size 12189696, SharedBaseAddress: 0x000001990f000000, ArchiveRelocationMode: 1.
Compressed class space mapped at: 0x0000019910000000-0x0000019950000000, reserved size: 1073741824
Narrow klass base: 0x000001990f000000, Narrow klass shift: 0, Narrow klass range: 0x100000000

GC Precious Log:
 CardTable entry size: 512
 CPUs: 16 total, 16 available
 Memory: 7812M
 Large Page Support: Disabled
 NUMA Support: Disabled
 Compressed Oops: Enabled (32-bit)
 Alignments: Space 512K, Generation 512K, Heap 2M
 Heap Min Capacity: 100M
 Heap Initial Capacity: 100M
 Heap Max Capacity: 1G
 Pre-touch: Disabled
 Parallel Workers: 13

Heap:
 PSYoungGen      total 5120K, used 3001K [0x00000000eab00000, 0x00000000eb180000, 0x0000000100000000)
  eden space 4096K, 53% used [0x00000000eab00000,0x00000000ead215f8,0x00000000eaf00000)
  from space 1024K, 80% used [0x00000000eb080000,0x00000000eb14cfd0,0x00000000eb180000)
  to   space 1024K, 0% used [0x00000000eaf80000,0x00000000eaf80000,0x00000000eb080000)
 ParOldGen       total 333312K, used 314742K [0x00000000c0000000, 0x00000000d4580000, 0x00000000eab00000)
  object space 333312K, 94% used [0x00000000c0000000,0x00000000d335daf8,0x00000000d4580000)
 Metaspace       used 63516K, committed 65088K, reserved 1114112K
  class space    used 6469K, committed 7168K, reserved 1048576K

Card table byte_map: [0x000001996da10000,0x000001996dc20000] _byte_map_base: 0x000001996d410000

Marking Bits: (ParMarkBitMap*) 0x00007ff8230f31f0
 Begin Bits: [0x0000019971260000, 0x0000019972260000)
 End Bits:   [0x0000019972260000, 0x0000019973260000)

Polling page: 0x000001996c030000

Metaspace:

Usage:
  Non-class:     55.71 MB used.
      Class:      6.32 MB used.
       Both:     62.03 MB used.

Virtual space:
  Non-class space:       64.00 MB reserved,      56.56 MB ( 88%) committed,  1 nodes.
      Class space:        1.00 GB reserved,       7.00 MB ( <1%) committed,  1 nodes.
             Both:        1.06 GB reserved,      63.56 MB (  6%) committed. 

Chunk freelists:
   Non-Class:  7.17 MB
       Class:  9.00 MB
        Both:  16.17 MB

MaxMetaspaceSize: unlimited
CompressedClassSpaceSize: 1.00 GB
Initial GC threshold: 21.00 MB
Current GC threshold: 105.75 MB
CDS: on
 - commit_granule_bytes: 65536.
 - commit_granule_words: 8192.
 - virtual_space_node_default_size: 8388608.
 - enlarge_chunks_in_place: 1.
 - use_allocation_guard: 0.


Internal statistics:

num_allocs_failed_limit: 9.
num_arena_births: 1258.
num_arena_deaths: 22.
num_vsnodes_births: 2.
num_vsnodes_deaths: 0.
num_space_committed: 1017.
num_space_uncommitted: 0.
num_chunks_returned_to_freelist: 34.
num_chunks_taken_from_freelist: 4249.
num_chunk_merges: 16.
num_chunk_splits: 2614.
num_chunks_enlarged: 1491.
num_inconsistent_stats: 0.

CodeHeap 'non-profiled nmethods': size=119168Kb used=4321Kb max_used=4444Kb free=114847Kb
 bounds [0x0000019907ba0000, 0x0000019908000000, 0x000001990f000000]
CodeHeap 'profiled nmethods': size=119104Kb used=21547Kb max_used=24673Kb free=97556Kb
 bounds [0x0000019900000000, 0x0000019901820000, 0x0000019907450000]
CodeHeap 'non-nmethods': size=7488Kb used=2567Kb max_used=2643Kb free=4920Kb
 bounds [0x0000019907450000, 0x0000019907700000, 0x0000019907ba0000]
 total_blobs=11359 nmethods=10607 adapters=655
 compilation: enabled
              stopped_count=0, restarted_count=0
 full_count=0

Compilation events (20 events):
Event: 10.887 Thread 0x000001996e12b350 11603   !   4       org.eclipse.osgi.container.ModuleDatabase::getWiring (31 bytes)
Event: 10.897 Thread 0x000001996e12b350 nmethod 11603 0x0000019907d1af90 code [0x0000019907d1b220, 0x0000019907d1bc18]
Event: 10.897 Thread 0x000001996e12b350 4757   !   4       org.eclipse.osgi.internal.framework.EquinoxContainer::getServiceRegistry (17 bytes)
Event: 10.898 Thread 0x000001996e12b350 nmethod 4757 0x0000019907ca9990 code [0x0000019907ca9b20, 0x0000019907ca9d20]
Event: 10.898 Thread 0x000001996e12b350 5033       4       org.eclipse.osgi.storage.bundlefile.ZipBundleFile::getZipEntry (87 bytes)
Event: 10.907 Thread 0x000001996e12b350 nmethod 5033 0x0000019907d28e10 code [0x0000019907d290a0, 0x0000019907d29df0]
Event: 10.907 Thread 0x000001996e12b350 5771       4       java.util.stream.Sink::end (1 bytes)
Event: 10.907 Thread 0x000001996e12b350 nmethod 5771 0x0000019907bda090 code [0x0000019907bda220, 0x0000019907bda2a8]
Event: 10.908 Thread 0x000001996e12b350 4845       4       com.google.gson.internal.bind.TypeAdapters$15::read (6 bytes)
Event: 10.930 Thread 0x0000019974960e00 12225       1       java.nio.DirectByteBuffer::isReadOnly (2 bytes)
Event: 10.930 Thread 0x0000019974960e00 nmethod 12225 0x0000019907bfcb90 code [0x0000019907bfcd20, 0x0000019907bfcde8]
Event: 10.947 Thread 0x0000019974960e00 12226       2       org.eclipse.jdt.internal.core.JrtPackageFragmentRoot::equals (69 bytes)
Event: 10.947 Thread 0x000001997495de50 12227       2       org.eclipse.jdt.internal.core.PackageFragment::equals (56 bytes)
Event: 10.947 Thread 0x0000019974960060 12228       2       org.eclipse.jdt.internal.core.AbstractClassFile::equals (49 bytes)
Event: 10.947 Thread 0x0000019974960e00 nmethod 12226 0x00000199002f6d10 code [0x00000199002f6f00, 0x00000199002f7220]
Event: 10.947 Thread 0x000001997495de50 nmethod 12227 0x000001990038d610 code [0x000001990038d7e0, 0x000001990038da90]
Event: 10.948 Thread 0x0000019974960060 nmethod 12228 0x0000019900420a90 code [0x0000019900420c60, 0x0000019900420ee0]
Event: 10.948 Thread 0x0000019974960060 12229       2       org.eclipse.jdt.internal.compiler.util.JRTUtil::getClassfile (33 bytes)
Event: 10.948 Thread 0x0000019974960e00 12230       2       org.eclipse.jdt.internal.core.JavaProject$ModuleLookup::addTransitive (71 bytes)
Event: 10.948 Thread 0x0000019974960060 nmethod 12229 0x00000199007c4d90 code [0x00000199007c4f80, 0x00000199007c5250]

GC Heap History (20 events):
Event: 10.662 GC heap before
{Heap before GC invocations=207 (full 3):
 PSYoungGen      total 2048K, used 1058K [0x00000000eab00000, 0x00000000eaf80000, 0x0000000100000000)
  eden space 512K, 72% used [0x00000000eab00000,0x00000000eab5cb98,0x00000000eab80000)
  from space 1536K, 44% used [0x00000000ead00000,0x00000000eadabf18,0x00000000eae80000)
  to   space 1024K, 0% used [0x00000000eae80000,0x00000000eae80000,0x00000000eaf80000)
 ParOldGen       total 337920K, used 337486K [0x00000000c0000000, 0x00000000d4a00000, 0x00000000eab00000)
  object space 337920K, 99% used [0x00000000c0000000,0x00000000d4993af8,0x00000000d4a00000)
 Metaspace       used 63389K, committed 64960K, reserved 1114112K
  class space    used 6464K, committed 7168K, reserved 1048576K
}
Event: 10.663 GC heap after
{Heap after GC invocations=207 (full 3):
 PSYoungGen      total 1536K, used 535K [0x00000000eab00000, 0x00000000eaf80000, 0x0000000100000000)
  eden space 512K, 0% used [0x00000000eab00000,0x00000000eab00000,0x00000000eab80000)
  from space 1024K, 52% used [0x00000000eae80000,0x00000000eaf05e90,0x00000000eaf80000)
  to   space 1024K, 0% used [0x00000000ead80000,0x00000000ead80000,0x00000000eae80000)
 ParOldGen       total 338432K, used 338045K [0x00000000c0000000, 0x00000000d4a80000, 0x00000000eab00000)
  object space 338432K, 99% used [0x00000000c0000000,0x00000000d4a1f480,0x00000000d4a80000)
 Metaspace       used 63389K, committed 64960K, reserved 1114112K
  class space    used 6464K, committed 7168K, reserved 1048576K
}
Event: 10.668 GC heap before
{Heap before GC invocations=208 (full 3):
 PSYoungGen      total 1536K, used 1047K [0x00000000eab00000, 0x00000000eaf80000, 0x0000000100000000)
  eden space 512K, 100% used [0x00000000eab00000,0x00000000eab80000,0x00000000eab80000)
  from space 1024K, 52% used [0x00000000eae80000,0x00000000eaf05e90,0x00000000eaf80000)
  to   space 1024K, 0% used [0x00000000ead80000,0x00000000ead80000,0x00000000eae80000)
 ParOldGen       total 338432K, used 338045K [0x00000000c0000000, 0x00000000d4a80000, 0x00000000eab00000)
  object space 338432K, 99% used [0x00000000c0000000,0x00000000d4a1f480,0x00000000d4a80000)
 Metaspace       used 63389K, committed 64960K, reserved 1114112K
  class space    used 6464K, committed 7168K, reserved 1048576K
}
Event: 10.669 GC heap after
{Heap after GC invocations=208 (full 3):
 PSYoungGen      total 1536K, used 811K [0x00000000eab00000, 0x00000000eaf00000, 0x0000000100000000)
  eden space 512K, 0% used [0x00000000eab00000,0x00000000eab00000,0x00000000eab80000)
  from space 1024K, 79% used [0x00000000ead80000,0x00000000eae4af48,0x00000000eae80000)
  to   space 512K, 0% used [0x00000000eae80000,0x00000000eae80000,0x00000000eaf00000)
 ParOldGen       total 338944K, used 338459K [0x00000000c0000000, 0x00000000d4b00000, 0x00000000eab00000)
  object space 338944K, 99% used [0x00000000c0000000,0x00000000d4a86db8,0x00000000d4b00000)
 Metaspace       used 63389K, committed 64960K, reserved 1114112K
  class space    used 6464K, committed 7168K, reserved 1048576K
}
Event: 10.678 GC heap before
{Heap before GC invocations=209 (full 3):
 PSYoungGen      total 1536K, used 1323K [0x00000000eab00000, 0x00000000eaf00000, 0x0000000100000000)
  eden space 512K, 100% used [0x00000000eab00000,0x00000000eab80000,0x00000000eab80000)
  from space 1024K, 79% used [0x00000000ead80000,0x00000000eae4af48,0x00000000eae80000)
  to   space 512K, 0% used [0x00000000eae80000,0x00000000eae80000,0x00000000eaf00000)
 ParOldGen       total 338944K, used 338459K [0x00000000c0000000, 0x00000000d4b00000, 0x00000000eab00000)
  object space 338944K, 99% used [0x00000000c0000000,0x00000000d4a86db8,0x00000000d4b00000)
 Metaspace       used 63389K, committed 64960K, reserved 1114112K
  class space    used 6464K, committed 7168K, reserved 1048576K
}
Event: 10.679 GC heap after
{Heap after GC invocations=209 (full 3):
 PSYoungGen      total 1024K, used 512K [0x00000000eab00000, 0x00000000eaf00000, 0x0000000100000000)
  eden space 512K, 0% used [0x00000000eab00000,0x00000000eab00000,0x00000000eab80000)
  from space 512K, 100% used [0x00000000eae80000,0x00000000eaf00000,0x00000000eaf00000)
  to   space 1536K, 0% used [0x00000000eac00000,0x00000000eac00000,0x00000000ead80000)
 ParOldGen       total 339456K, used 339127K [0x00000000c0000000, 0x00000000d4b80000, 0x00000000eab00000)
  object space 339456K, 99% used [0x00000000c0000000,0x00000000d4b2dd00,0x00000000d4b80000)
 Metaspace       used 63389K, committed 64960K, reserved 1114112K
  class space    used 6464K, committed 7168K, reserved 1048576K
}
Event: 10.684 GC heap before
{Heap before GC invocations=210 (full 3):
 PSYoungGen      total 1024K, used 798K [0x00000000eab00000, 0x00000000eaf00000, 0x0000000100000000)
  eden space 512K, 56% used [0x00000000eab00000,0x00000000eab47b40,0x00000000eab80000)
  from space 512K, 100% used [0x00000000eae80000,0x00000000eaf00000,0x00000000eaf00000)
  to   space 1536K, 0% used [0x00000000eac00000,0x00000000eac00000,0x00000000ead80000)
 ParOldGen       total 340992K, used 340471K [0x00000000c0000000, 0x00000000d4d00000, 0x00000000eab00000)
  object space 340992K, 99% used [0x00000000c0000000,0x00000000d4c7dd00,0x00000000d4d00000)
 Metaspace       used 63389K, committed 64960K, reserved 1114112K
  class space    used 6464K, committed 7168K, reserved 1048576K
}
Event: 10.686 GC heap after
{Heap after GC invocations=210 (full 3):
 PSYoungGen      total 2048K, used 448K [0x00000000eab00000, 0x00000000eaf00000, 0x0000000100000000)
  eden space 512K, 0% used [0x00000000eab00000,0x00000000eab00000,0x00000000eab80000)
  from space 1536K, 29% used [0x00000000eac00000,0x00000000eac70000,0x00000000ead80000)
  to   space 1024K, 0% used [0x00000000eae00000,0x00000000eae00000,0x00000000eaf00000)
 ParOldGen       total 340992K, used 340919K [0x00000000c0000000, 0x00000000d4d00000, 0x00000000eab00000)
  object space 340992K, 99% used [0x00000000c0000000,0x00000000d4cedd00,0x00000000d4d00000)
 Metaspace       used 63389K, committed 64960K, reserved 1114112K
  class space    used 6464K, committed 7168K, reserved 1048576K
}
Event: 10.686 GC heap before
{Heap before GC invocations=211 (full 3):
 PSYoungGen      total 2048K, used 448K [0x00000000eab00000, 0x00000000eaf00000, 0x0000000100000000)
  eden space 512K, 0% used [0x00000000eab00000,0x00000000eab00000,0x00000000eab80000)
  from space 1536K, 29% used [0x00000000eac00000,0x00000000eac70000,0x00000000ead80000)
  to   space 1024K, 0% used [0x00000000eae00000,0x00000000eae00000,0x00000000eaf00000)
 ParOldGen       total 340992K, used 340919K [0x00000000c0000000, 0x00000000d4d00000, 0x00000000eab00000)
  object space 340992K, 99% used [0x00000000c0000000,0x00000000d4cedd00,0x00000000d4d00000)
 Metaspace       used 63389K, committed 64960K, reserved 1114112K
  class space    used 6464K, committed 7168K, reserved 1048576K
}
Event: 10.687 GC heap after
{Heap after GC invocations=211 (full 3):
 PSYoungGen      total 1536K, used 0K [0x00000000eab00000, 0x00000000eae80000, 0x0000000100000000)
  eden space 1024K, 0% used [0x00000000eab00000,0x00000000eab00000,0x00000000eac00000)
  from space 512K, 0% used [0x00000000eae00000,0x00000000eae00000,0x00000000eae80000)
  to   space 512K, 0% used [0x00000000ead80000,0x00000000ead80000,0x00000000eae00000)
 ParOldGen       total 341504K, used 341253K [0x00000000c0000000, 0x00000000d4d80000, 0x00000000eab00000)
  object space 341504K, 99% used [0x00000000c0000000,0x00000000d4d417a8,0x00000000d4d80000)
 Metaspace       used 63389K, committed 64960K, reserved 1114112K
  class space    used 6464K, committed 7168K, reserved 1048576K
}
Event: 10.687 GC heap before
{Heap before GC invocations=212 (full 4):
 PSYoungGen      total 1536K, used 0K [0x00000000eab00000, 0x00000000eae80000, 0x0000000100000000)
  eden space 1024K, 0% used [0x00000000eab00000,0x00000000eab00000,0x00000000eac00000)
  from space 512K, 0% used [0x00000000eae00000,0x00000000eae00000,0x00000000eae80000)
  to   space 512K, 0% used [0x00000000ead80000,0x00000000ead80000,0x00000000eae00000)
 ParOldGen       total 341504K, used 341253K [0x00000000c0000000, 0x00000000d4d80000, 0x00000000eab00000)
  object space 341504K, 99% used [0x00000000c0000000,0x00000000d4d417a8,0x00000000d4d80000)
 Metaspace       used 63389K, committed 64960K, reserved 1114112K
  class space    used 6464K, committed 7168K, reserved 1048576K
}
Event: 10.840 GC heap after
{Heap after GC invocations=212 (full 4):
 PSYoungGen      total 2048K, used 0K [0x00000000eab00000, 0x00000000eae80000, 0x0000000100000000)
  eden space 1536K, 0% used [0x00000000eab00000,0x00000000eab00000,0x00000000eac80000)
  from space 512K, 0% used [0x00000000ead80000,0x00000000ead80000,0x00000000eae00000)
  to   space 512K, 0% used [0x00000000eae00000,0x00000000eae00000,0x00000000eae80000)
 ParOldGen       total 333312K, used 303644K [0x00000000c0000000, 0x00000000d4580000, 0x00000000eab00000)
  object space 333312K, 91% used [0x00000000c0000000,0x00000000d2887130,0x00000000d4580000)
 Metaspace       used 63382K, committed 64960K, reserved 1114112K
  class space    used 6462K, committed 7168K, reserved 1048576K
}
Event: 10.865 GC heap before
{Heap before GC invocations=213 (full 4):
 PSYoungGen      total 2048K, used 1536K [0x00000000eab00000, 0x00000000eae80000, 0x0000000100000000)
  eden space 1536K, 100% used [0x00000000eab00000,0x00000000eac80000,0x00000000eac80000)
  from space 512K, 0% used [0x00000000ead80000,0x00000000ead80000,0x00000000eae00000)
  to   space 512K, 0% used [0x00000000eae00000,0x00000000eae00000,0x00000000eae80000)
 ParOldGen       total 333312K, used 303644K [0x00000000c0000000, 0x00000000d4580000, 0x00000000eab00000)
  object space 333312K, 91% used [0x00000000c0000000,0x00000000d2887130,0x00000000d4580000)
 Metaspace       used 63382K, committed 64960K, reserved 1114112K
  class space    used 6462K, committed 7168K, reserved 1048576K
}
Event: 10.868 GC heap after
{Heap after GC invocations=213 (full 4):
 PSYoungGen      total 2560K, used 416K [0x00000000eab00000, 0x00000000eae80000, 0x0000000100000000)
  eden space 2048K, 0% used [0x00000000eab00000,0x00000000eab00000,0x00000000ead00000)
  from space 512K, 81% used [0x00000000eae00000,0x00000000eae68000,0x00000000eae80000)
  to   space 512K, 0% used [0x00000000ead80000,0x00000000ead80000,0x00000000eae00000)
 ParOldGen       total 333312K, used 306332K [0x00000000c0000000, 0x00000000d4580000, 0x00000000eab00000)
  object space 333312K, 91% used [0x00000000c0000000,0x00000000d2b27130,0x00000000d4580000)
 Metaspace       used 63382K, committed 64960K, reserved 1114112K
  class space    used 6462K, committed 7168K, reserved 1048576K
}
Event: 10.893 GC heap before
{Heap before GC invocations=214 (full 4):
 PSYoungGen      total 2560K, used 2464K [0x00000000eab00000, 0x00000000eae80000, 0x0000000100000000)
  eden space 2048K, 100% used [0x00000000eab00000,0x00000000ead00000,0x00000000ead00000)
  from space 512K, 81% used [0x00000000eae00000,0x00000000eae68000,0x00000000eae80000)
  to   space 512K, 0% used [0x00000000ead80000,0x00000000ead80000,0x00000000eae00000)
 ParOldGen       total 333312K, used 306332K [0x00000000c0000000, 0x00000000d4580000, 0x00000000eab00000)
  object space 333312K, 91% used [0x00000000c0000000,0x00000000d2b27130,0x00000000d4580000)
 Metaspace       used 63382K, committed 64960K, reserved 1114112K
  class space    used 6462K, committed 7168K, reserved 1048576K
}
Event: 10.895 GC heap after
{Heap after GC invocations=214 (full 4):
 PSYoungGen      total 3072K, used 487K [0x00000000eab00000, 0x00000000eb380000, 0x0000000100000000)
  eden space 2560K, 0% used [0x00000000eab00000,0x00000000eab00000,0x00000000ead80000)
  from space 512K, 95% used [0x00000000ead80000,0x00000000eadf9fa0,0x00000000eae00000)
  to   space 3072K, 0% used [0x00000000eb080000,0x00000000eb080000,0x00000000eb380000)
 ParOldGen       total 333312K, used 308108K [0x00000000c0000000, 0x00000000d4580000, 0x00000000eab00000)
  object space 333312K, 92% used [0x00000000c0000000,0x00000000d2ce3000,0x00000000d4580000)
 Metaspace       used 63382K, committed 64960K, reserved 1114112K
  class space    used 6462K, committed 7168K, reserved 1048576K
}
Event: 10.933 GC heap before
{Heap before GC invocations=215 (full 4):
 PSYoungGen      total 3072K, used 3047K [0x00000000eab00000, 0x00000000eb380000, 0x0000000100000000)
  eden space 2560K, 100% used [0x00000000eab00000,0x00000000ead80000,0x00000000ead80000)
  from space 512K, 95% used [0x00000000ead80000,0x00000000eadf9fa0,0x00000000eae00000)
  to   space 3072K, 0% used [0x00000000eb080000,0x00000000eb080000,0x00000000eb380000)
 ParOldGen       total 333312K, used 308108K [0x00000000c0000000, 0x00000000d4580000, 0x00000000eab00000)
  object space 333312K, 92% used [0x00000000c0000000,0x00000000d2ce3000,0x00000000d4580000)
 Metaspace       used 63403K, committed 64960K, reserved 1114112K
  class space    used 6463K, committed 7168K, reserved 1048576K
}
Event: 10.936 GC heap after
{Heap after GC invocations=215 (full 4):
 PSYoungGen      total 5632K, used 2599K [0x00000000eab00000, 0x00000000eb400000, 0x0000000100000000)
  eden space 2560K, 0% used [0x00000000eab00000,0x00000000eab00000,0x00000000ead80000)
  from space 3072K, 84% used [0x00000000eb080000,0x00000000eb309d80,0x00000000eb380000)
  to   space 3072K, 0% used [0x00000000ead80000,0x00000000ead80000,0x00000000eb080000)
 ParOldGen       total 333312K, used 308623K [0x00000000c0000000, 0x00000000d4580000, 0x00000000eab00000)
  object space 333312K, 92% used [0x00000000c0000000,0x00000000d2d63f70,0x00000000d4580000)
 Metaspace       used 63403K, committed 64960K, reserved 1114112K
  class space    used 6463K, committed 7168K, reserved 1048576K
}
Event: 10.948 GC heap before
{Heap before GC invocations=216 (full 4):
 PSYoungGen      total 5632K, used 5159K [0x00000000eab00000, 0x00000000eb400000, 0x0000000100000000)
  eden space 2560K, 100% used [0x00000000eab00000,0x00000000ead80000,0x00000000ead80000)
  from space 3072K, 84% used [0x00000000eb080000,0x00000000eb309d80,0x00000000eb380000)
  to   space 3072K, 0% used [0x00000000ead80000,0x00000000ead80000,0x00000000eb080000)
 ParOldGen       total 333312K, used 308623K [0x00000000c0000000, 0x00000000d4580000, 0x00000000eab00000)
  object space 333312K, 92% used [0x00000000c0000000,0x00000000d2d63f70,0x00000000d4580000)
 Metaspace       used 63492K, committed 65024K, reserved 1114112K
  class space    used 6468K, committed 7168K, reserved 1048576K
}
Event: 10.951 GC heap after
{Heap after GC invocations=216 (full 4):
 PSYoungGen      total 5632K, used 1843K [0x00000000eab00000, 0x00000000eb300000, 0x0000000100000000)
  eden space 2560K, 0% used [0x00000000eab00000,0x00000000eab00000,0x00000000ead80000)
  from space 3072K, 60% used [0x00000000ead80000,0x00000000eaf4cff0,0x00000000eb080000)
  to   space 2560K, 0% used [0x00000000eb080000,0x00000000eb080000,0x00000000eb300000)
 ParOldGen       total 333312K, used 311115K [0x00000000c0000000, 0x00000000d4580000, 0x00000000eab00000)
  object space 333312K, 93% used [0x00000000c0000000,0x00000000d2fd2c78,0x00000000d4580000)
 Metaspace       used 63492K, committed 65024K, reserved 1114112K
  class space    used 6468K, committed 7168K, reserved 1048576K
}

Dll operation events (10 events):
Event: 0.007 Loaded shared library c:\Users\ADMIN\.vscode\extensions\redhat.java-1.42.0-win32-x64\jre\21.0.7-win32-x86_64\bin\java.dll
Event: 0.067 Loaded shared library c:\Users\ADMIN\.vscode\extensions\redhat.java-1.42.0-win32-x64\jre\21.0.7-win32-x86_64\bin\zip.dll
Event: 0.088 Loaded shared library C:\Users\ADMIN\.vscode\extensions\redhat.java-1.42.0-win32-x64\jre\21.0.7-win32-x86_64\bin\instrument.dll
Event: 0.092 Loaded shared library C:\Users\ADMIN\.vscode\extensions\redhat.java-1.42.0-win32-x64\jre\21.0.7-win32-x86_64\bin\net.dll
Event: 0.094 Loaded shared library C:\Users\ADMIN\.vscode\extensions\redhat.java-1.42.0-win32-x64\jre\21.0.7-win32-x86_64\bin\nio.dll
Event: 0.098 Loaded shared library C:\Users\ADMIN\.vscode\extensions\redhat.java-1.42.0-win32-x64\jre\21.0.7-win32-x86_64\bin\zip.dll
Event: 0.155 Loaded shared library C:\Users\ADMIN\.vscode\extensions\redhat.java-1.42.0-win32-x64\jre\21.0.7-win32-x86_64\bin\jimage.dll
Event: 0.236 Loaded shared library c:\Users\ADMIN\.vscode\extensions\redhat.java-1.42.0-win32-x64\jre\21.0.7-win32-x86_64\bin\verify.dll
Event: 1.422 Loaded shared library C:\Users\ADMIN\AppData\Roaming\Code\User\globalStorage\redhat.java\1.42.0\config_win\org.eclipse.equinox.launcher\org.eclipse.equinox.launcher.win32.win32.x86_64_1.2.1300.v20250331-1702\eclipse_11911.dll
Event: 2.550 Loaded shared library C:\Users\ADMIN\AppData\Local\Temp\jna-62130991\jna14362149289053739806.dll

Deoptimization events (20 events):
Event: 10.501 Thread 0x000001997b89b190 DEOPT PACKING pc=0x0000019901817bcb sp=0x00000089abbfedf0
Event: 10.501 Thread 0x000001997b89b190 DEOPT UNPACKING pc=0x00000199074a4242 sp=0x00000089abbfe2b8 mode 0
Event: 10.502 Thread 0x000001997b89b190 DEOPT PACKING pc=0x0000019901817bcb sp=0x00000089abbfedf0
Event: 10.502 Thread 0x000001997b89b190 DEOPT UNPACKING pc=0x00000199074a4242 sp=0x00000089abbfe2b8 mode 0
Event: 10.502 Thread 0x000001997b89b190 DEOPT PACKING pc=0x0000019901817bcb sp=0x00000089abbfedf0
Event: 10.502 Thread 0x000001997b89b190 DEOPT UNPACKING pc=0x00000199074a4242 sp=0x00000089abbfe2b8 mode 0
Event: 10.503 Thread 0x000001997b89b190 DEOPT PACKING pc=0x0000019901817bcb sp=0x00000089abbfedf0
Event: 10.503 Thread 0x000001997b89b190 DEOPT UNPACKING pc=0x00000199074a4242 sp=0x00000089abbfe2b8 mode 0
Event: 10.504 Thread 0x000001997b89b190 DEOPT PACKING pc=0x0000019901817bcb sp=0x00000089abbfedf0
Event: 10.504 Thread 0x000001997b89b190 DEOPT UNPACKING pc=0x00000199074a4242 sp=0x00000089abbfe2b8 mode 0
Event: 10.504 Thread 0x000001997b89b190 DEOPT PACKING pc=0x0000019901817bcb sp=0x00000089abbfedf0
Event: 10.504 Thread 0x000001997b89b190 DEOPT UNPACKING pc=0x00000199074a4242 sp=0x00000089abbfe2b8 mode 0
Event: 10.506 Thread 0x000001997b89b190 DEOPT PACKING pc=0x0000019901817bcb sp=0x00000089abbfedf0
Event: 10.506 Thread 0x000001997b89b190 DEOPT UNPACKING pc=0x00000199074a4242 sp=0x00000089abbfe2b8 mode 0
Event: 10.507 Thread 0x000001997b89b190 DEOPT PACKING pc=0x0000019901817bcb sp=0x00000089abbfedf0
Event: 10.507 Thread 0x000001997b89b190 DEOPT UNPACKING pc=0x00000199074a4242 sp=0x00000089abbfe2b8 mode 0
Event: 10.508 Thread 0x000001997b89b190 DEOPT PACKING pc=0x0000019901817bcb sp=0x00000089abbfedf0
Event: 10.508 Thread 0x000001997b89b190 DEOPT UNPACKING pc=0x00000199074a4242 sp=0x00000089abbfe2b8 mode 0
Event: 10.508 Thread 0x000001997b89b190 DEOPT PACKING pc=0x0000019901817bcb sp=0x00000089abbfedf0
Event: 10.508 Thread 0x000001997b89b190 DEOPT UNPACKING pc=0x00000199074a4242 sp=0x00000089abbfe2b8 mode 0

Classes loaded (20 events):
Event: 8.981 Loading class sun/nio/fs/Globs
Event: 8.982 Loading class sun/nio/fs/Globs done
Event: 8.982 Loading class java/util/regex/Pattern$SliceU
Event: 8.982 Loading class java/util/regex/Pattern$SliceU done
Event: 8.982 Loading class sun/nio/fs/WindowsFileSystem$2
Event: 8.982 Loading class java/nio/file/PathMatcher
Event: 8.982 Loading class java/nio/file/PathMatcher done
Event: 8.982 Loading class sun/nio/fs/WindowsFileSystem$2 done
Event: 9.184 Loading class java/nio/file/FileSystemLoopException
Event: 9.184 Loading class java/nio/file/FileSystemLoopException done
Event: 9.636 Loading class java/util/Collections$SynchronizedRandomAccessList
Event: 9.636 Loading class java/util/Collections$SynchronizedList
Event: 9.636 Loading class java/util/Collections$SynchronizedList done
Event: 9.636 Loading class java/util/Collections$SynchronizedRandomAccessList done
Event: 9.653 Loading class java/util/concurrent/CompletableFuture$Signaller
Event: 9.653 Loading class java/util/concurrent/CompletableFuture$Signaller done
Event: 9.667 Loading class java/nio/charset/CharacterCodingException
Event: 9.667 Loading class java/nio/charset/CharacterCodingException done
Event: 9.667 Loading class java/io/SequenceInputStream
Event: 9.667 Loading class java/io/SequenceInputStream done

Classes unloaded (11 events):
Event: 3.019 Thread 0x000001996e110840 Unloading class 0x000001991019d400 'java/lang/invoke/LambdaForm$MH+0x000001991019d400'
Event: 3.019 Thread 0x000001996e110840 Unloading class 0x000001991019d000 'java/lang/invoke/LambdaForm$MH+0x000001991019d000'
Event: 3.019 Thread 0x000001996e110840 Unloading class 0x000001991019cc00 'java/lang/invoke/LambdaForm$MH+0x000001991019cc00'
Event: 3.019 Thread 0x000001996e110840 Unloading class 0x000001991019c800 'java/lang/invoke/LambdaForm$MH+0x000001991019c800'
Event: 3.019 Thread 0x000001996e110840 Unloading class 0x000001991019c400 'java/lang/invoke/LambdaForm$BMH+0x000001991019c400'
Event: 3.019 Thread 0x000001996e110840 Unloading class 0x000001991019c000 'java/lang/invoke/LambdaForm$DMH+0x000001991019c000'
Event: 3.019 Thread 0x000001996e110840 Unloading class 0x000001991019ac00 'java/lang/invoke/LambdaForm$DMH+0x000001991019ac00'
Event: 10.715 Thread 0x000001996e110840 Unloading class 0x0000019910679400 'java/lang/invoke/LambdaForm$DMH+0x0000019910679400'
Event: 10.715 Thread 0x000001996e110840 Unloading class 0x0000019910679000 'java/lang/invoke/LambdaForm$DMH+0x0000019910679000'
Event: 10.715 Thread 0x000001996e110840 Unloading class 0x0000019910678c00 'java/lang/invoke/LambdaForm$DMH+0x0000019910678c00'
Event: 10.715 Thread 0x000001996e110840 Unloading class 0x0000019910678800 'java/lang/invoke/LambdaForm$DMH+0x0000019910678800'

Classes redefined (0 events):
No events

Internal exceptions (20 events):
Event: 9.559 Thread 0x000001997b89beb0 Exception <a 'sun/nio/fs/WindowsException'{0x00000000eac64348}> (0x00000000eac64348) 
thrown [s\src\hotspot\share\prims\jni.cpp, line 520]
Event: 9.560 Thread 0x000001997b89beb0 Exception <a 'sun/nio/fs/WindowsException'{0x00000000eac85da0}> (0x00000000eac85da0) 
thrown [s\src\hotspot\share\prims\jni.cpp, line 520]
Event: 9.560 Thread 0x000001997b89beb0 Exception <a 'sun/nio/fs/WindowsException'{0x00000000eaca1938}> (0x00000000eaca1938) 
thrown [s\src\hotspot\share\prims\jni.cpp, line 520]
Event: 9.561 Thread 0x000001997b89beb0 Exception <a 'sun/nio/fs/WindowsException'{0x00000000eacbf0a0}> (0x00000000eacbf0a0) 
thrown [s\src\hotspot\share\prims\jni.cpp, line 520]
Event: 9.561 Thread 0x000001997b89beb0 Exception <a 'sun/nio/fs/WindowsException'{0x00000000eacc4048}> (0x00000000eacc4048) 
thrown [s\src\hotspot\share\prims\jni.cpp, line 520]
Event: 9.561 Thread 0x000001997b89beb0 Exception <a 'sun/nio/fs/WindowsException'{0x00000000eacdf3f0}> (0x00000000eacdf3f0) 
thrown [s\src\hotspot\share\prims\jni.cpp, line 520]
Event: 9.562 Thread 0x000001997b89beb0 Exception <a 'sun/nio/fs/WindowsException'{0x00000000eacfcdb0}> (0x00000000eacfcdb0) 
thrown [s\src\hotspot\share\prims\jni.cpp, line 520]
Event: 9.562 Thread 0x000001997b89beb0 Exception <a 'sun/nio/fs/WindowsException'{0x00000000ead22050}> (0x00000000ead22050) 
thrown [s\src\hotspot\share\prims\jni.cpp, line 520]
Event: 9.562 Thread 0x000001997b89beb0 Exception <a 'sun/nio/fs/WindowsException'{0x00000000ead28ca0}> (0x00000000ead28ca0) 
thrown [s\src\hotspot\share\prims\jni.cpp, line 520]
Event: 9.684 Thread 0x000001997cc9f340 Exception <a 'java/io/FileNotFoundException'{0x00000000eae43cb0}> (0x00000000eae43cb0) 
thrown [s\src\hotspot\share\prims\jni.cpp, line 520]
Event: 9.684 Thread 0x000001997cc9f340 Exception <a 'java/io/FileNotFoundException'{0x00000000eae44cc8}> (0x00000000eae44cc8) 
thrown [s\src\hotspot\share\prims\jni.cpp, line 520]
Event: 9.923 Thread 0x000001997cc9f340 Exception <a 'sun/nio/fs/WindowsException'{0x00000000eae49e58}> (0x00000000eae49e58) 
thrown [s\src\hotspot\share\prims\jni.cpp, line 520]
Event: 9.923 Thread 0x000001997cc9f340 Exception <a 'sun/nio/fs/WindowsException'{0x00000000eae4a488}> (0x00000000eae4a488) 
thrown [s\src\hotspot\share\prims\jni.cpp, line 520]
Event: 9.924 Thread 0x000001997cc9f340 Exception <a 'sun/nio/fs/WindowsException'{0x00000000eaea2098}> (0x00000000eaea2098) 
thrown [s\src\hotspot\share\prims\jni.cpp, line 520]
Event: 9.924 Thread 0x000001997cc9f340 Exception <a 'sun/nio/fs/WindowsException'{0x00000000eaea26c8}> (0x00000000eaea26c8) 
thrown [s\src\hotspot\share\prims\jni.cpp, line 520]
Event: 9.924 Thread 0x000001997cc9f340 Exception <a 'sun/nio/fs/WindowsException'{0x00000000eaea36b8}> (0x00000000eaea36b8) 
thrown [s\src\hotspot\share\prims\jni.cpp, line 520]
Event: 9.924 Thread 0x000001997cc9f340 Exception <a 'sun/nio/fs/WindowsException'{0x00000000eaea3ce8}> (0x00000000eaea3ce8) 
thrown [s\src\hotspot\share\prims\jni.cpp, line 520]
Event: 9.924 Thread 0x000001997cc9f340 Exception <a 'sun/nio/fs/WindowsException'{0x00000000eaefbb40}> (0x00000000eaefbb40) 
thrown [s\src\hotspot\share\prims\jni.cpp, line 520]
Event: 9.924 Thread 0x000001997cc9f340 Exception <a 'sun/nio/fs/WindowsException'{0x00000000eaefc170}> (0x00000000eaefc170) 
thrown [s\src\hotspot\share\prims\jni.cpp, line 520]
Event: 10.321 Thread 0x000001997b89beb0 Exception <a 'java/lang/NoSuchMethodError'{0x00000000eadfc328}: 'java.lang.Object java.lang.invoke.DirectMethodHandle$Holder.invokeSpecial(java.lang.Object, java.lang.Object, int, long)'> (0x00000000eadfc328) 
thrown [s\src\hotspot\share\interpreter\linkResolver.cpp, line 773]

ZGC Phase Switch (0 events):
No events

VM Operations (20 events):
Event: 10.652 Executing VM operation: ParallelGCFailedAllocation (Allocation Failure)
Event: 10.654 Executing VM operation: ParallelGCFailedAllocation (Allocation Failure) done
Event: 10.662 Executing VM operation: ParallelGCFailedAllocation (Allocation Failure)
Event: 10.663 Executing VM operation: ParallelGCFailedAllocation (Allocation Failure) done
Event: 10.668 Executing VM operation: ParallelGCFailedAllocation (Allocation Failure)
Event: 10.669 Executing VM operation: ParallelGCFailedAllocation (Allocation Failure) done
Event: 10.678 Executing VM operation: ParallelGCFailedAllocation (Allocation Failure)
Event: 10.679 Executing VM operation: ParallelGCFailedAllocation (Allocation Failure) done
Event: 10.684 Executing VM operation: ParallelGCFailedAllocation (Allocation Failure)
Event: 10.840 Executing VM operation: ParallelGCFailedAllocation (Allocation Failure) done
Event: 10.865 Executing VM operation: ParallelGCFailedAllocation (Allocation Failure)
Event: 10.868 Executing VM operation: ParallelGCFailedAllocation (Allocation Failure) done
Event: 10.893 Executing VM operation: ParallelGCFailedAllocation (Allocation Failure)
Event: 10.895 Executing VM operation: ParallelGCFailedAllocation (Allocation Failure) done
Event: 10.933 Executing VM operation: ParallelGCFailedAllocation (Allocation Failure)
Event: 10.936 Executing VM operation: ParallelGCFailedAllocation (Allocation Failure) done
Event: 10.945 Executing VM operation: HandshakeAllThreads (Deoptimize)
Event: 10.945 Executing VM operation: HandshakeAllThreads (Deoptimize) done
Event: 10.948 Executing VM operation: ParallelGCFailedAllocation (Allocation Failure)
Event: 10.951 Executing VM operation: ParallelGCFailedAllocation (Allocation Failure) done

Memory protections (0 events):
No events

Nmethod flushes (20 events):
Event: 10.736 Thread 0x000001996e110840 flushing  nmethod 0x00000199013adc10
Event: 10.736 Thread 0x000001996e110840 flushing  nmethod 0x00000199013ae690
Event: 10.736 Thread 0x000001996e110840 flushing  nmethod 0x00000199013aee90
Event: 10.736 Thread 0x000001996e110840 flushing  nmethod 0x00000199013afb90
Event: 10.736 Thread 0x000001996e110840 flushing  nmethod 0x00000199013b1090
Event: 10.736 Thread 0x000001996e110840 flushing  nmethod 0x00000199013b2290
Event: 10.736 Thread 0x000001996e110840 flushing  nmethod 0x00000199013b2610
Event: 10.736 Thread 0x000001996e110840 flushing  nmethod 0x00000199013b6490
Event: 10.736 Thread 0x000001996e110840 flushing  nmethod 0x00000199013bd110
Event: 10.736 Thread 0x000001996e110840 flushing  nmethod 0x00000199013be890
Event: 10.736 Thread 0x000001996e110840 flushing  nmethod 0x00000199013c2310
Event: 10.736 Thread 0x000001996e110840 flushing  nmethod 0x00000199013c4b10
Event: 10.736 Thread 0x000001996e110840 flushing  nmethod 0x00000199013c5590
Event: 10.736 Thread 0x000001996e110840 flushing  nmethod 0x00000199013c6390
Event: 10.736 Thread 0x000001996e110840 flushing  nmethod 0x00000199013cd910
Event: 10.736 Thread 0x000001996e110840 flushing  nmethod 0x00000199013d2e90
Event: 10.736 Thread 0x000001996e110840 flushing  nmethod 0x00000199013d3610
Event: 10.736 Thread 0x000001996e110840 flushing  nmethod 0x00000199013daa10
Event: 10.736 Thread 0x000001996e110840 flushing  nmethod 0x00000199013e1c90
Event: 10.736 Thread 0x000001996e110840 flushing  nmethod 0x0000019901404910

Events (20 events):
Event: 8.200 Thread 0x000001997b896ff0 Thread added: 0x000001997e6a29b0
Event: 8.200 Thread 0x000001997b896ff0 Thread added: 0x000001997e6a0f70
Event: 8.200 Thread 0x000001997b896ff0 Thread added: 0x000001997e6a1600
Event: 8.200 Thread 0x000001997b896ff0 Thread added: 0x000001997e69d460
Event: 8.453 Thread 0x000001997e6a1c90 Thread exited: 0x000001997e6a1c90
Event: 8.454 Thread 0x000001997e6a29b0 Thread exited: 0x000001997e6a29b0
Event: 8.454 Thread 0x000001997e6a0f70 Thread exited: 0x000001997e6a0f70
Event: 8.454 Thread 0x000001997e69d460 Thread exited: 0x000001997e69d460
Event: 8.454 Thread 0x000001997e6a1600 Thread exited: 0x000001997e6a1600
Event: 8.688 Thread 0x000001997b896ff0 Thread added: 0x000001997e69daf0
Event: 8.688 Thread 0x000001997b896ff0 Thread added: 0x000001997e69e180
Event: 8.688 Thread 0x000001997b896ff0 Thread added: 0x000001997e6a08e0
Event: 8.688 Thread 0x000001997b896ff0 Thread added: 0x000001997e6a0f70
Event: 8.689 Thread 0x000001997b896ff0 Thread added: 0x000001997e69d460
Event: 8.719 Thread 0x000001997e6a08e0 Thread exited: 0x000001997e6a08e0
Event: 8.719 Thread 0x000001997e6a0f70 Thread exited: 0x000001997e6a0f70
Event: 8.719 Thread 0x000001997e69d460 Thread exited: 0x000001997e69d460
Event: 8.719 Thread 0x000001997e69daf0 Thread exited: 0x000001997e69daf0
Event: 8.719 Thread 0x000001997e69e180 Thread exited: 0x000001997e69e180
Event: 9.305 Thread 0x0000019974960e00 Thread added: 0x000001997d6b04c0


Dynamic libraries:
0x00007ff77f280000 - 0x00007ff77f28e000 	c:\Users\ADMIN\.vscode\extensions\redhat.java-1.42.0-win32-x64\jre\21.0.7-win32-x86_64\bin\java.exe
0x00007ff8e5b70000 - 0x00007ff8e5d87000 	C:\WINDOWS\SYSTEM32\ntdll.dll
0x00007ff8e4230000 - 0x00007ff8e42f4000 	C:\WINDOWS\System32\KERNEL32.DLL
0x00007ff8e31c0000 - 0x00007ff8e3592000 	C:\WINDOWS\System32\KERNELBASE.dll
0x00007ff8e3620000 - 0x00007ff8e3731000 	C:\WINDOWS\System32\ucrtbase.dll
0x00007ff8cbc00000 - 0x00007ff8cbc18000 	c:\Users\ADMIN\.vscode\extensions\redhat.java-1.42.0-win32-x64\jre\21.0.7-win32-x86_64\bin\jli.dll
0x00007ff8cbbe0000 - 0x00007ff8cbbfe000 	c:\Users\ADMIN\.vscode\extensions\redhat.java-1.42.0-win32-x64\jre\21.0.7-win32-x86_64\bin\VCRUNTIME140.dll
0x00007ff8e51a0000 - 0x00007ff8e5351000 	C:\WINDOWS\System32\USER32.dll
0x00007ff8db550000 - 0x00007ff8db7eb000 	C:\WINDOWS\WinSxS\amd64_microsoft.windows.common-controls_6595b64144ccf1df_6.0.22621.5415_none_270d77d17387d7da\COMCTL32.dll
0x00007ff8e2f80000 - 0x00007ff8e2fa6000 	C:\WINDOWS\System32\win32u.dll
0x00007ff8e5440000 - 0x00007ff8e54e7000 	C:\WINDOWS\System32\msvcrt.dll
0x00007ff8e4310000 - 0x00007ff8e4339000 	C:\WINDOWS\System32\GDI32.dll
0x00007ff8e2c60000 - 0x00007ff8e2d83000 	C:\WINDOWS\System32\gdi32full.dll
0x00007ff8e3120000 - 0x00007ff8e31ba000 	C:\WINDOWS\System32\msvcp_win.dll
0x00007ff8e3c70000 - 0x00007ff8e3ca1000 	C:\WINDOWS\System32\IMM32.DLL
0x00007ff8dc6e0000 - 0x00007ff8dc6ec000 	c:\Users\ADMIN\.vscode\extensions\redhat.java-1.42.0-win32-x64\jre\21.0.7-win32-x86_64\bin\vcruntime140_1.dll
0x00007ff8cbb50000 - 0x00007ff8cbbdd000 	c:\Users\ADMIN\.vscode\extensions\redhat.java-1.42.0-win32-x64\jre\21.0.7-win32-x86_64\bin\msvcp140.dll
0x00007ff822440000 - 0x00007ff8231d0000 	c:\Users\ADMIN\.vscode\extensions\redhat.java-1.42.0-win32-x64\jre\21.0.7-win32-x86_64\bin\server\jvm.dll
0x00007ff8e3b00000 - 0x00007ff8e3bb1000 	C:\WINDOWS\System32\ADVAPI32.dll
0x00007ff8e39c0000 - 0x00007ff8e3a68000 	C:\WINDOWS\System32\sechost.dll
0x00007ff8e2fb0000 - 0x00007ff8e2fd8000 	C:\WINDOWS\System32\bcrypt.dll
0x00007ff8e47d0000 - 0x00007ff8e48e4000 	C:\WINDOWS\System32\RPCRT4.dll
0x00007ff8e5360000 - 0x00007ff8e53d1000 	C:\WINDOWS\System32\WS2_32.dll
0x00007ff8e1b00000 - 0x00007ff8e1b4d000 	C:\WINDOWS\SYSTEM32\POWRPROF.dll
0x00007ff8db8b0000 - 0x00007ff8db8e4000 	C:\WINDOWS\SYSTEM32\WINMM.dll
0x00007ff8db320000 - 0x00007ff8db32a000 	C:\WINDOWS\SYSTEM32\VERSION.dll
0x00007ff8e1ac0000 - 0x00007ff8e1ad3000 	C:\WINDOWS\SYSTEM32\UMPDC.dll
0x00007ff8e1d80000 - 0x00007ff8e1d98000 	C:\WINDOWS\SYSTEM32\kernel.appcore.dll
0x00007ff8db300000 - 0x00007ff8db30a000 	c:\Users\ADMIN\.vscode\extensions\redhat.java-1.42.0-win32-x64\jre\21.0.7-win32-x86_64\bin\jimage.dll
0x00007ff8e0090000 - 0x00007ff8e02c3000 	C:\WINDOWS\SYSTEM32\DBGHELP.DLL
0x00007ff8e3cc0000 - 0x00007ff8e4053000 	C:\WINDOWS\System32\combase.dll
0x00007ff8e58d0000 - 0x00007ff8e59a7000 	C:\WINDOWS\System32\OLEAUT32.dll
0x00007ff8d9580000 - 0x00007ff8d95b2000 	C:\WINDOWS\SYSTEM32\dbgcore.DLL
0x00007ff8e35a0000 - 0x00007ff8e361b000 	C:\WINDOWS\System32\bcryptPrimitives.dll
0x00007ff8d3f30000 - 0x00007ff8d3f3f000 	c:\Users\ADMIN\.vscode\extensions\redhat.java-1.42.0-win32-x64\jre\21.0.7-win32-x86_64\bin\instrument.dll
0x00007ff8cbb30000 - 0x00007ff8cbb4f000 	c:\Users\ADMIN\.vscode\extensions\redhat.java-1.42.0-win32-x64\jre\21.0.7-win32-x86_64\bin\java.dll
0x00007ff8e48f0000 - 0x00007ff8e5192000 	C:\WINDOWS\System32\SHELL32.dll
0x00007ff8e2fe0000 - 0x00007ff8e311f000 	C:\WINDOWS\System32\wintypes.dll
0x00007ff8e0ba0000 - 0x00007ff8e14be000 	C:\WINDOWS\SYSTEM32\windows.storage.dll
0x00007ff8e59b0000 - 0x00007ff8e5abb000 	C:\WINDOWS\System32\SHCORE.dll
0x00007ff8e5ac0000 - 0x00007ff8e5b29000 	C:\WINDOWS\System32\shlwapi.dll
0x00007ff8e2b90000 - 0x00007ff8e2bbb000 	C:\WINDOWS\SYSTEM32\profapi.dll
0x00007ff8b4ea0000 - 0x00007ff8b4eb8000 	c:\Users\ADMIN\.vscode\extensions\redhat.java-1.42.0-win32-x64\jre\21.0.7-win32-x86_64\bin\zip.dll
0x00007ff8cc230000 - 0x00007ff8cc240000 	C:\Users\ADMIN\.vscode\extensions\redhat.java-1.42.0-win32-x64\jre\21.0.7-win32-x86_64\bin\net.dll
0x00007ff8df570000 - 0x00007ff8df69c000 	C:\WINDOWS\SYSTEM32\WINHTTP.dll
0x00007ff8e2200000 - 0x00007ff8e2269000 	C:\WINDOWS\system32\mswsock.dll
0x00007ff8b4e80000 - 0x00007ff8b4e96000 	C:\Users\ADMIN\.vscode\extensions\redhat.java-1.42.0-win32-x64\jre\21.0.7-win32-x86_64\bin\nio.dll
0x00007ff8cbb20000 - 0x00007ff8cbb30000 	c:\Users\ADMIN\.vscode\extensions\redhat.java-1.42.0-win32-x64\jre\21.0.7-win32-x86_64\bin\verify.dll
0x00007ff8b12e0000 - 0x00007ff8b1325000 	C:\Users\ADMIN\AppData\Roaming\Code\User\globalStorage\redhat.java\1.42.0\config_win\org.eclipse.equinox.launcher\org.eclipse.equinox.launcher.win32.win32.x86_64_1.2.1300.v20250331-1702\eclipse_11911.dll
0x00007ff8e5730000 - 0x00007ff8e58d0000 	C:\WINDOWS\System32\ole32.dll
0x00007ff8e2450000 - 0x00007ff8e246b000 	C:\WINDOWS\SYSTEM32\CRYPTSP.dll
0x00007ff8e1ce0000 - 0x00007ff8e1d17000 	C:\WINDOWS\system32\rsaenh.dll
0x00007ff8e22f0000 - 0x00007ff8e2318000 	C:\WINDOWS\SYSTEM32\USERENV.dll
0x00007ff8e2470000 - 0x00007ff8e247c000 	C:\WINDOWS\SYSTEM32\CRYPTBASE.dll
0x00007ff8e1790000 - 0x00007ff8e17bd000 	C:\WINDOWS\SYSTEM32\IPHLPAPI.DLL
0x00007ff8e4300000 - 0x00007ff8e4309000 	C:\WINDOWS\System32\NSI.dll
0x00007ff8b4e30000 - 0x00007ff8b4e79000 	C:\Users\ADMIN\AppData\Local\Temp\jna-62130991\jna14362149289053739806.dll
0x00007ff8e4340000 - 0x00007ff8e4348000 	C:\WINDOWS\System32\PSAPI.DLL
0x00007ff8df3e0000 - 0x00007ff8df3f9000 	C:\WINDOWS\SYSTEM32\dhcpcsvc6.DLL
0x00007ff8df340000 - 0x00007ff8df35f000 	C:\WINDOWS\SYSTEM32\dhcpcsvc.DLL
0x00007ff8e1e90000 - 0x00007ff8e1ec4000 	C:\WINDOWS\SYSTEM32\ntmarta.dll

dbghelp: loaded successfully - version: 4.0.5 - missing functions: none
symbol engine: initialized successfully - sym options: 0x614 - pdb path: .;c:\Users\ADMIN\.vscode\extensions\redhat.java-1.42.0-win32-x64\jre\21.0.7-win32-x86_64\bin;C:\WINDOWS\SYSTEM32;C:\WINDOWS\WinSxS\amd64_microsoft.windows.common-controls_6595b64144ccf1df_6.0.22621.5415_none_270d77d17387d7da;c:\Users\ADMIN\.vscode\extensions\redhat.java-1.42.0-win32-x64\jre\21.0.7-win32-x86_64\bin\server;C:\Users\ADMIN\AppData\Roaming\Code\User\globalStorage\redhat.java\1.42.0\config_win\org.eclipse.equinox.launcher\org.eclipse.equinox.launcher.win32.win32.x86_64_1.2.1300.v20250331-1702;C:\Users\ADMIN\AppData\Local\Temp\jna-62130991

VM Arguments:
jvm_args: --add-modules=ALL-SYSTEM --add-opens=java.base/java.util=ALL-UNNAMED --add-opens=java.base/java.lang=ALL-UNNAMED --add-opens=java.base/sun.nio.fs=ALL-UNNAMED -Declipse.application=org.eclipse.jdt.ls.core.id1 -Dosgi.bundles.defaultStartLevel=4 -Declipse.product=org.eclipse.jdt.ls.core.product -Djava.import.generatesMetadataFilesAtProjectRoot=false -DDetectVMInstallationsJob.disabled=true -Dfile.encoding=utf8 -XX:+UseParallelGC -XX:GCTimeRatio=4 -XX:AdaptiveSizePolicyWeight=90 -Dsun.zip.disableMemoryMapping=true -Xmx1G -Xms100m -Xlog:disable -javaagent:c:\Users\ADMIN\.vscode\extensions\redhat.java-1.42.0-win32-x64\lombok\lombok-1.18.36.jar -XX:+HeapDumpOnOutOfMemoryError -XX:HeapDumpPath=c:\Users\ADMIN\AppData\Roaming\Code\User\workspaceStorage\c9c34c9037f30831ff1e317f9d9d2896\redhat.java -Daether.dependencyCollector.impl=bf 
java_command: c:\Users\ADMIN\.vscode\extensions\redhat.java-1.42.0-win32-x64\server\plugins\org.eclipse.equinox.launcher_1.7.0.v20250424-1814.jar -configuration c:\Users\ADMIN\AppData\Roaming\Code\User\globalStorage\redhat.java\1.42.0\config_win -data c:\Users\ADMIN\AppData\Roaming\Code\User\workspaceStorage\c9c34c9037f30831ff1e317f9d9d2896\redhat.java\jdt_ws --pipe=\\.\pipe\lsp-86effd16f2caca58127dbac47620a367-sock
java_class_path (initial): c:\Users\ADMIN\.vscode\extensions\redhat.java-1.42.0-win32-x64\server\plugins\org.eclipse.equinox.launcher_1.7.0.v20250424-1814.jar
Launcher Type: SUN_STANDARD

[Global flags]
    uintx AdaptiveSizePolicyWeight                 = 90                                        {product} {command line}
     intx CICompilerCount                          = 12                                        {product} {ergonomic}
    uintx GCTimeRatio                              = 4                                         {product} {command line}
     bool HeapDumpOnOutOfMemoryError               = true                                   {manageable} {command line}
    ccstr HeapDumpPath                             = c:\Users\ADMIN\AppData\Roaming\Code\User\workspaceStorage\c9c34c9037f30831ff1e317f9d9d2896\redhat.java         {manageable} {command line}
   size_t InitialHeapSize                          = 104857600                                 {product} {command line}
   size_t MaxHeapSize                              = 1073741824                                {product} {command line}
   size_t MaxNewSize                               = 357564416                                 {product} {ergonomic}
   size_t MinHeapDeltaBytes                        = 524288                                    {product} {ergonomic}
   size_t MinHeapSize                              = 104857600                                 {product} {command line}
   size_t NewSize                                  = 34603008                                  {product} {ergonomic}
    uintx NonNMethodCodeHeapSize                   = 7602480                                {pd product} {ergonomic}
    uintx NonProfiledCodeHeapSize                  = 122027880                              {pd product} {ergonomic}
   size_t OldSize                                  = 70254592                                  {product} {ergonomic}
    uintx ProfiledCodeHeapSize                     = 122027880                              {pd product} {ergonomic}
    uintx ReservedCodeCacheSize                    = 251658240                              {pd product} {ergonomic}
     bool SegmentedCodeCache                       = true                                      {product} {ergonomic}
   size_t SoftMaxHeapSize                          = 1073741824                             {manageable} {ergonomic}
     bool UseCompressedOops                        = true                           {product lp64_product} {ergonomic}
     bool UseLargePagesIndividualAllocation        = false                                  {pd product} {ergonomic}
     bool UseParallelGC                            = true                                      {product} {command line}

Logging:
Log output configuration:
 #0: stdout all=off uptime,level,tags foldmultilines=false
 #1: stderr all=off uptime,level,tags foldmultilines=false

Environment Variables:
JAVA_HOME=C:\Program Files\Java\jdk-17
PATH=d:\AI\cursor\resources\app\bin;C:\Program Files\Common Files\Oracle\Java\javapath;E:\Ki5\SWT301\apache-maven-3.9.9-bin\apache-maven-3.9.9\bin;C:\Program Files\Microsoft MPI\Bin\;C:\Program Files (x86)\Common Files\Oracle\Java\javapath;C:\Windows\system32;C:\Windows;C:\Windows\System32\Wbem;C:\Windows\System32\WindowsPowerShell\v1.0\;C:\Windows\System32\OpenSSH\;C:\Program Files (x86)\NVIDIA Corporation\PhysX\Common;C:\Program Files\NVIDIA Corporation\NVIDIA NvDLISR;C:\WINDOWS\system32;C:\WINDOWS;C:\WINDOWS\System32\Wbem;C:\WINDOWS\System32\WindowsPowerShell\v1.0\;C:\WINDOWS\System32\OpenSSH\;C:\Program Files\Microsoft SQL Server\Client SDK\ODBC\110\Tools\Binn\;C:\Program Files (x86)\Microsoft SQL Server\160\Tools\Binn\;C:\Program Files\Microsoft SQL Server\160\Tools\Binn\;C:\Program Files\Microsoft SQL Server\Client SDK\ODBC\170\Tools\Binn\;C:\Program Files\Microsoft SQL Server\160\DTS\Binn\;C:\Program Files\Git\cmd;E:\Ki5\FER202\nodejs\;C:\Program Files (x86)\Microsoft SQL Server\100\Tools\Binn\;C:\Program F;C:\Program Files\dotnet\;E:\Ki5\SWT301\apache-maven-3.9.9-bin\apache-maven-3.9.9\bin;E:\Ki3\WED\Microsoft VS Code\bin;C:\ProgramData\ADMIN\GitHubDesktop\bin;C:\Users\ADMIN\AppData\Local\GitHubDesktop\bin;C:\Users\ADMIN\AppData\Roaming\npm;;C:\Program Files\JetBrains\IntelliJ IDEA 2024.3.5\bin;;D:\AI\cursor\resources\app\bin
USERNAME=ADMIN
OS=Windows_NT
PROCESSOR_IDENTIFIER=Intel64 Family 6 Model 154 Stepping 3, GenuineIntel
TMP=C:\Users\ADMIN\AppData\Local\Temp
TEMP=C:\Users\ADMIN\AppData\Local\Temp




Periodic native trim disabled

---------------  S Y S T E M  ---------------

OS:
 Windows 11 , 64 bit Build 22621 (10.0.22621.5415)
OS uptime: 0 days 3:27 hours

CPU: total 16 (initial active 16) (8 cores per cpu, 2 threads per core) family 6 model 154 stepping 3 microcode 0x429, cx8, cmov, fxsr, ht, mmx, 3dnowpref, sse, sse2, sse3, ssse3, sse4.1, sse4.2, popcnt, lzcnt, tsc, tscinvbit, avx, avx2, aes, erms, clmul, bmi1, bmi2, adx, sha, fma, vzeroupper, clflush, clflushopt, clwb, serialize, rdtscp, rdpid, fsrm, f16c, pku, cet_ibt, cet_ss
Processor Information for the first 16 processors :
  Max Mhz: 2300, Current Mhz: 2300, Mhz Limit: 2300

Memory: 4k page, system-wide physical 7812M (320M free)
TotalPageFile size 18598M (AvailPageFile size 6M)
current process WorkingSet (physical memory assigned to process): 681M, peak: 684M
current process commit charge ("private bytes"): 618M, peak: 965M

vm_info: OpenJDK 64-Bit Server VM (21.0.7+6-LTS) for windows-amd64 JRE (21.0.7+6-LTS), built on 2025-04-15T00:00:00Z by "admin" with MS VC++ 17.7 (VS2022)

END.
