#
# There is insufficient memory for the Java Runtime Environment to continue.
# Native memory allocation (malloc) failed to allocate 1542736 bytes. Error detail: Chunk::new
# Possible reasons:
#   The system is out of physical RAM or swap space
#   This process is running with CompressedOops enabled, and the Java Heap may be blocking the growth of the native heap
# Possible solutions:
#   Reduce memory load on the system
#   Increase physical memory or swap space
#   Check if swap backing store is full
#   Decrease Java heap size (-Xmx/-Xms)
#   Decrease number of Java threads
#   Decrease Java thread stack sizes (-Xss)
#   Set larger code cache with -XX:ReservedCodeCacheSize=
#   JVM is running with Unscaled Compressed Oops mode in which the Java heap is
#     placed in the first 4GB address space. The Java Heap base address is the
#     maximum limit for the native heap growth. Please use -XX:HeapBaseMinAddress
#     to set the Java Heap base and to place the Java Heap above 4GB virtual address.
# This output file may be truncated or incomplete.
#
#  Out of Memory Error (arena.cpp:168), pid=1932, tid=13148
#
# JRE version: OpenJDK Runtime Environment Temurin-21.0.7+6 (21.0.7+6) (build 21.0.7+6-LTS)
# Java VM: OpenJDK 64-Bit Server VM Temurin-21.0.7+6 (21.0.7+6-LTS, mixed mode, sharing, tiered, compressed oops, compressed class ptrs, parallel gc, windows-amd64)
# No core dump will be written. Minidumps are not enabled by default on client versions of Windows
#

---------------  S U M M A R Y ------------

Command Line: --add-modules=ALL-SYSTEM --add-opens=java.base/java.util=ALL-UNNAMED --add-opens=java.base/java.lang=ALL-UNNAMED --add-opens=java.base/sun.nio.fs=ALL-UNNAMED -Declipse.application=org.eclipse.jdt.ls.core.id1 -Dosgi.bundles.defaultStartLevel=4 -Declipse.product=org.eclipse.jdt.ls.core.product -Djava.import.generatesMetadataFilesAtProjectRoot=false -DDetectVMInstallationsJob.disabled=true -Dfile.encoding=utf8 -XX:+UseParallelGC -XX:GCTimeRatio=4 -XX:AdaptiveSizePolicyWeight=90 -Dsun.zip.disableMemoryMapping=true -Xmx1G -Xms100m -Xlog:disable -javaagent:c:\Users\ADMIN\.vscode\extensions\redhat.java-1.42.0-win32-x64\lombok\lombok-1.18.36.jar -XX:+HeapDumpOnOutOfMemoryError -XX:HeapDumpPath=c:\Users\ADMIN\AppData\Roaming\Code\User\workspaceStorage\c9c34c9037f30831ff1e317f9d9d2896\redhat.java -Daether.dependencyCollector.impl=bf c:\Users\ADMIN\.vscode\extensions\redhat.java-1.42.0-win32-x64\server\plugins\org.eclipse.equinox.launcher_1.7.0.v20250424-1814.jar -configuration c:\Users\ADMIN\AppData\Roaming\Code\User\globalStorage\redhat.java\1.42.0\config_win -data c:\Users\ADMIN\AppData\Roaming\Code\User\workspaceStorage\c9c34c9037f30831ff1e317f9d9d2896\redhat.java\jdt_ws --pipe=\\.\pipe\lsp-e75aad9b6f7af2bb12cb69bebafaa374-sock

Host: 12th Gen Intel(R) Core(TM) i7-12650H, 16 cores, 7G,  Windows 11 , 64 bit Build 22621 (10.0.22621.5415)
Time: Mon Jun 23 22:57:38 2025 SE Asia Standard Time elapsed time: 20.096198 seconds (0d 0h 0m 20s)

---------------  T H R E A D  ---------------

Current thread (0x0000018a569ff170):  JavaThread "C2 CompilerThread0" daemon [_thread_in_native, id=13148, stack(0x000000121eb00000,0x000000121ec00000) (1024K)]


Current CompileTask:
C2:20096 8930       4       org.eclipse.jdt.internal.compiler.lookup.BinaryTypeBinding::createMethod (1666 bytes)

Stack: [0x000000121eb00000,0x000000121ec00000]
Native frames: (J=compiled Java code, j=interpreted, Vv=VM code, C=native code)
V  [jvm.dll+0x6ce119]
V  [jvm.dll+0x8a84a1]
V  [jvm.dll+0x8aa9ce]
V  [jvm.dll+0x8ab0b3]
V  [jvm.dll+0x27f8a6]
V  [jvm.dll+0xc507d]
V  [jvm.dll+0xc55b3]
V  [jvm.dll+0x3b68f2]
V  [jvm.dll+0x382aa5]
V  [jvm.dll+0x381f0a]
V  [jvm.dll+0x247af0]
V  [jvm.dll+0x2470cf]
V  [jvm.dll+0x1c760e]
V  [jvm.dll+0x25695a]
V  [jvm.dll+0x254efa]
V  [jvm.dll+0x3f03f6]
V  [jvm.dll+0x851f6b]
V  [jvm.dll+0x6cc7dd]
C  [ucrtbase.dll+0x29333]
C  [KERNEL32.DLL+0x1259d]
C  [ntdll.dll+0x5af78]


---------------  P R O C E S S  ---------------

Threads class SMR info:
_java_thread_list=0x0000018a5d672ac0, length=91, elements={
0x0000018a7f074cd0, 0x0000018a569f51f0, 0x0000018a569f69f0, 0x0000018a569f86b0,
0x0000018a569f9f30, 0x0000018a569fd9a0, 0x0000018a569fe3f0, 0x0000018a569ff170,
0x0000018a56a69ad0, 0x0000018a56afded0, 0x0000018a56d21210, 0x0000018a58576a30,
0x0000018a58784f80, 0x0000018a585ef200, 0x0000018a585ef860, 0x0000018a5d4c23e0,
0x0000018a5d3f9390, 0x0000018a5d287ac0, 0x0000018a5d288150, 0x0000018a5d289b90,
0x0000018a5d289500, 0x0000018a5d28a220, 0x0000018a5d288e70, 0x0000018a5d28a8b0,
0x0000018a5d28af40, 0x0000018a5d2887e0, 0x0000018a5e9408b0, 0x0000018a5e9422f0,
0x0000018a5e941c60, 0x0000018a5e93f500, 0x0000018a5e93d430, 0x0000018a5e93dac0,
0x0000018a5e93fb90, 0x0000018a5e9415d0, 0x0000018a5e940220, 0x0000018a5e943010,
0x0000018a5e93e150, 0x0000018a5e93e7e0, 0x0000018a5e940f40, 0x0000018a5e9436a0,
0x0000018a5e942980, 0x0000018a5e93ee70, 0x0000018a5e943d30, 0x0000018a5e93cda0,
0x0000018a5e9443c0, 0x0000018a5f7e2e30, 0x0000018a5f7dd8e0, 0x0000018a5f7e1a80,
0x0000018a5f7dbea0, 0x0000018a5f7de600, 0x0000018a5f7e0040, 0x0000018a5f7e34c0,
0x0000018a5f7dd250, 0x0000018a5f7dec90, 0x0000018a5f7dc530, 0x0000018a5f7e06d0,
0x0000018a5f7dcbc0, 0x0000018a5f7e0d60, 0x0000018a5f7ddf70, 0x0000018a5f7df320,
0x0000018a5f7e2110, 0x0000018a5f7e13f0, 0x0000018a5f7e27a0, 0x0000018a5f6f2580,
0x0000018a5f6f11d0, 0x0000018a5f6f2c10, 0x0000018a5f6ee3e0, 0x0000018a5f6eea70,
0x0000018a5f6ed030, 0x0000018a5f6f1860, 0x0000018a5f6edd50, 0x0000018a5f6f04b0,
0x0000018a5f6f1ef0, 0x0000018a5f6f0b40, 0x0000018a5f6efe20, 0x0000018a5f6ef100,
0x0000018a5f6ec9a0, 0x0000018a5f6f32a0, 0x0000018a5f6ed6c0, 0x0000018a5f6f3fc0,
0x0000018a5f6ef790, 0x0000018a5fd8ef00, 0x0000018a5fd8db50, 0x0000018a5fd8a040,
0x0000018a5fd8ba80, 0x0000018a5fd8f590, 0x0000018a5fd8ad60, 0x0000018a5fd8d4c0,
0x0000018a5fd8e1e0, 0x0000018a5fd89320, 0x0000018a5fd8a6d0
}

Java Threads: ( => current thread )
  0x0000018a7f074cd0 JavaThread "main"                              [_thread_blocked, id=30304, stack(0x000000121e100000,0x000000121e200000) (1024K)]
  0x0000018a569f51f0 JavaThread "Reference Handler"          daemon [_thread_blocked, id=35256, stack(0x000000121e500000,0x000000121e600000) (1024K)]
  0x0000018a569f69f0 JavaThread "Finalizer"                  daemon [_thread_blocked, id=29220, stack(0x000000121e600000,0x000000121e700000) (1024K)]
  0x0000018a569f86b0 JavaThread "Signal Dispatcher"          daemon [_thread_blocked, id=8520, stack(0x000000121e700000,0x000000121e800000) (1024K)]
  0x0000018a569f9f30 JavaThread "Attach Listener"            daemon [_thread_blocked, id=34068, stack(0x000000121e800000,0x000000121e900000) (1024K)]
  0x0000018a569fd9a0 JavaThread "Service Thread"             daemon [_thread_blocked, id=12544, stack(0x000000121e900000,0x000000121ea00000) (1024K)]
  0x0000018a569fe3f0 JavaThread "Monitor Deflation Thread"   daemon [_thread_blocked, id=34488, stack(0x000000121ea00000,0x000000121eb00000) (1024K)]
=>0x0000018a569ff170 JavaThread "C2 CompilerThread0"         daemon [_thread_in_native, id=13148, stack(0x000000121eb00000,0x000000121ec00000) (1024K)]
  0x0000018a56a69ad0 JavaThread "C1 CompilerThread0"         daemon [_thread_blocked, id=16408, stack(0x000000121ec00000,0x000000121ed00000) (1024K)]
  0x0000018a56afded0 JavaThread "Common-Cleaner"             daemon [_thread_blocked, id=12952, stack(0x000000121ed00000,0x000000121ee00000) (1024K)]
  0x0000018a56d21210 JavaThread "Notification Thread"        daemon [_thread_blocked, id=21600, stack(0x000000121ee00000,0x000000121ef00000) (1024K)]
  0x0000018a58576a30 JavaThread "Active Thread: Equinox Container: 6d5c44ce-6d99-4ade-8c85-8e4aff478cba"        [_thread_blocked, id=8328, stack(0x000000121f500000,0x000000121f600000) (1024K)]
  0x0000018a58784f80 JavaThread "Refresh Thread: Equinox Container: 6d5c44ce-6d99-4ade-8c85-8e4aff478cba" daemon [_thread_blocked, id=12824, stack(0x000000121f700000,0x000000121f800000) (1024K)]
  0x0000018a585ef200 JavaThread "Framework Event Dispatcher: Equinox Container: 6d5c44ce-6d99-4ade-8c85-8e4aff478cba" daemon [_thread_blocked, id=11316, stack(0x000000121f800000,0x000000121f900000) (1024K)]
  0x0000018a585ef860 JavaThread "Start Level: Equinox Container: 6d5c44ce-6d99-4ade-8c85-8e4aff478cba" daemon [_thread_blocked, id=25256, stack(0x000000121f900000,0x000000121fa00000) (1024K)]
  0x0000018a5d4c23e0 JavaThread "Bundle File Closer"         daemon [_thread_blocked, id=34304, stack(0x000000121fd00000,0x000000121fe00000) (1024K)]
  0x0000018a5d3f9390 JavaThread "SCR Component Actor"        daemon [_thread_blocked, id=14592, stack(0x000000121fe00000,0x000000121ff00000) (1024K)]
  0x0000018a5d287ac0 JavaThread "Worker-JM"                         [_thread_blocked, id=26196, stack(0x0000001220100000,0x0000001220200000) (1024K)]
  0x0000018a5d288150 JavaThread "JNA Cleaner"                daemon [_thread_blocked, id=30428, stack(0x0000001220300000,0x0000001220400000) (1024K)]
  0x0000018a5d289b90 JavaThread "Worker-0"                          [_thread_blocked, id=10192, stack(0x0000001220400000,0x0000001220500000) (1024K)]
  0x0000018a5d289500 JavaThread "Worker-1"                          [_thread_blocked, id=29280, stack(0x0000001220500000,0x0000001220600000) (1024K)]
  0x0000018a5d28a220 JavaThread "Java indexing"              daemon [_thread_in_vm, id=19192, stack(0x0000001220600000,0x0000001220700000) (1024K)]
  0x0000018a5d288e70 JavaThread "Worker-2"                          [_thread_blocked, id=22192, stack(0x0000001220700000,0x0000001220800000) (1024K)]
  0x0000018a5d28a8b0 JavaThread "Worker-3: Java indexing... "        [_thread_blocked, id=25572, stack(0x0000001220800000,0x0000001220900000) (1024K)]
  0x0000018a5d28af40 JavaThread "Worker-4"                          [_thread_blocked, id=17584, stack(0x0000001220900000,0x0000001220a00000) (1024K)]
  0x0000018a5d2887e0 JavaThread "Thread-2"                   daemon [_thread_in_native, id=25000, stack(0x0000001220a00000,0x0000001220b00000) (1024K)]
  0x0000018a5e9408b0 JavaThread "Thread-3"                   daemon [_thread_in_native, id=34764, stack(0x0000001220b00000,0x0000001220c00000) (1024K)]
  0x0000018a5e9422f0 JavaThread "Thread-4"                   daemon [_thread_in_native, id=12232, stack(0x0000001220c00000,0x0000001220d00000) (1024K)]
  0x0000018a5e941c60 JavaThread "Thread-5"                   daemon [_thread_in_native, id=31936, stack(0x0000001220d00000,0x0000001220e00000) (1024K)]
  0x0000018a5e93f500 JavaThread "Thread-6"                   daemon [_thread_in_native, id=21696, stack(0x0000001220e00000,0x0000001220f00000) (1024K)]
  0x0000018a5e93d430 JavaThread "Thread-7"                   daemon [_thread_in_native, id=20228, stack(0x0000001220f00000,0x0000001221000000) (1024K)]
  0x0000018a5e93dac0 JavaThread "Thread-8"                   daemon [_thread_in_native, id=35988, stack(0x0000001221000000,0x0000001221100000) (1024K)]
  0x0000018a5e93fb90 JavaThread "Thread-9"                   daemon [_thread_in_native, id=35608, stack(0x0000001221100000,0x0000001221200000) (1024K)]
  0x0000018a5e9415d0 JavaThread "Thread-10"                  daemon [_thread_in_native, id=5740, stack(0x0000001221200000,0x0000001221300000) (1024K)]
  0x0000018a5e940220 JavaThread "Thread-11"                  daemon [_thread_in_native, id=30444, stack(0x0000001221300000,0x0000001221400000) (1024K)]
  0x0000018a5e943010 JavaThread "Thread-12"                  daemon [_thread_in_native, id=32868, stack(0x0000001221400000,0x0000001221500000) (1024K)]
  0x0000018a5e93e150 JavaThread "Thread-13"                  daemon [_thread_in_native, id=11576, stack(0x0000001221500000,0x0000001221600000) (1024K)]
  0x0000018a5e93e7e0 JavaThread "Thread-14"                  daemon [_thread_in_native, id=36236, stack(0x0000001221600000,0x0000001221700000) (1024K)]
  0x0000018a5e940f40 JavaThread "Thread-15"                  daemon [_thread_in_native, id=15592, stack(0x0000001221700000,0x0000001221800000) (1024K)]
  0x0000018a5e9436a0 JavaThread "Thread-16"                  daemon [_thread_in_native, id=1400, stack(0x0000001221800000,0x0000001221900000) (1024K)]
  0x0000018a5e942980 JavaThread "Thread-17"                  daemon [_thread_in_native, id=3628, stack(0x0000001221900000,0x0000001221a00000) (1024K)]
  0x0000018a5e93ee70 JavaThread "Thread-18"                  daemon [_thread_in_native, id=15436, stack(0x0000001221a00000,0x0000001221b00000) (1024K)]
  0x0000018a5e943d30 JavaThread "pool-2-thread-1"                   [_thread_blocked, id=20860, stack(0x0000001221b00000,0x0000001221c00000) (1024K)]
  0x0000018a5e93cda0 JavaThread "WorkspaceEventsHandler"            [_thread_blocked, id=28864, stack(0x0000001221c00000,0x0000001221d00000) (1024K)]
  0x0000018a5e9443c0 JavaThread "pool-1-thread-1"                   [_thread_blocked, id=33004, stack(0x0000001221d00000,0x0000001221e00000) (1024K)]
  0x0000018a5f7e2e30 JavaThread "Worker-5: Building"                [_thread_in_native, id=21216, stack(0x0000001221e00000,0x0000001221f00000) (1024K)]
  0x0000018a5f7dd8e0 JavaThread "LocalFile Deleter"          daemon [_thread_blocked, id=6864, stack(0x000000121ff00000,0x0000001220000000) (1024K)]
  0x0000018a5f7e1a80 JavaThread "LocalFile Deleter"          daemon [_thread_blocked, id=23928, stack(0x0000001221f00000,0x0000001222000000) (1024K)]
  0x0000018a5f7dbea0 JavaThread "LocalFile Deleter"          daemon [_thread_blocked, id=32808, stack(0x0000001222000000,0x0000001222100000) (1024K)]
  0x0000018a5f7de600 JavaThread "LocalFile Deleter"          daemon [_thread_blocked, id=2644, stack(0x0000001222100000,0x0000001222200000) (1024K)]
  0x0000018a5f7e0040 JavaThread "LocalFile Deleter"          daemon [_thread_blocked, id=23656, stack(0x0000001222200000,0x0000001222300000) (1024K)]
  0x0000018a5f7e34c0 JavaThread "LocalFile Deleter"          daemon [_thread_blocked, id=34724, stack(0x0000001222300000,0x0000001222400000) (1024K)]
  0x0000018a5f7dd250 JavaThread "LocalFile Deleter"          daemon [_thread_blocked, id=27280, stack(0x0000001222400000,0x0000001222500000) (1024K)]
  0x0000018a5f7dec90 JavaThread "LocalFile Deleter"          daemon [_thread_blocked, id=29744, stack(0x0000001222500000,0x0000001222600000) (1024K)]
  0x0000018a5f7dc530 JavaThread "LocalFile Deleter"          daemon [_thread_blocked, id=22104, stack(0x0000001222600000,0x0000001222700000) (1024K)]
  0x0000018a5f7e06d0 JavaThread "LocalFile Deleter"          daemon [_thread_blocked, id=35292, stack(0x0000001222700000,0x0000001222800000) (1024K)]
  0x0000018a5f7dcbc0 JavaThread "LocalFile Deleter"          daemon [_thread_blocked, id=36464, stack(0x0000001222800000,0x0000001222900000) (1024K)]
  0x0000018a5f7e0d60 JavaThread "LocalFile Deleter"          daemon [_thread_blocked, id=11236, stack(0x0000001222900000,0x0000001222a00000) (1024K)]
  0x0000018a5f7ddf70 JavaThread "LocalFile Deleter"          daemon [_thread_blocked, id=8072, stack(0x0000001222a00000,0x0000001222b00000) (1024K)]
  0x0000018a5f7df320 JavaThread "LocalFile Deleter"          daemon [_thread_blocked, id=2348, stack(0x0000001222b00000,0x0000001222c00000) (1024K)]
  0x0000018a5f7e2110 JavaThread "LocalFile Deleter"          daemon [_thread_blocked, id=18128, stack(0x0000001222c00000,0x0000001222d00000) (1024K)]
  0x0000018a5f7e13f0 JavaThread "LocalFile Deleter"          daemon [_thread_blocked, id=33440, stack(0x0000001222d00000,0x0000001222e00000) (1024K)]
  0x0000018a5f7e27a0 JavaThread "Compiler Source File Reader" daemon [_thread_blocked, id=29044, stack(0x0000001222e00000,0x0000001222f00000) (1024K)]
  0x0000018a5f6f2580 JavaThread "Compiler Source File Reader" daemon [_thread_blocked, id=13308, stack(0x0000001222f00000,0x0000001223000000) (1024K)]
  0x0000018a5f6f11d0 JavaThread "Compiler Source File Reader" daemon [_thread_blocked, id=22480, stack(0x0000001223000000,0x0000001223100000) (1024K)]
  0x0000018a5f6f2c10 JavaThread "Compiler Source File Reader" daemon [_thread_blocked, id=2844, stack(0x0000001223100000,0x0000001223200000) (1024K)]
  0x0000018a5f6ee3e0 JavaThread "Compiler Source File Reader" daemon [_thread_blocked, id=27696, stack(0x0000001223200000,0x0000001223300000) (1024K)]
  0x0000018a5f6eea70 JavaThread "Compiler Source File Reader" daemon [_thread_blocked, id=21420, stack(0x0000001223300000,0x0000001223400000) (1024K)]
  0x0000018a5f6ed030 JavaThread "Compiler Source File Reader" daemon [_thread_blocked, id=2148, stack(0x0000001223400000,0x0000001223500000) (1024K)]
  0x0000018a5f6f1860 JavaThread "Compiler Source File Reader" daemon [_thread_blocked, id=8896, stack(0x0000001223500000,0x0000001223600000) (1024K)]
  0x0000018a5f6edd50 JavaThread "Compiler Source File Reader" daemon [_thread_blocked, id=7956, stack(0x0000001223600000,0x0000001223700000) (1024K)]
  0x0000018a5f6f04b0 JavaThread "Compiler Source File Reader" daemon [_thread_blocked, id=12576, stack(0x0000001223700000,0x0000001223800000) (1024K)]
  0x0000018a5f6f1ef0 JavaThread "Compiler Source File Reader" daemon [_thread_blocked, id=9076, stack(0x0000001223800000,0x0000001223900000) (1024K)]
  0x0000018a5f6f0b40 JavaThread "Compiler Source File Reader" daemon [_thread_blocked, id=25776, stack(0x0000001223900000,0x0000001223a00000) (1024K)]
  0x0000018a5f6efe20 JavaThread "Compiler Source File Reader" daemon [_thread_blocked, id=7812, stack(0x0000001223a00000,0x0000001223b00000) (1024K)]
  0x0000018a5f6ef100 JavaThread "Compiler Source File Reader" daemon [_thread_blocked, id=27840, stack(0x0000001223b00000,0x0000001223c00000) (1024K)]
  0x0000018a5f6ec9a0 JavaThread "Compiler Processing Task"   daemon [_thread_blocked, id=24604, stack(0x0000001223c00000,0x0000001223d00000) (1024K)]
  0x0000018a5f6f32a0 JavaThread "Compiler Class File Writer" daemon [_thread_blocked, id=30100, stack(0x0000001223d00000,0x0000001223e00000) (1024K)]
  0x0000018a5f6ed6c0 JavaThread "Compiler Class File Writer" daemon [_thread_blocked, id=10768, stack(0x0000001223e00000,0x0000001223f00000) (1024K)]
  0x0000018a5f6f3fc0 JavaThread "Compiler Class File Writer" daemon [_thread_blocked, id=25464, stack(0x0000001223f00000,0x0000001224000000) (1024K)]
  0x0000018a5f6ef790 JavaThread "Compiler Class File Writer" daemon [_thread_blocked, id=27240, stack(0x0000001224000000,0x0000001224100000) (1024K)]
  0x0000018a5fd8ef00 JavaThread "Compiler Class File Writer" daemon [_thread_blocked, id=32928, stack(0x0000001224100000,0x0000001224200000) (1024K)]
  0x0000018a5fd8db50 JavaThread "Compiler Class File Writer" daemon [_thread_blocked, id=29024, stack(0x0000001224200000,0x0000001224300000) (1024K)]
  0x0000018a5fd8a040 JavaThread "Compiler Class File Writer" daemon [_thread_blocked, id=30728, stack(0x0000001224300000,0x0000001224400000) (1024K)]
  0x0000018a5fd8ba80 JavaThread "Compiler Class File Writer" daemon [_thread_blocked, id=20804, stack(0x0000001224400000,0x0000001224500000) (1024K)]
  0x0000018a5fd8f590 JavaThread "Compiler Class File Writer" daemon [_thread_blocked, id=24300, stack(0x0000001224500000,0x0000001224600000) (1024K)]
  0x0000018a5fd8ad60 JavaThread "Compiler Class File Writer" daemon [_thread_blocked, id=25068, stack(0x0000001224600000,0x0000001224700000) (1024K)]
  0x0000018a5fd8d4c0 JavaThread "Compiler Class File Writer" daemon [_thread_blocked, id=23432, stack(0x0000001224700000,0x0000001224800000) (1024K)]
  0x0000018a5fd8e1e0 JavaThread "Compiler Class File Writer" daemon [_thread_blocked, id=6528, stack(0x0000001224800000,0x0000001224900000) (1024K)]
  0x0000018a5fd89320 JavaThread "Compiler Class File Writer" daemon [_thread_blocked, id=5868, stack(0x0000001224900000,0x0000001224a00000) (1024K)]
  0x0000018a5fd8a6d0 JavaThread "Compiler Class File Writer" daemon [_thread_blocked, id=2996, stack(0x0000001224a00000,0x0000001224b00000) (1024K)]
Total: 91

Other Threads:
  0x0000018a7f12e9e0 VMThread "VM Thread"                           [id=19364, stack(0x000000121e400000,0x000000121e500000) (1024K)]
  0x0000018a1420ca00 WatcherThread "VM Periodic Task Thread"        [id=15284, stack(0x000000121e300000,0x000000121e400000) (1024K)]
  0x0000018a7f0920f0 WorkerThread "GC Thread#0"                     [id=7796, stack(0x000000121e200000,0x000000121e300000) (1024K)]
  0x0000018a581d0380 WorkerThread "GC Thread#1"                     [id=24924, stack(0x000000121ef00000,0x000000121f000000) (1024K)]
  0x0000018a5832dee0 WorkerThread "GC Thread#2"                     [id=6296, stack(0x000000121f000000,0x000000121f100000) (1024K)]
  0x0000018a58319180 WorkerThread "GC Thread#3"                     [id=21332, stack(0x000000121f100000,0x000000121f200000) (1024K)]
  0x0000018a58319520 WorkerThread "GC Thread#4"                     [id=35188, stack(0x000000121f200000,0x000000121f300000) (1024K)]
  0x0000018a5844e880 WorkerThread "GC Thread#5"                     [id=27256, stack(0x000000121f300000,0x000000121f400000) (1024K)]
  0x0000018a5844ec20 WorkerThread "GC Thread#6"                     [id=1252, stack(0x000000121f400000,0x000000121f500000) (1024K)]
  0x0000018a58783eb0 WorkerThread "GC Thread#7"                     [id=32828, stack(0x000000121f600000,0x000000121f700000) (1024K)]
  0x0000018a5d202120 WorkerThread "GC Thread#8"                     [id=1264, stack(0x000000121fa00000,0x000000121fb00000) (1024K)]
  0x0000018a5d524360 WorkerThread "GC Thread#9"                     [id=25688, stack(0x000000121fb00000,0x000000121fc00000) (1024K)]
  0x0000018a5d3bac40 WorkerThread "GC Thread#10"                    [id=4616, stack(0x000000121fc00000,0x000000121fd00000) (1024K)]
  0x0000018a5d3ba160 WorkerThread "GC Thread#11"                    [id=10404, stack(0x0000001220000000,0x0000001220100000) (1024K)]
  0x0000018a5d3bafe0 WorkerThread "GC Thread#12"                    [id=30556, stack(0x0000001220200000,0x0000001220300000) (1024K)]
Total: 15

Threads with active compile tasks:
C2 CompilerThread0  20231 8930       4       org.eclipse.jdt.internal.compiler.lookup.BinaryTypeBinding::createMethod (1666 bytes)
Total: 1

VM state: not at safepoint (normal execution)

VM Mutex/Monitor currently owned by a thread: None

Heap address: 0x00000000c0000000, size: 1024 MB, Compressed Oops mode: 32-bit

CDS archive(s) mapped at: [0x0000018a15000000-0x0000018a15ba0000-0x0000018a15ba0000), size 12189696, SharedBaseAddress: 0x0000018a15000000, ArchiveRelocationMode: 1.
Compressed class space mapped at: 0x0000018a16000000-0x0000018a56000000, reserved size: 1073741824
Narrow klass base: 0x0000018a15000000, Narrow klass shift: 0, Narrow klass range: 0x100000000

GC Precious Log:
 CardTable entry size: 512
 CPUs: 16 total, 16 available
 Memory: 7812M
 Large Page Support: Disabled
 NUMA Support: Disabled
 Compressed Oops: Enabled (32-bit)
 Alignments: Space 512K, Generation 512K, Heap 2M
 Heap Min Capacity: 100M
 Heap Initial Capacity: 100M
 Heap Max Capacity: 1G
 Pre-touch: Disabled
 Parallel Workers: 13

Heap:
 PSYoungGen      total 14848K, used 14450K [0x00000000eab00000, 0x00000000ebc00000, 0x0000000100000000)
  eden space 12288K, 99% used [0x00000000eab00000,0x00000000eb6f79f0,0x00000000eb700000)
  from space 2560K, 85% used [0x00000000eb700000,0x00000000eb924fa0,0x00000000eb980000)
  to   space 2560K, 0% used [0x00000000eb980000,0x00000000eb980000,0x00000000ebc00000)
 ParOldGen       total 91136K, used 90965K [0x00000000c0000000, 0x00000000c5900000, 0x00000000eab00000)
  object space 91136K, 99% used [0x00000000c0000000,0x00000000c58d55b8,0x00000000c5900000)
 Metaspace       used 57975K, committed 59392K, reserved 1114112K
  class space    used 5933K, committed 6592K, reserved 1048576K

Card table byte_map: [0x0000018a7ea20000,0x0000018a7ec30000] _byte_map_base: 0x0000018a7e420000

Marking Bits: (ParMarkBitMap*) 0x00007ffa2a2731f0
 Begin Bits: [0x0000018a12130000, 0x0000018a13130000)
 End Bits:   [0x0000018a13130000, 0x0000018a14130000)

Polling page: 0x0000018a7cf50000

Metaspace:

Usage:
  Non-class:     50.82 MB used.
      Class:      5.79 MB used.
       Both:     56.62 MB used.

Virtual space:
  Non-class space:       64.00 MB reserved,      51.56 MB ( 81%) committed,  1 nodes.
      Class space:        1.00 GB reserved,       6.44 MB ( <1%) committed,  1 nodes.
             Both:        1.06 GB reserved,      58.00 MB (  5%) committed. 

Chunk freelists:
   Non-Class:  11.61 MB
       Class:  9.59 MB
        Both:  21.20 MB

MaxMetaspaceSize: unlimited
CompressedClassSpaceSize: 1.00 GB
Initial GC threshold: 21.00 MB
Current GC threshold: 58.38 MB
CDS: on
 - commit_granule_bytes: 65536.
 - commit_granule_words: 8192.
 - virtual_space_node_default_size: 8388608.
 - enlarge_chunks_in_place: 1.
 - use_allocation_guard: 0.


Internal statistics:

num_allocs_failed_limit: 6.
num_arena_births: 1122.
num_arena_deaths: 14.
num_vsnodes_births: 2.
num_vsnodes_deaths: 0.
num_space_committed: 928.
num_space_uncommitted: 0.
num_chunks_returned_to_freelist: 20.
num_chunks_taken_from_freelist: 3772.
num_chunk_merges: 12.
num_chunk_splits: 2362.
num_chunks_enlarged: 1348.
num_inconsistent_stats: 0.

CodeHeap 'non-profiled nmethods': size=119168Kb used=4113Kb max_used=4113Kb free=115054Kb
 bounds [0x0000018a0acd0000, 0x0000018a0b0e0000, 0x0000018a12130000]
CodeHeap 'profiled nmethods': size=119104Kb used=20629Kb max_used=20629Kb free=98474Kb
 bounds [0x0000018a03130000, 0x0000018a04560000, 0x0000018a0a580000]
CodeHeap 'non-nmethods': size=7488Kb used=1415Kb max_used=1461Kb free=6072Kb
 bounds [0x0000018a0a580000, 0x0000018a0a7f0000, 0x0000018a0acd0000]
 total_blobs=9807 nmethods=9082 adapters=630
 compilation: enabled
              stopped_count=0, restarted_count=0
 full_count=0

Compilation events (20 events):
Event: 19.747 Thread 0x0000018a56a69ad0 9735       2       java.util.concurrent.locks.AbstractQueuedSynchronizer$ConditionObject::canReacquire (38 bytes)
Event: 19.747 Thread 0x0000018a56a69ad0 nmethod 9735 0x0000018a04547490 code [0x0000018a04547640, 0x0000018a04547828]
Event: 19.749 Thread 0x0000018a56a69ad0 9736   !   2       java.lang.invoke.MethodHandleImpl::profileBoolean (34 bytes)
Event: 19.750 Thread 0x0000018a56a69ad0 nmethod 9736 0x0000018a04547990 code [0x0000018a04547b60, 0x0000018a04547e60]
Event: 19.751 Thread 0x0000018a56a69ad0 9738       2       java.util.concurrent.ConcurrentHashMap::<init> (73 bytes)
Event: 19.752 Thread 0x0000018a56a69ad0 nmethod 9738 0x0000018a04548110 code [0x0000018a04548300, 0x0000018a045485c0]
Event: 19.755 Thread 0x0000018a56a69ad0 9739       2       org.eclipse.osgi.internal.framework.BundleContextImpl::getBundle (5 bytes)
Event: 19.755 Thread 0x0000018a56a69ad0 nmethod 9739 0x0000018a04548710 code [0x0000018a045488a0, 0x0000018a045489a8]
Event: 19.864 Thread 0x0000018a56a69ad0 9740       3       org.eclipse.jdt.internal.compiler.parser.Scanner::scanIdentifierOrKeywordWithBoundCheck (198 bytes)
Event: 19.865 Thread 0x0000018a56a69ad0 nmethod 9740 0x0000018a04548a90 code [0x0000018a04548cc0, 0x0000018a045494e0]
Event: 19.894 Thread 0x0000018a56a69ad0 9741       2       com.google.inject.internal.ProviderInstanceBindingImpl::acceptTargetVisitor (33 bytes)
Event: 19.895 Thread 0x0000018a56a69ad0 nmethod 9741 0x0000018a04549710 code [0x0000018a045498e0, 0x0000018a04549b40]
Event: 19.896 Thread 0x0000018a56a69ad0 9743       2       org.eclipse.sisu.inject.Implementations$ClassFinder::visit (6 bytes)
Event: 19.896 Thread 0x0000018a56a69ad0 nmethod 9743 0x0000018a04549c10 code [0x0000018a04549dc0, 0x0000018a04549f28]
Event: 19.896 Thread 0x0000018a56a69ad0 9744       2       org.eclipse.sisu.inject.Implementations$ClassFinder::visit (10 bytes)
Event: 19.896 Thread 0x0000018a56a69ad0 nmethod 9744 0x0000018a0454a090 code [0x0000018a0454a240, 0x0000018a0454a3a8]
Event: 19.923 Thread 0x0000018a56a69ad0 9745       2       java.util.concurrent.ConcurrentHashMap::<init> (9 bytes)
Event: 19.923 Thread 0x0000018a56a69ad0 nmethod 9745 0x0000018a0454a510 code [0x0000018a0454a6e0, 0x0000018a0454a810]
Event: 19.927 Thread 0x0000018a56a69ad0 9746       2       org.eclipse.sisu.inject.InjectorBindings::publishWildcardMatches (82 bytes)
Event: 19.928 Thread 0x0000018a56a69ad0 nmethod 9746 0x0000018a0454a890 code [0x0000018a0454aaa0, 0x0000018a0454aec0]

GC Heap History (20 events):
Event: 17.807 GC heap before
{Heap before GC invocations=38 (full 2):
 PSYoungGen      total 18432K, used 17928K [0x00000000eab00000, 0x00000000ec100000, 0x0000000100000000)
  eden space 15360K, 100% used [0x00000000eab00000,0x00000000eba00000,0x00000000eba00000)
  from space 3072K, 83% used [0x00000000eba00000,0x00000000ebc82378,0x00000000ebd00000)
  to   space 3584K, 0% used [0x00000000ebd80000,0x00000000ebd80000,0x00000000ec100000)
 ParOldGen       total 68608K, used 68482K [0x00000000c0000000, 0x00000000c4300000, 0x00000000eab00000)
  object space 68608K, 99% used [0x00000000c0000000,0x00000000c42e0b50,0x00000000c4300000)
 Metaspace       used 53398K, committed 54784K, reserved 1114112K
  class space    used 5575K, committed 6208K, reserved 1048576K
}
Event: 17.809 GC heap after
{Heap after GC invocations=38 (full 2):
 PSYoungGen      total 17920K, used 2271K [0x00000000eab00000, 0x00000000ec000000, 0x0000000100000000)
  eden space 15360K, 0% used [0x00000000eab00000,0x00000000eab00000,0x00000000eba00000)
  from space 2560K, 88% used [0x00000000ebd80000,0x00000000ebfb7ea0,0x00000000ec000000)
  to   space 2560K, 0% used [0x00000000ebb00000,0x00000000ebb00000,0x00000000ebd80000)
 ParOldGen       total 71168K, used 70684K [0x00000000c0000000, 0x00000000c4580000, 0x00000000eab00000)
  object space 71168K, 99% used [0x00000000c0000000,0x00000000c4507190,0x00000000c4580000)
 Metaspace       used 53398K, committed 54784K, reserved 1114112K
  class space    used 5575K, committed 6208K, reserved 1048576K
}
Event: 17.842 GC heap before
{Heap before GC invocations=39 (full 2):
 PSYoungGen      total 17920K, used 17631K [0x00000000eab00000, 0x00000000ec000000, 0x0000000100000000)
  eden space 15360K, 100% used [0x00000000eab00000,0x00000000eba00000,0x00000000eba00000)
  from space 2560K, 88% used [0x00000000ebd80000,0x00000000ebfb7ea0,0x00000000ec000000)
  to   space 2560K, 0% used [0x00000000ebb00000,0x00000000ebb00000,0x00000000ebd80000)
 ParOldGen       total 71168K, used 70684K [0x00000000c0000000, 0x00000000c4580000, 0x00000000eab00000)
  object space 71168K, 99% used [0x00000000c0000000,0x00000000c4507190,0x00000000c4580000)
 Metaspace       used 53398K, committed 54784K, reserved 1114112K
  class space    used 5575K, committed 6208K, reserved 1048576K
}
Event: 17.844 GC heap after
{Heap after GC invocations=39 (full 2):
 PSYoungGen      total 17408K, used 1661K [0x00000000eab00000, 0x00000000ebe00000, 0x0000000100000000)
  eden space 15360K, 0% used [0x00000000eab00000,0x00000000eab00000,0x00000000eba00000)
  from space 2048K, 81% used [0x00000000ebb00000,0x00000000ebc9f5a8,0x00000000ebd00000)
  to   space 1024K, 0% used [0x00000000ebd00000,0x00000000ebd00000,0x00000000ebe00000)
 ParOldGen       total 72192K, used 71884K [0x00000000c0000000, 0x00000000c4680000, 0x00000000eab00000)
  object space 72192K, 99% used [0x00000000c0000000,0x00000000c4633398,0x00000000c4680000)
 Metaspace       used 53398K, committed 54784K, reserved 1114112K
  class space    used 5575K, committed 6208K, reserved 1048576K
}
Event: 18.015 GC heap before
{Heap before GC invocations=40 (full 2):
 PSYoungGen      total 17408K, used 17021K [0x00000000eab00000, 0x00000000ebe00000, 0x0000000100000000)
  eden space 15360K, 100% used [0x00000000eab00000,0x00000000eba00000,0x00000000eba00000)
  from space 2048K, 81% used [0x00000000ebb00000,0x00000000ebc9f5a8,0x00000000ebd00000)
  to   space 1024K, 0% used [0x00000000ebd00000,0x00000000ebd00000,0x00000000ebe00000)
 ParOldGen       total 72192K, used 71884K [0x00000000c0000000, 0x00000000c4680000, 0x00000000eab00000)
  object space 72192K, 99% used [0x00000000c0000000,0x00000000c4633398,0x00000000c4680000)
 Metaspace       used 54194K, committed 55488K, reserved 1114112K
  class space    used 5646K, committed 6208K, reserved 1048576K
}
Event: 18.016 GC heap after
{Heap after GC invocations=40 (full 2):
 PSYoungGen      total 16384K, used 1008K [0x00000000eab00000, 0x00000000ebf00000, 0x0000000100000000)
  eden space 15360K, 0% used [0x00000000eab00000,0x00000000eab00000,0x00000000eba00000)
  from space 1024K, 98% used [0x00000000ebd00000,0x00000000ebdfc2b8,0x00000000ebe00000)
  to   space 2560K, 0% used [0x00000000eba00000,0x00000000eba00000,0x00000000ebc80000)
 ParOldGen       total 73216K, used 73053K [0x00000000c0000000, 0x00000000c4780000, 0x00000000eab00000)
  object space 73216K, 99% used [0x00000000c0000000,0x00000000c4757438,0x00000000c4780000)
 Metaspace       used 54194K, committed 55488K, reserved 1114112K
  class space    used 5646K, committed 6208K, reserved 1048576K
}
Event: 18.779 GC heap before
{Heap before GC invocations=41 (full 2):
 PSYoungGen      total 16384K, used 16368K [0x00000000eab00000, 0x00000000ebf00000, 0x0000000100000000)
  eden space 15360K, 100% used [0x00000000eab00000,0x00000000eba00000,0x00000000eba00000)
  from space 1024K, 98% used [0x00000000ebd00000,0x00000000ebdfc2b8,0x00000000ebe00000)
  to   space 2560K, 0% used [0x00000000eba00000,0x00000000eba00000,0x00000000ebc80000)
 ParOldGen       total 73216K, used 73053K [0x00000000c0000000, 0x00000000c4780000, 0x00000000eab00000)
  object space 73216K, 99% used [0x00000000c0000000,0x00000000c4757438,0x00000000c4780000)
 Metaspace       used 54736K, committed 56000K, reserved 1114112K
  class space    used 5699K, committed 6272K, reserved 1048576K
}
Event: 18.781 GC heap after
{Heap after GC invocations=41 (full 2):
 PSYoungGen      total 17920K, used 2548K [0x00000000eab00000, 0x00000000ec300000, 0x0000000100000000)
  eden space 15360K, 0% used [0x00000000eab00000,0x00000000eab00000,0x00000000eba00000)
  from space 2560K, 99% used [0x00000000eba00000,0x00000000ebc7d3e0,0x00000000ebc80000)
  to   space 4608K, 0% used [0x00000000ebe80000,0x00000000ebe80000,0x00000000ec300000)
 ParOldGen       total 74752K, used 74463K [0x00000000c0000000, 0x00000000c4900000, 0x00000000eab00000)
  object space 74752K, 99% used [0x00000000c0000000,0x00000000c48b7e18,0x00000000c4900000)
 Metaspace       used 54736K, committed 56000K, reserved 1114112K
  class space    used 5699K, committed 6272K, reserved 1048576K
}
Event: 18.915 GC heap before
{Heap before GC invocations=42 (full 2):
 PSYoungGen      total 17920K, used 17328K [0x00000000eab00000, 0x00000000ec300000, 0x0000000100000000)
  eden space 15360K, 96% used [0x00000000eab00000,0x00000000eb96ed78,0x00000000eba00000)
  from space 2560K, 99% used [0x00000000eba00000,0x00000000ebc7d3e0,0x00000000ebc80000)
  to   space 4608K, 0% used [0x00000000ebe80000,0x00000000ebe80000,0x00000000ec300000)
 ParOldGen       total 74752K, used 74463K [0x00000000c0000000, 0x00000000c4900000, 0x00000000eab00000)
  object space 74752K, 99% used [0x00000000c0000000,0x00000000c48b7e18,0x00000000c4900000)
 Metaspace       used 55168K, committed 56512K, reserved 1114112K
  class space    used 5724K, committed 6336K, reserved 1048576K
}
Event: 18.919 GC heap after
{Heap after GC invocations=42 (full 2):
 PSYoungGen      total 18432K, used 3056K [0x00000000eab00000, 0x00000000ec180000, 0x0000000100000000)
  eden space 15360K, 0% used [0x00000000eab00000,0x00000000eab00000,0x00000000eba00000)
  from space 3072K, 99% used [0x00000000ebe80000,0x00000000ec17c268,0x00000000ec180000)
  to   space 3584K, 0% used [0x00000000eba80000,0x00000000eba80000,0x00000000ebe00000)
 ParOldGen       total 77312K, used 76959K [0x00000000c0000000, 0x00000000c4b80000, 0x00000000eab00000)
  object space 77312K, 99% used [0x00000000c0000000,0x00000000c4b27f38,0x00000000c4b80000)
 Metaspace       used 55168K, committed 56512K, reserved 1114112K
  class space    used 5724K, committed 6336K, reserved 1048576K
}
Event: 19.083 GC heap before
{Heap before GC invocations=43 (full 2):
 PSYoungGen      total 18432K, used 18416K [0x00000000eab00000, 0x00000000ec180000, 0x0000000100000000)
  eden space 15360K, 100% used [0x00000000eab00000,0x00000000eba00000,0x00000000eba00000)
  from space 3072K, 99% used [0x00000000ebe80000,0x00000000ec17c268,0x00000000ec180000)
  to   space 3584K, 0% used [0x00000000eba80000,0x00000000eba80000,0x00000000ebe00000)
 ParOldGen       total 77312K, used 76959K [0x00000000c0000000, 0x00000000c4b80000, 0x00000000eab00000)
  object space 77312K, 99% used [0x00000000c0000000,0x00000000c4b27f38,0x00000000c4b80000)
 Metaspace       used 55938K, committed 57280K, reserved 1114112K
  class space    used 5820K, committed 6400K, reserved 1048576K
}
Event: 19.087 GC heap after
{Heap after GC invocations=43 (full 2):
 PSYoungGen      total 18944K, used 3488K [0x00000000eab00000, 0x00000000ec100000, 0x0000000100000000)
  eden space 15360K, 0% used [0x00000000eab00000,0x00000000eab00000,0x00000000eba00000)
  from space 3584K, 97% used [0x00000000eba80000,0x00000000ebde82f0,0x00000000ebe00000)
  to   space 3072K, 0% used [0x00000000ebe00000,0x00000000ebe00000,0x00000000ec100000)
 ParOldGen       total 79872K, used 79741K [0x00000000c0000000, 0x00000000c4e00000, 0x00000000eab00000)
  object space 79872K, 99% used [0x00000000c0000000,0x00000000c4ddf4a0,0x00000000c4e00000)
 Metaspace       used 55938K, committed 57280K, reserved 1114112K
  class space    used 5820K, committed 6400K, reserved 1048576K
}
Event: 19.191 GC heap before
{Heap before GC invocations=44 (full 2):
 PSYoungGen      total 18944K, used 18848K [0x00000000eab00000, 0x00000000ec100000, 0x0000000100000000)
  eden space 15360K, 100% used [0x00000000eab00000,0x00000000eba00000,0x00000000eba00000)
  from space 3584K, 97% used [0x00000000eba80000,0x00000000ebde82f0,0x00000000ebe00000)
  to   space 3072K, 0% used [0x00000000ebe00000,0x00000000ebe00000,0x00000000ec100000)
 ParOldGen       total 79872K, used 79741K [0x00000000c0000000, 0x00000000c4e00000, 0x00000000eab00000)
  object space 79872K, 99% used [0x00000000c0000000,0x00000000c4ddf4a0,0x00000000c4e00000)
 Metaspace       used 56269K, committed 57664K, reserved 1114112K
  class space    used 5858K, committed 6528K, reserved 1048576K
}
Event: 19.194 GC heap after
{Heap after GC invocations=44 (full 2):
 PSYoungGen      total 15360K, used 3071K [0x00000000eab00000, 0x00000000ec800000, 0x0000000100000000)
  eden space 12288K, 0% used [0x00000000eab00000,0x00000000eab00000,0x00000000eb700000)
  from space 3072K, 99% used [0x00000000ebe00000,0x00000000ec0ffe80,0x00000000ec100000)
  to   space 7168K, 0% used [0x00000000eb700000,0x00000000eb700000,0x00000000ebe00000)
 ParOldGen       total 83456K, used 82991K [0x00000000c0000000, 0x00000000c5180000, 0x00000000eab00000)
  object space 83456K, 99% used [0x00000000c0000000,0x00000000c510bfd8,0x00000000c5180000)
 Metaspace       used 56269K, committed 57664K, reserved 1114112K
  class space    used 5858K, committed 6528K, reserved 1048576K
}
Event: 19.295 GC heap before
{Heap before GC invocations=45 (full 2):
 PSYoungGen      total 15360K, used 15359K [0x00000000eab00000, 0x00000000ec800000, 0x0000000100000000)
  eden space 12288K, 100% used [0x00000000eab00000,0x00000000eb700000,0x00000000eb700000)
  from space 3072K, 99% used [0x00000000ebe00000,0x00000000ec0ffe80,0x00000000ec100000)
  to   space 7168K, 0% used [0x00000000eb700000,0x00000000eb700000,0x00000000ebe00000)
 ParOldGen       total 83456K, used 82991K [0x00000000c0000000, 0x00000000c5180000, 0x00000000eab00000)
  object space 83456K, 99% used [0x00000000c0000000,0x00000000c510bfd8,0x00000000c5180000)
 Metaspace       used 56582K, committed 57984K, reserved 1114112K
  class space    used 5863K, committed 6528K, reserved 1048576K
}
Event: 19.297 GC heap after
{Heap after GC invocations=45 (full 2):
 PSYoungGen      total 15360K, used 2868K [0x00000000eab00000, 0x00000000ec000000, 0x0000000100000000)
  eden space 12288K, 0% used [0x00000000eab00000,0x00000000eab00000,0x00000000eb700000)
  from space 3072K, 93% used [0x00000000eb700000,0x00000000eb9cd170,0x00000000eba00000)
  to   space 4608K, 0% used [0x00000000ebb80000,0x00000000ebb80000,0x00000000ec000000)
 ParOldGen       total 86016K, used 85935K [0x00000000c0000000, 0x00000000c5400000, 0x00000000eab00000)
  object space 86016K, 99% used [0x00000000c0000000,0x00000000c53ebcc8,0x00000000c5400000)
 Metaspace       used 56582K, committed 57984K, reserved 1114112K
  class space    used 5863K, committed 6528K, reserved 1048576K
}
Event: 19.475 GC heap before
{Heap before GC invocations=46 (full 2):
 PSYoungGen      total 15360K, used 15156K [0x00000000eab00000, 0x00000000ec000000, 0x0000000100000000)
  eden space 12288K, 100% used [0x00000000eab00000,0x00000000eb700000,0x00000000eb700000)
  from space 3072K, 93% used [0x00000000eb700000,0x00000000eb9cd170,0x00000000eba00000)
  to   space 4608K, 0% used [0x00000000ebb80000,0x00000000ebb80000,0x00000000ec000000)
 ParOldGen       total 86016K, used 85935K [0x00000000c0000000, 0x00000000c5400000, 0x00000000eab00000)
  object space 86016K, 99% used [0x00000000c0000000,0x00000000c53ebcc8,0x00000000c5400000)
 Metaspace       used 57000K, committed 58432K, reserved 1114112K
  class space    used 5871K, committed 6528K, reserved 1048576K
}
Event: 19.477 GC heap after
{Heap after GC invocations=46 (full 2):
 PSYoungGen      total 15360K, used 2638K [0x00000000eab00000, 0x00000000ebe80000, 0x0000000100000000)
  eden space 12288K, 0% used [0x00000000eab00000,0x00000000eab00000,0x00000000eb700000)
  from space 3072K, 85% used [0x00000000ebb80000,0x00000000ebe139d0,0x00000000ebe80000)
  to   space 3072K, 0% used [0x00000000eb700000,0x00000000eb700000,0x00000000eba00000)
 ParOldGen       total 88576K, used 88548K [0x00000000c0000000, 0x00000000c5680000, 0x00000000eab00000)
  object space 88576K, 99% used [0x00000000c0000000,0x00000000c5679398,0x00000000c5680000)
 Metaspace       used 57000K, committed 58432K, reserved 1114112K
  class space    used 5871K, committed 6528K, reserved 1048576K
}
Event: 19.744 GC heap before
{Heap before GC invocations=47 (full 2):
 PSYoungGen      total 15360K, used 14926K [0x00000000eab00000, 0x00000000ebe80000, 0x0000000100000000)
  eden space 12288K, 100% used [0x00000000eab00000,0x00000000eb700000,0x00000000eb700000)
  from space 3072K, 85% used [0x00000000ebb80000,0x00000000ebe139d0,0x00000000ebe80000)
  to   space 3072K, 0% used [0x00000000eb700000,0x00000000eb700000,0x00000000eba00000)
 ParOldGen       total 88576K, used 88548K [0x00000000c0000000, 0x00000000c5680000, 0x00000000eab00000)
  object space 88576K, 99% used [0x00000000c0000000,0x00000000c5679398,0x00000000c5680000)
 Metaspace       used 57555K, committed 58944K, reserved 1114112K
  class space    used 5891K, committed 6528K, reserved 1048576K
}
Event: 19.746 GC heap after
{Heap after GC invocations=47 (full 2):
 PSYoungGen      total 14848K, used 2195K [0x00000000eab00000, 0x00000000ebc00000, 0x0000000100000000)
  eden space 12288K, 0% used [0x00000000eab00000,0x00000000eab00000,0x00000000eb700000)
  from space 2560K, 85% used [0x00000000eb700000,0x00000000eb924fa0,0x00000000eb980000)
  to   space 2560K, 0% used [0x00000000eb980000,0x00000000eb980000,0x00000000ebc00000)
 ParOldGen       total 91136K, used 90965K [0x00000000c0000000, 0x00000000c5900000, 0x00000000eab00000)
  object space 91136K, 99% used [0x00000000c0000000,0x00000000c58d55b8,0x00000000c5900000)
 Metaspace       used 57555K, committed 58944K, reserved 1114112K
  class space    used 5891K, committed 6528K, reserved 1048576K
}

Dll operation events (10 events):
Event: 0.011 Loaded shared library c:\Users\ADMIN\.vscode\extensions\redhat.java-1.42.0-win32-x64\jre\21.0.7-win32-x86_64\bin\java.dll
Event: 0.144 Loaded shared library c:\Users\ADMIN\.vscode\extensions\redhat.java-1.42.0-win32-x64\jre\21.0.7-win32-x86_64\bin\zip.dll
Event: 0.180 Loaded shared library C:\Users\ADMIN\.vscode\extensions\redhat.java-1.42.0-win32-x64\jre\21.0.7-win32-x86_64\bin\instrument.dll
Event: 0.198 Loaded shared library C:\Users\ADMIN\.vscode\extensions\redhat.java-1.42.0-win32-x64\jre\21.0.7-win32-x86_64\bin\net.dll
Event: 0.201 Loaded shared library C:\Users\ADMIN\.vscode\extensions\redhat.java-1.42.0-win32-x64\jre\21.0.7-win32-x86_64\bin\nio.dll
Event: 0.205 Loaded shared library C:\Users\ADMIN\.vscode\extensions\redhat.java-1.42.0-win32-x64\jre\21.0.7-win32-x86_64\bin\zip.dll
Event: 0.227 Loaded shared library C:\Users\ADMIN\.vscode\extensions\redhat.java-1.42.0-win32-x64\jre\21.0.7-win32-x86_64\bin\jimage.dll
Event: 0.410 Loaded shared library c:\Users\ADMIN\.vscode\extensions\redhat.java-1.42.0-win32-x64\jre\21.0.7-win32-x86_64\bin\verify.dll
Event: 2.462 Loaded shared library C:\Users\ADMIN\AppData\Roaming\Code\User\globalStorage\redhat.java\1.42.0\config_win\org.eclipse.equinox.launcher\org.eclipse.equinox.launcher.win32.win32.x86_64_1.2.1300.v20250331-1702\eclipse_11911.dll
Event: 4.881 Loaded shared library C:\Users\ADMIN\AppData\Local\Temp\jna-62130991\jna14182604890297839653.dll

Deoptimization events (20 events):
Event: 19.642 Thread 0x0000018a5d28a220 DEOPT PACKING pc=0x0000018a043502aa sp=0x00000012206fe980
Event: 19.642 Thread 0x0000018a5d28a220 DEOPT UNPACKING pc=0x0000018a0a5d4242 sp=0x00000012206fdf08 mode 0
Event: 19.670 Thread 0x0000018a5d28a220 DEOPT PACKING pc=0x0000018a043502aa sp=0x00000012206fe980
Event: 19.670 Thread 0x0000018a5d28a220 DEOPT UNPACKING pc=0x0000018a0a5d4242 sp=0x00000012206fdf08 mode 0
Event: 19.681 Thread 0x0000018a5d28a220 DEOPT PACKING pc=0x0000018a03fc03b7 sp=0x00000012206fec80
Event: 19.681 Thread 0x0000018a5d28a220 DEOPT UNPACKING pc=0x0000018a0a5d4242 sp=0x00000012206fe120 mode 0
Event: 19.692 Thread 0x0000018a5f6ec9a0 Uncommon trap: trap_request=0xffffff76 fr.pc=0x0000018a0b0d13c0 relative=0x0000000000000080
Event: 19.692 Thread 0x0000018a5f6ec9a0 Uncommon trap: reason=predicate action=maybe_recompile pc=0x0000018a0b0d13c0 method=java.util.TimSort.binarySort([Ljava/lang/Object;IIILjava/util/Comparator;)V @ 34 c2
Event: 19.692 Thread 0x0000018a5f6ec9a0 DEOPT PACKING pc=0x0000018a0b0d13c0 sp=0x0000001223cfded0
Event: 19.693 Thread 0x0000018a5f6ec9a0 DEOPT UNPACKING pc=0x0000018a0a5d3aa2 sp=0x0000001223cfde70 mode 2
Event: 19.718 Thread 0x0000018a5f7e2e30 Uncommon trap: trap_request=0xffffff45 fr.pc=0x0000018a0b0d0ee4 relative=0x00000000000001a4
Event: 19.718 Thread 0x0000018a5f7e2e30 Uncommon trap: reason=unstable_if action=reinterpret pc=0x0000018a0b0d0ee4 method=org.eclipse.jdt.internal.compiler.parser.Scanner.scanIdentifierOrKeywordWithBoundCheck()Lorg/eclipse/jdt/internal/compiler/parser/TerminalToken; @ 55 c2
Event: 19.718 Thread 0x0000018a5f7e2e30 DEOPT PACKING pc=0x0000018a0b0d0ee4 sp=0x0000001221efe110
Event: 19.718 Thread 0x0000018a5f7e2e30 DEOPT UNPACKING pc=0x0000018a0a5d3aa2 sp=0x0000001221efe098 mode 2
Event: 19.861 Thread 0x0000018a5d28a220 DEOPT PACKING pc=0x0000018a043502aa sp=0x00000012206fe980
Event: 19.861 Thread 0x0000018a5d28a220 DEOPT UNPACKING pc=0x0000018a0a5d4242 sp=0x00000012206fdf08 mode 0
Event: 19.873 Thread 0x0000018a5d28a220 DEOPT PACKING pc=0x0000018a043502aa sp=0x00000012206fe980
Event: 19.873 Thread 0x0000018a5d28a220 DEOPT UNPACKING pc=0x0000018a0a5d4242 sp=0x00000012206fdf08 mode 0
Event: 19.949 Thread 0x0000018a5d28a220 DEOPT PACKING pc=0x0000018a043502aa sp=0x00000012206fe980
Event: 19.949 Thread 0x0000018a5d28a220 DEOPT UNPACKING pc=0x0000018a0a5d4242 sp=0x00000012206fdf08 mode 0

Classes loaded (20 events):
Event: 18.867 Loading class java/util/concurrent/ArrayBlockingQueue
Event: 18.869 Loading class java/util/concurrent/ArrayBlockingQueue done
Event: 19.013 Loading class java/util/Hashtable$ValueCollection
Event: 19.014 Loading class java/util/Hashtable$ValueCollection done
Event: 19.042 Loading class jdk/internal/math/FormattedFPDecimal
Event: 19.043 Loading class jdk/internal/math/FormattedFPDecimal done
Event: 19.052 Loading class java/util/concurrent/ConcurrentHashMap$KeySpliterator
Event: 19.053 Loading class java/util/concurrent/ConcurrentHashMap$KeySpliterator done
Event: 19.059 Loading class sun/nio/ch/ChannelOutputStream
Event: 19.059 Loading class sun/nio/ch/ChannelOutputStream done
Event: 19.082 Loading class java/util/stream/ReferencePipeline$4
Event: 19.088 Loading class java/util/stream/ReferencePipeline$4 done
Event: 19.088 Loading class java/util/stream/Nodes$IntFixedNodeBuilder
Event: 19.089 Loading class java/util/stream/Node$Builder$OfInt
Event: 19.089 Loading class java/util/stream/Node$Builder$OfInt done
Event: 19.089 Loading class java/util/stream/Nodes$IntArrayNode
Event: 19.089 Loading class java/util/stream/Nodes$IntArrayNode done
Event: 19.089 Loading class java/util/stream/Nodes$IntFixedNodeBuilder done
Event: 19.089 Loading class java/util/stream/ReferencePipeline$4$1
Event: 19.089 Loading class java/util/stream/ReferencePipeline$4$1 done

Classes unloaded (7 events):
Event: 5.597 Thread 0x0000018a7f12e9e0 Unloading class 0x0000018a1619cc00 'java/lang/invoke/LambdaForm$MH+0x0000018a1619cc00'
Event: 5.597 Thread 0x0000018a7f12e9e0 Unloading class 0x0000018a1619c800 'java/lang/invoke/LambdaForm$MH+0x0000018a1619c800'
Event: 5.597 Thread 0x0000018a7f12e9e0 Unloading class 0x0000018a1619c400 'java/lang/invoke/LambdaForm$MH+0x0000018a1619c400'
Event: 5.597 Thread 0x0000018a7f12e9e0 Unloading class 0x0000018a1619c000 'java/lang/invoke/LambdaForm$MH+0x0000018a1619c000'
Event: 5.597 Thread 0x0000018a7f12e9e0 Unloading class 0x0000018a1619bc00 'java/lang/invoke/LambdaForm$BMH+0x0000018a1619bc00'
Event: 5.597 Thread 0x0000018a7f12e9e0 Unloading class 0x0000018a1619b800 'java/lang/invoke/LambdaForm$DMH+0x0000018a1619b800'
Event: 5.597 Thread 0x0000018a7f12e9e0 Unloading class 0x0000018a1619a400 'java/lang/invoke/LambdaForm$DMH+0x0000018a1619a400'

Classes redefined (0 events):
No events

Internal exceptions (20 events):
Event: 13.168 Thread 0x0000018a5f7e2e30 Exception <a 'java/io/FileNotFoundException'{0x00000000eaf01e28}> (0x00000000eaf01e28) 
thrown [s\src\hotspot\share\prims\jni.cpp, line 520]
Event: 14.229 Thread 0x0000018a5f7e2e30 Exception <a 'sun/nio/fs/WindowsException'{0x00000000eb92d200}> (0x00000000eb92d200) 
thrown [s\src\hotspot\share\prims\jni.cpp, line 520]
Event: 14.493 Thread 0x0000018a5f7dd8e0 Exception <a 'sun/nio/fs/WindowsException'{0x00000000ebb666b8}> (0x00000000ebb666b8) 
thrown [s\src\hotspot\share\prims\jni.cpp, line 520]
Event: 14.527 Thread 0x0000018a5f7de600 Exception <a 'sun/nio/fs/WindowsException'{0x00000000ebc05e50}> (0x00000000ebc05e50) 
thrown [s\src\hotspot\share\prims\jni.cpp, line 520]
Event: 14.527 Thread 0x0000018a5f7e34c0 Exception <a 'sun/nio/fs/WindowsException'{0x00000000ebc2cf00}> (0x00000000ebc2cf00) 
thrown [s\src\hotspot\share\prims\jni.cpp, line 520]
Event: 14.527 Thread 0x0000018a5f7dd250 Exception <a 'sun/nio/fs/WindowsException'{0x00000000ebc40740}> (0x00000000ebc40740) 
thrown [s\src\hotspot\share\prims\jni.cpp, line 520]
Event: 14.527 Thread 0x0000018a5f7e1a80 Exception <a 'sun/nio/fs/WindowsException'{0x00000000ebbacb70}> (0x00000000ebbacb70) 
thrown [s\src\hotspot\share\prims\jni.cpp, line 520]
Event: 14.527 Thread 0x0000018a5f7dbea0 Exception <a 'sun/nio/fs/WindowsException'{0x00000000ebbc0008}> (0x00000000ebbc0008) 
thrown [s\src\hotspot\share\prims\jni.cpp, line 520]
Event: 14.528 Thread 0x0000018a5f7dec90 Exception <a 'sun/nio/fs/WindowsException'{0x00000000ebc53ce8}> (0x00000000ebc53ce8) 
thrown [s\src\hotspot\share\prims\jni.cpp, line 520]
Event: 14.528 Thread 0x0000018a5f7e0040 Exception <a 'sun/nio/fs/WindowsException'{0x00000000ebc19690}> (0x00000000ebc19690) 
thrown [s\src\hotspot\share\prims\jni.cpp, line 520]
Event: 14.531 Thread 0x0000018a5f7e0d60 Exception <a 'sun/nio/fs/WindowsException'{0x00000000ebcfb528}> (0x00000000ebcfb528) 
thrown [s\src\hotspot\share\prims\jni.cpp, line 520]
Event: 16.323 Thread 0x0000018a5e9443c0 Exception <a 'java/io/FileNotFoundException'{0x00000000eabb00c0}> (0x00000000eabb00c0) 
thrown [s\src\hotspot\share\prims\jni.cpp, line 520]
Event: 18.608 Thread 0x0000018a5f7e2e30 Exception <a 'java/lang/NoSuchMethodError'{0x00000000eb2fa2e0}: 'int java.lang.invoke.DirectMethodHandle$Holder.invokeSpecialIFC(java.lang.Object, java.lang.Object, java.lang.Object)'> (0x00000000eb2fa2e0) 
thrown [s\src\hotspot\share\interpreter\linkResolver.cpp, line 773]
Event: 18.989 Thread 0x0000018a5f6ec9a0 Exception <a 'java/lang/NoSuchMethodError'{0x00000000eb147750}: 'void java.lang.invoke.DirectMethodHandle$Holder.invokeStatic(java.lang.Object, int, java.lang.Object)'> (0x00000000eb147750) 
thrown [s\src\hotspot\share\interpreter\linkResolver.cpp, line 773]
Event: 19.030 Thread 0x0000018a5f7e2e30 Exception <a 'java/lang/NoSuchMethodError'{0x00000000eb47eb38}: 'int java.lang.invoke.DirectMethodHandle$Holder.invokeSpecialIFC(java.lang.Object, java.lang.Object, java.lang.Object, java.lang.Object)'> (0x00000000eb47eb38) 
thrown [s\src\hotspot\share\interpreter\linkResolver.cpp, line 773]
Event: 19.055 Thread 0x0000018a5f7e2e30 Exception <a 'java/lang/NoSuchMethodError'{0x00000000eb7316b0}: 'java.lang.Object java.lang.invoke.DirectMethodHandle$Holder.newInvokeSpecial(java.lang.Object, java.lang.Object, int, int, java.lang.Object)'> (0x00000000eb7316b0) 
thrown [s\src\hotspot\share\interpreter\linkResolver.cpp, line 773]
Event: 19.331 Thread 0x0000018a5f6ec9a0 Implicit null exception at 0x0000018a0af131c6 to 0x0000018a0af1320f
Event: 19.719 Thread 0x0000018a5f7e2e30 Exception <a 'sun/nio/fs/WindowsException'{0x00000000eb626ab0}> (0x00000000eb626ab0) 
thrown [s\src\hotspot\share\prims\jni.cpp, line 520]
Event: 19.720 Thread 0x0000018a5f7e2e30 Exception <a 'sun/nio/fs/WindowsException'{0x00000000eb6270e0}> (0x00000000eb6270e0) 
thrown [s\src\hotspot\share\prims\jni.cpp, line 520]
Event: 19.754 Thread 0x0000018a5e9443c0 Exception <a 'java/lang/IncompatibleClassChangeError'{0x00000000eab4db08}: Found class java.lang.Object, but interface was expected> (0x00000000eab4db08) 
thrown [s\src\hotspot\share\interpreter\linkResolver.cpp, line 840]

ZGC Phase Switch (0 events):
No events

VM Operations (20 events):
Event: 19.083 Executing VM operation: ParallelGCFailedAllocation (Allocation Failure)
Event: 19.087 Executing VM operation: ParallelGCFailedAllocation (Allocation Failure) done
Event: 19.191 Executing VM operation: ParallelGCFailedAllocation (Allocation Failure)
Event: 19.195 Executing VM operation: ParallelGCFailedAllocation (Allocation Failure) done
Event: 19.294 Executing VM operation: ParallelGCFailedAllocation (Allocation Failure)
Event: 19.297 Executing VM operation: ParallelGCFailedAllocation (Allocation Failure) done
Event: 19.314 Executing VM operation: HandshakeAllThreads (Deoptimize)
Event: 19.315 Executing VM operation: HandshakeAllThreads (Deoptimize) done
Event: 19.457 Executing VM operation: ParallelGCFailedAllocation (Allocation Failure)
Event: 19.477 Executing VM operation: ParallelGCFailedAllocation (Allocation Failure) done
Event: 19.481 Executing VM operation: HandshakeAllThreads (Deoptimize)
Event: 19.525 Executing VM operation: HandshakeAllThreads (Deoptimize) done
Event: 19.613 Executing VM operation: ICBufferFull
Event: 19.613 Executing VM operation: ICBufferFull done
Event: 19.699 Executing VM operation: HandshakeAllThreads (Deoptimize)
Event: 19.704 Executing VM operation: HandshakeAllThreads (Deoptimize) done
Event: 19.737 Executing VM operation: HandshakeAllThreads (Deoptimize)
Event: 19.743 Executing VM operation: HandshakeAllThreads (Deoptimize) done
Event: 19.744 Executing VM operation: ParallelGCFailedAllocation (Allocation Failure)
Event: 19.746 Executing VM operation: ParallelGCFailedAllocation (Allocation Failure) done

Memory protections (0 events):
No events

Nmethod flushes (20 events):
Event: 7.562 Thread 0x0000018a7f12e9e0 flushing  nmethod 0x0000018a037fa090
Event: 7.562 Thread 0x0000018a7f12e9e0 flushing  nmethod 0x0000018a037fb890
Event: 7.562 Thread 0x0000018a7f12e9e0 flushing  nmethod 0x0000018a037fc190
Event: 7.562 Thread 0x0000018a7f12e9e0 flushing  nmethod 0x0000018a037fd390
Event: 7.562 Thread 0x0000018a7f12e9e0 flushing  nmethod 0x0000018a037fdb90
Event: 7.562 Thread 0x0000018a7f12e9e0 flushing  nmethod 0x0000018a037fef10
Event: 7.562 Thread 0x0000018a7f12e9e0 flushing  nmethod 0x0000018a03800390
Event: 7.562 Thread 0x0000018a7f12e9e0 flushing  nmethod 0x0000018a03800810
Event: 7.562 Thread 0x0000018a7f12e9e0 flushing  nmethod 0x0000018a03800d10
Event: 7.562 Thread 0x0000018a7f12e9e0 flushing  nmethod 0x0000018a0380d410
Event: 7.562 Thread 0x0000018a7f12e9e0 flushing  nmethod 0x0000018a0380d710
Event: 7.562 Thread 0x0000018a7f12e9e0 flushing  nmethod 0x0000018a03810590
Event: 7.562 Thread 0x0000018a7f12e9e0 flushing  nmethod 0x0000018a03835310
Event: 7.562 Thread 0x0000018a7f12e9e0 flushing  nmethod 0x0000018a03845b10
Event: 7.562 Thread 0x0000018a7f12e9e0 flushing  nmethod 0x0000018a03845f10
Event: 7.562 Thread 0x0000018a7f12e9e0 flushing  nmethod 0x0000018a03896990
Event: 7.562 Thread 0x0000018a7f12e9e0 flushing  nmethod 0x0000018a038de010
Event: 7.562 Thread 0x0000018a7f12e9e0 flushing  nmethod 0x0000018a0391cb90
Event: 7.562 Thread 0x0000018a7f12e9e0 flushing  nmethod 0x0000018a03941010
Event: 7.562 Thread 0x0000018a7f12e9e0 flushing  nmethod 0x0000018a0395e790

Events (20 events):
Event: 14.804 Thread 0x0000018a5f7e2e30 Thread added: 0x0000018a5f6f04b0
Event: 14.804 Thread 0x0000018a5f7e2e30 Thread added: 0x0000018a5f6f1ef0
Event: 14.804 Thread 0x0000018a5f7e2e30 Thread added: 0x0000018a5f6f0b40
Event: 14.804 Thread 0x0000018a5f7e2e30 Thread added: 0x0000018a5f6efe20
Event: 14.804 Thread 0x0000018a5f7e2e30 Thread added: 0x0000018a5f6ef100
Event: 18.873 Thread 0x0000018a5f7e2e30 Thread added: 0x0000018a5f6ec9a0
Event: 19.055 Thread 0x0000018a5f7e2e30 Thread added: 0x0000018a5f6f32a0
Event: 19.082 Thread 0x0000018a5f7e2e30 Thread added: 0x0000018a5f6ed6c0
Event: 19.178 Thread 0x0000018a5f7e2e30 Thread added: 0x0000018a5f6f3fc0
Event: 19.214 Thread 0x0000018a5f7e2e30 Thread added: 0x0000018a5f6ef790
Event: 19.251 Thread 0x0000018a5f7e2e30 Thread added: 0x0000018a5fd8ef00
Event: 19.282 Thread 0x0000018a5f7e2e30 Thread added: 0x0000018a5fd8db50
Event: 19.287 Thread 0x0000018a5f7e2e30 Thread added: 0x0000018a5fd8a040
Event: 19.289 Thread 0x0000018a5f7e2e30 Thread added: 0x0000018a5fd8ba80
Event: 19.294 Thread 0x0000018a5f7e2e30 Thread added: 0x0000018a5fd8f590
Event: 19.299 Thread 0x0000018a5f7e2e30 Thread added: 0x0000018a5fd8ad60
Event: 19.303 Thread 0x0000018a5f7e2e30 Thread added: 0x0000018a5fd8d4c0
Event: 19.326 Thread 0x0000018a5f7e2e30 Thread added: 0x0000018a5fd8e1e0
Event: 19.329 Thread 0x0000018a5f7e2e30 Thread added: 0x0000018a5fd89320
Event: 19.338 Thread 0x0000018a5f7e2e30 Thread added: 0x0000018a5fd8a6d0


Dynamic libraries:
0x00007ff634610000 - 0x00007ff63461e000 	c:\Users\ADMIN\.vscode\extensions\redhat.java-1.42.0-win32-x64\jre\21.0.7-win32-x86_64\bin\java.exe
0x00007ffb8c7d0000 - 0x00007ffb8c9e7000 	C:\WINDOWS\SYSTEM32\ntdll.dll
0x00007ffb8b270000 - 0x00007ffb8b334000 	C:\WINDOWS\System32\KERNEL32.DLL
0x00007ffb89d80000 - 0x00007ffb8a152000 	C:\WINDOWS\System32\KERNELBASE.dll
0x00007ffb8a340000 - 0x00007ffb8a451000 	C:\WINDOWS\System32\ucrtbase.dll
0x00007ffb62ae0000 - 0x00007ffb62af8000 	c:\Users\ADMIN\.vscode\extensions\redhat.java-1.42.0-win32-x64\jre\21.0.7-win32-x86_64\bin\jli.dll
0x00007ffb8b340000 - 0x00007ffb8b4f1000 	C:\WINDOWS\System32\USER32.dll
0x00007ffb89ab0000 - 0x00007ffb89ad6000 	C:\WINDOWS\System32\win32u.dll
0x00007ffb8c2d0000 - 0x00007ffb8c2f9000 	C:\WINDOWS\System32\GDI32.dll
0x00007ffb89b10000 - 0x00007ffb89c33000 	C:\WINDOWS\System32\gdi32full.dll
0x00007ffb8a2a0000 - 0x00007ffb8a33a000 	C:\WINDOWS\System32\msvcp_win.dll
0x00007ffb62ac0000 - 0x00007ffb62ade000 	c:\Users\ADMIN\.vscode\extensions\redhat.java-1.42.0-win32-x64\jre\21.0.7-win32-x86_64\bin\VCRUNTIME140.dll
0x00007ffb82960000 - 0x00007ffb82bfb000 	C:\WINDOWS\WinSxS\amd64_microsoft.windows.common-controls_6595b64144ccf1df_6.0.22621.5415_none_270d77d17387d7da\COMCTL32.dll
0x00007ffb8c300000 - 0x00007ffb8c3a7000 	C:\WINDOWS\System32\msvcrt.dll
0x00007ffb8a580000 - 0x00007ffb8a5b1000 	C:\WINDOWS\System32\IMM32.DLL
0x00007ffb62ab0000 - 0x00007ffb62abc000 	c:\Users\ADMIN\.vscode\extensions\redhat.java-1.42.0-win32-x64\jre\21.0.7-win32-x86_64\bin\vcruntime140_1.dll
0x00007ffb2abf0000 - 0x00007ffb2ac7d000 	c:\Users\ADMIN\.vscode\extensions\redhat.java-1.42.0-win32-x64\jre\21.0.7-win32-x86_64\bin\msvcp140.dll
0x00007ffa295c0000 - 0x00007ffa2a350000 	c:\Users\ADMIN\.vscode\extensions\redhat.java-1.42.0-win32-x64\jre\21.0.7-win32-x86_64\bin\server\jvm.dll
0x00007ffb8aed0000 - 0x00007ffb8af81000 	C:\WINDOWS\System32\ADVAPI32.dll
0x00007ffb8a4d0000 - 0x00007ffb8a578000 	C:\WINDOWS\System32\sechost.dll
0x00007ffb89ae0000 - 0x00007ffb89b08000 	C:\WINDOWS\System32\bcrypt.dll
0x00007ffb8c550000 - 0x00007ffb8c664000 	C:\WINDOWS\System32\RPCRT4.dll
0x00007ffb8bdb0000 - 0x00007ffb8be21000 	C:\WINDOWS\System32\WS2_32.dll
0x00007ffb88740000 - 0x00007ffb8878d000 	C:\WINDOWS\SYSTEM32\POWRPROF.dll
0x00007ffb82da0000 - 0x00007ffb82dd4000 	C:\WINDOWS\SYSTEM32\WINMM.dll
0x00007ffb82670000 - 0x00007ffb8267a000 	C:\WINDOWS\SYSTEM32\VERSION.dll
0x00007ffb88720000 - 0x00007ffb88733000 	C:\WINDOWS\SYSTEM32\UMPDC.dll
0x00007ffb88940000 - 0x00007ffb88958000 	C:\WINDOWS\SYSTEM32\kernel.appcore.dll
0x00007ffb62aa0000 - 0x00007ffb62aaa000 	c:\Users\ADMIN\.vscode\extensions\redhat.java-1.42.0-win32-x64\jre\21.0.7-win32-x86_64\bin\jimage.dll
0x00007ffb86ce0000 - 0x00007ffb86f13000 	C:\WINDOWS\SYSTEM32\DBGHELP.DLL
0x00007ffb8ab30000 - 0x00007ffb8aec3000 	C:\WINDOWS\System32\combase.dll
0x00007ffb8a5d0000 - 0x00007ffb8a6a7000 	C:\WINDOWS\System32\OLEAUT32.dll
0x00007ffb82630000 - 0x00007ffb82662000 	C:\WINDOWS\SYSTEM32\dbgcore.DLL
0x00007ffb89c40000 - 0x00007ffb89cbb000 	C:\WINDOWS\System32\bcryptPrimitives.dll
0x00007ffb2abe0000 - 0x00007ffb2abef000 	c:\Users\ADMIN\.vscode\extensions\redhat.java-1.42.0-win32-x64\jre\21.0.7-win32-x86_64\bin\instrument.dll
0x00007ffb2abc0000 - 0x00007ffb2abdf000 	c:\Users\ADMIN\.vscode\extensions\redhat.java-1.42.0-win32-x64\jre\21.0.7-win32-x86_64\bin\java.dll
0x00007ffb8b500000 - 0x00007ffb8bda2000 	C:\WINDOWS\System32\SHELL32.dll
0x00007ffb8a160000 - 0x00007ffb8a29f000 	C:\WINDOWS\System32\wintypes.dll
0x00007ffb87800000 - 0x00007ffb8811e000 	C:\WINDOWS\SYSTEM32\windows.storage.dll
0x00007ffb8c670000 - 0x00007ffb8c77b000 	C:\WINDOWS\System32\SHCORE.dll
0x00007ffb8a460000 - 0x00007ffb8a4c9000 	C:\WINDOWS\System32\shlwapi.dll
0x00007ffb897f0000 - 0x00007ffb8981b000 	C:\WINDOWS\SYSTEM32\profapi.dll
0x00007ffb2aba0000 - 0x00007ffb2abb8000 	c:\Users\ADMIN\.vscode\extensions\redhat.java-1.42.0-win32-x64\jre\21.0.7-win32-x86_64\bin\zip.dll
0x00007ffb2ab90000 - 0x00007ffb2aba0000 	C:\Users\ADMIN\.vscode\extensions\redhat.java-1.42.0-win32-x64\jre\21.0.7-win32-x86_64\bin\net.dll
0x00007ffb861d0000 - 0x00007ffb862fc000 	C:\WINDOWS\SYSTEM32\WINHTTP.dll
0x00007ffb88e60000 - 0x00007ffb88ec9000 	C:\WINDOWS\system32\mswsock.dll
0x00007ffb2ab70000 - 0x00007ffb2ab86000 	C:\Users\ADMIN\.vscode\extensions\redhat.java-1.42.0-win32-x64\jre\21.0.7-win32-x86_64\bin\nio.dll
0x00007ffb2aa20000 - 0x00007ffb2aa30000 	c:\Users\ADMIN\.vscode\extensions\redhat.java-1.42.0-win32-x64\jre\21.0.7-win32-x86_64\bin\verify.dll
0x00007ffa2e6a0000 - 0x00007ffa2e6e5000 	C:\Users\ADMIN\AppData\Roaming\Code\User\globalStorage\redhat.java\1.42.0\config_win\org.eclipse.equinox.launcher\org.eclipse.equinox.launcher.win32.win32.x86_64_1.2.1300.v20250331-1702\eclipse_11911.dll
0x00007ffb8c130000 - 0x00007ffb8c2d0000 	C:\WINDOWS\System32\ole32.dll
0x00007ffb890b0000 - 0x00007ffb890cb000 	C:\WINDOWS\SYSTEM32\CRYPTSP.dll
0x00007ffb88960000 - 0x00007ffb88997000 	C:\WINDOWS\system32\rsaenh.dll
0x00007ffb88f50000 - 0x00007ffb88f78000 	C:\WINDOWS\SYSTEM32\USERENV.dll
0x00007ffb890d0000 - 0x00007ffb890dc000 	C:\WINDOWS\SYSTEM32\CRYPTBASE.dll
0x00007ffb883f0000 - 0x00007ffb8841d000 	C:\WINDOWS\SYSTEM32\IPHLPAPI.DLL
0x00007ffb8c120000 - 0x00007ffb8c129000 	C:\WINDOWS\System32\NSI.dll
0x00007ffa2bf30000 - 0x00007ffa2bf79000 	C:\Users\ADMIN\AppData\Local\Temp\jna-62130991\jna14182604890297839653.dll
0x00007ffb8be30000 - 0x00007ffb8be38000 	C:\WINDOWS\System32\PSAPI.DLL
0x00007ffb85480000 - 0x00007ffb85499000 	C:\WINDOWS\SYSTEM32\dhcpcsvc6.DLL
0x00007ffb85460000 - 0x00007ffb8547f000 	C:\WINDOWS\SYSTEM32\dhcpcsvc.DLL

dbghelp: loaded successfully - version: 4.0.5 - missing functions: none
symbol engine: initialized successfully - sym options: 0x614 - pdb path: .;c:\Users\ADMIN\.vscode\extensions\redhat.java-1.42.0-win32-x64\jre\21.0.7-win32-x86_64\bin;C:\WINDOWS\SYSTEM32;C:\WINDOWS\WinSxS\amd64_microsoft.windows.common-controls_6595b64144ccf1df_6.0.22621.5415_none_270d77d17387d7da;c:\Users\ADMIN\.vscode\extensions\redhat.java-1.42.0-win32-x64\jre\21.0.7-win32-x86_64\bin\server;C:\Users\ADMIN\AppData\Roaming\Code\User\globalStorage\redhat.java\1.42.0\config_win\org.eclipse.equinox.launcher\org.eclipse.equinox.launcher.win32.win32.x86_64_1.2.1300.v20250331-1702;C:\Users\ADMIN\AppData\Local\Temp\jna-62130991

VM Arguments:
jvm_args: --add-modules=ALL-SYSTEM --add-opens=java.base/java.util=ALL-UNNAMED --add-opens=java.base/java.lang=ALL-UNNAMED --add-opens=java.base/sun.nio.fs=ALL-UNNAMED -Declipse.application=org.eclipse.jdt.ls.core.id1 -Dosgi.bundles.defaultStartLevel=4 -Declipse.product=org.eclipse.jdt.ls.core.product -Djava.import.generatesMetadataFilesAtProjectRoot=false -DDetectVMInstallationsJob.disabled=true -Dfile.encoding=utf8 -XX:+UseParallelGC -XX:GCTimeRatio=4 -XX:AdaptiveSizePolicyWeight=90 -Dsun.zip.disableMemoryMapping=true -Xmx1G -Xms100m -Xlog:disable -javaagent:c:\Users\ADMIN\.vscode\extensions\redhat.java-1.42.0-win32-x64\lombok\lombok-1.18.36.jar -XX:+HeapDumpOnOutOfMemoryError -XX:HeapDumpPath=c:\Users\ADMIN\AppData\Roaming\Code\User\workspaceStorage\c9c34c9037f30831ff1e317f9d9d2896\redhat.java -Daether.dependencyCollector.impl=bf 
java_command: c:\Users\ADMIN\.vscode\extensions\redhat.java-1.42.0-win32-x64\server\plugins\org.eclipse.equinox.launcher_1.7.0.v20250424-1814.jar -configuration c:\Users\ADMIN\AppData\Roaming\Code\User\globalStorage\redhat.java\1.42.0\config_win -data c:\Users\ADMIN\AppData\Roaming\Code\User\workspaceStorage\c9c34c9037f30831ff1e317f9d9d2896\redhat.java\jdt_ws --pipe=\\.\pipe\lsp-e75aad9b6f7af2bb12cb69bebafaa374-sock
java_class_path (initial): c:\Users\ADMIN\.vscode\extensions\redhat.java-1.42.0-win32-x64\server\plugins\org.eclipse.equinox.launcher_1.7.0.v20250424-1814.jar
Launcher Type: SUN_STANDARD

[Global flags]
    uintx AdaptiveSizePolicyWeight                 = 90                                        {product} {command line}
     intx CICompilerCount                          = 12                                        {product} {ergonomic}
    uintx GCTimeRatio                              = 4                                         {product} {command line}
     bool HeapDumpOnOutOfMemoryError               = true                                   {manageable} {command line}
    ccstr HeapDumpPath                             = c:\Users\ADMIN\AppData\Roaming\Code\User\workspaceStorage\c9c34c9037f30831ff1e317f9d9d2896\redhat.java         {manageable} {command line}
   size_t InitialHeapSize                          = 104857600                                 {product} {command line}
   size_t MaxHeapSize                              = 1073741824                                {product} {command line}
   size_t MaxNewSize                               = 357564416                                 {product} {ergonomic}
   size_t MinHeapDeltaBytes                        = 524288                                    {product} {ergonomic}
   size_t MinHeapSize                              = 104857600                                 {product} {command line}
   size_t NewSize                                  = 34603008                                  {product} {ergonomic}
    uintx NonNMethodCodeHeapSize                   = 7602480                                {pd product} {ergonomic}
    uintx NonProfiledCodeHeapSize                  = 122027880                              {pd product} {ergonomic}
   size_t OldSize                                  = 70254592                                  {product} {ergonomic}
    uintx ProfiledCodeHeapSize                     = 122027880                              {pd product} {ergonomic}
    uintx ReservedCodeCacheSize                    = 251658240                              {pd product} {ergonomic}
     bool SegmentedCodeCache                       = true                                      {product} {ergonomic}
   size_t SoftMaxHeapSize                          = 1073741824                             {manageable} {ergonomic}
     bool UseCompressedOops                        = true                           {product lp64_product} {ergonomic}
     bool UseLargePagesIndividualAllocation        = false                                  {pd product} {ergonomic}
     bool UseParallelGC                            = true                                      {product} {command line}

Logging:
Log output configuration:
 #0: stdout all=off uptime,level,tags foldmultilines=false
 #1: stderr all=off uptime,level,tags foldmultilines=false

Environment Variables:
JAVA_HOME=C:\Program Files\Java\jdk-17
PATH=d:\AI\cursor\resources\app\bin;C:\Program Files\Common Files\Oracle\Java\javapath;E:\Ki5\SWT301\apache-maven-3.9.9-bin\apache-maven-3.9.9\bin;C:\Program Files\Microsoft MPI\Bin\;C:\Program Files (x86)\Common Files\Oracle\Java\javapath;C:\Windows\system32;C:\Windows;C:\Windows\System32\Wbem;C:\Windows\System32\WindowsPowerShell\v1.0\;C:\Windows\System32\OpenSSH\;C:\Program Files (x86)\NVIDIA Corporation\PhysX\Common;C:\Program Files\NVIDIA Corporation\NVIDIA NvDLISR;C:\WINDOWS\system32;C:\WINDOWS;C:\WINDOWS\System32\Wbem;C:\WINDOWS\System32\WindowsPowerShell\v1.0\;C:\WINDOWS\System32\OpenSSH\;C:\Program Files\Microsoft SQL Server\Client SDK\ODBC\110\Tools\Binn\;C:\Program Files (x86)\Microsoft SQL Server\160\Tools\Binn\;C:\Program Files\Microsoft SQL Server\160\Tools\Binn\;C:\Program Files\Microsoft SQL Server\Client SDK\ODBC\170\Tools\Binn\;C:\Program Files\Microsoft SQL Server\160\DTS\Binn\;C:\Program Files\Git\cmd;E:\Ki5\FER202\nodejs\;C:\Program Files (x86)\Microsoft SQL Server\100\Tools\Binn\;C:\Program F;C:\Program Files\dotnet\;E:\Ki5\SWT301\apache-maven-3.9.9-bin\apache-maven-3.9.9\bin;C:\ProgramData\ADMIN\GitHubDesktop\bin;C:\Users\ADMIN\AppData\Local\GitHubDesktop\bin;C:\Users\ADMIN\AppData\Roaming\npm;;C:\Program Files\JetBrains\IntelliJ IDEA 2024.3.5\bin;;D:\AI\cursor\resources\app\bin;E:\VSCODE\Microsoft VS Code\bin;C:\Users\ADMIN\.dotnet\tools
USERNAME=ADMIN
OS=Windows_NT
PROCESSOR_IDENTIFIER=Intel64 Family 6 Model 154 Stepping 3, GenuineIntel
TMP=C:\Users\ADMIN\AppData\Local\Temp
TEMP=C:\Users\ADMIN\AppData\Local\Temp




Periodic native trim disabled

---------------  S Y S T E M  ---------------

OS:
 Windows 11 , 64 bit Build 22621 (10.0.22621.5415)
OS uptime: 4 days 3:39 hours

CPU: total 16 (initial active 16) (16 cores per cpu, 1 threads per core) family 6 model 154 stepping 3 microcode 0x429, cx8, cmov, fxsr, mmx, 3dnowpref, sse, sse2, sse3, ssse3, sse4.1, sse4.2, popcnt, lzcnt, tsc, tscinvbit, avx, avx2, aes, erms, clmul, bmi1, bmi2, adx, sha, fma, vzeroupper, clflush, clflushopt, clwb, serialize, rdtscp, rdpid, fsrm, f16c, pku, cet_ibt, cet_ss
Processor Information for the first 16 processors :
  Max Mhz: 2300, Current Mhz: 2300, Mhz Limit: 2300

Memory: 4k page, system-wide physical 7812M (29M free)
TotalPageFile size 27485M (AvailPageFile size 32M)
current process WorkingSet (physical memory assigned to process): 231M, peak: 231M
current process commit charge ("private bytes"): 357M, peak: 361M

vm_info: OpenJDK 64-Bit Server VM (21.0.7+6-LTS) for windows-amd64 JRE (21.0.7+6-LTS), built on 2025-04-15T00:00:00Z by "admin" with MS VC++ 17.7 (VS2022)

END.
