#
# There is insufficient memory for the Java Runtime Environment to continue.
# Native memory allocation (mmap) failed to map 65536 bytes. Error detail: Failed to commit metaspace.
# Possible reasons:
#   The system is out of physical RAM or swap space
#   This process is running with CompressedOops enabled, and the Java Heap may be blocking the growth of the native heap
# Possible solutions:
#   Reduce memory load on the system
#   Increase physical memory or swap space
#   Check if swap backing store is full
#   Decrease Java heap size (-Xmx/-Xms)
#   Decrease number of Java threads
#   Decrease Java thread stack sizes (-Xss)
#   Set larger code cache with -XX:ReservedCodeCacheSize=
#   JVM is running with Unscaled Compressed Oops mode in which the Java heap is
#     placed in the first 4GB address space. The Java Heap base address is the
#     maximum limit for the native heap growth. Please use -XX:HeapBaseMinAddress
#     to set the Java Heap base and to place the Java Heap above 4GB virtual address.
# This output file may be truncated or incomplete.
#
#  Out of Memory Error (virtualSpaceNode.cpp:113), pid=35364, tid=2548
#
# JRE version: OpenJDK Runtime Environment Temurin-21.0.7+6 (21.0.7+6) (build 21.0.7+6-LTS)
# Java VM: OpenJDK 64-Bit Server VM Temurin-21.0.7+6 (21.0.7+6-LTS, mixed mode, sharing, tiered, compressed oops, compressed class ptrs, parallel gc, windows-amd64)
# No core dump will be written. Minidumps are not enabled by default on client versions of Windows
#

---------------  S U M M A R Y ------------

Command Line: --add-modules=ALL-SYSTEM --add-opens=java.base/java.util=ALL-UNNAMED --add-opens=java.base/java.lang=ALL-UNNAMED --add-opens=java.base/sun.nio.fs=ALL-UNNAMED -Declipse.application=org.eclipse.jdt.ls.core.id1 -Dosgi.bundles.defaultStartLevel=4 -Declipse.product=org.eclipse.jdt.ls.core.product -Djava.import.generatesMetadataFilesAtProjectRoot=false -DDetectVMInstallationsJob.disabled=true -Dfile.encoding=utf8 -XX:+UseParallelGC -XX:GCTimeRatio=4 -XX:AdaptiveSizePolicyWeight=90 -Dsun.zip.disableMemoryMapping=true -Xmx1G -Xms100m -Xlog:disable -javaagent:c:\Users\ADMIN\.vscode\extensions\redhat.java-1.42.0-win32-x64\lombok\lombok-1.18.36.jar c:\Users\ADMIN\.vscode\extensions\redhat.java-1.42.0-win32-x64\server\plugins\org.eclipse.equinox.launcher_1.7.0.v20250424-1814.jar -configuration c:\Users\ADMIN\AppData\Roaming\Code\User\globalStorage\redhat.java\1.42.0\config_ss_win -data c:\Users\ADMIN\AppData\Roaming\Code\User\workspaceStorage\c9c34c9037f30831ff1e317f9d9d2896\redhat.java\ss_ws --pipe=\\.\pipe\lsp-3c6a76836393564446a5bbeeda0274f8-sock

Host: 12th Gen Intel(R) Core(TM) i7-12650H, 16 cores, 7G,  Windows 11 , 64 bit Build 22621 (10.0.22621.5415)
Time: Mon Jun 23 22:55:18 2025 SE Asia Standard Time elapsed time: 0.772277 seconds (0d 0h 0m 0s)

---------------  T H R E A D  ---------------

Current thread (0x0000021ca98150d0):  JavaThread "main"             [_thread_in_vm, id=2548, stack(0x0000006cd3a00000,0x0000006cd3b00000) (1024K)]

Stack: [0x0000006cd3a00000,0x0000006cd3b00000]
Native frames: (J=compiled Java code, j=interpreted, Vv=VM code, C=native code)
V  [jvm.dll+0x6ce119]
V  [jvm.dll+0x8a84a1]
V  [jvm.dll+0x8aa9ce]
V  [jvm.dll+0x8ab0b3]
V  [jvm.dll+0x27f8a6]
V  [jvm.dll+0x8a41ee]
V  [jvm.dll+0x670575]
V  [jvm.dll+0x6705da]
V  [jvm.dll+0x672dc2]
V  [jvm.dll+0x672c92]
V  [jvm.dll+0x670f4e]
V  [jvm.dll+0x26a8d0]
V  [jvm.dll+0x216127]
V  [jvm.dll+0x20bbae]
V  [jvm.dll+0x5ae58c]
V  [jvm.dll+0x21d26a]
V  [jvm.dll+0x820d6c]
V  [jvm.dll+0x821d94]
V  [jvm.dll+0x822362]
V  [jvm.dll+0x821fe8]
V  [jvm.dll+0x26cf1b]
V  [jvm.dll+0x26d14a]
V  [jvm.dll+0x5d1997]
V  [jvm.dll+0x5d497f]
V  [jvm.dll+0x3d8605]
V  [jvm.dll+0x3d7c7d]
C  0x0000021cb3e68080

The last pc belongs to invokestatic (printed below).
Java frames: (J=compiled Java code, j=interpreted, Vv=VM code)
j  sun.security.pkcs.SignerInfo.<clinit>()V+0 java.base@21.0.7
v  ~StubRoutines::call_stub 0x0000021cb3e5100d
j  sun.security.pkcs.PKCS7.parseSignedData(Lsun/security/util/DerValue;)V+622 java.base@21.0.7
j  sun.security.pkcs.PKCS7.parse(Lsun/security/util/DerInputStream;Z)V+51 java.base@21.0.7
j  sun.security.pkcs.PKCS7.parse(Lsun/security/util/DerInputStream;)V+11 java.base@21.0.7
j  sun.security.pkcs.PKCS7.<init>([B)V+50 java.base@21.0.7
j  sun.security.util.SignatureFileVerifier.<init>(Ljava/util/ArrayList;Lsun/security/util/ManifestDigester;Ljava/lang/String;[B)V+35 java.base@21.0.7
j  java.util.jar.JarVerifier.processEntry(Lsun/security/util/ManifestEntryVerifier;)V+319 java.base@21.0.7
j  java.util.jar.JarVerifier.update(I[BIILsun/security/util/ManifestEntryVerifier;)V+39 java.base@21.0.7
j  java.util.jar.JarFile.initializeVerifier()V+164 java.base@21.0.7
j  java.util.jar.JarFile.ensureInitialization()V+36 java.base@21.0.7
j  java.util.jar.JavaUtilJarAccessImpl.ensureInitialization(Ljava/util/jar/JarFile;)V+1 java.base@21.0.7
j  jdk.internal.loader.URLClassPath$JarLoader$2.getManifest()Ljava/util/jar/Manifest;+10 java.base@21.0.7
j  jdk.internal.loader.BuiltinClassLoader.defineClass(Ljava/lang/String;Ljdk/internal/loader/Resource;)Ljava/lang/Class;+29 java.base@21.0.7
j  jdk.internal.loader.BuiltinClassLoader.findClassOnClassPathOrNull(Ljava/lang/String;)Ljava/lang/Class;+37 java.base@21.0.7
j  jdk.internal.loader.BuiltinClassLoader.loadClassOrNull(Ljava/lang/String;Z)Ljava/lang/Class;+111 java.base@21.0.7
j  jdk.internal.loader.BuiltinClassLoader.loadClass(Ljava/lang/String;Z)Ljava/lang/Class;+3 java.base@21.0.7
j  jdk.internal.loader.ClassLoaders$AppClassLoader.loadClass(Ljava/lang/String;Z)Ljava/lang/Class;+36 java.base@21.0.7
j  java.lang.ClassLoader.loadClass(Ljava/lang/String;)Ljava/lang/Class;+3 java.base@21.0.7
v  ~StubRoutines::call_stub 0x0000021cb3e5100d
j  java.lang.Class.forName0(Ljava/lang/String;ZLjava/lang/ClassLoader;Ljava/lang/Class;)Ljava/lang/Class;+0 java.base@21.0.7
j  java.lang.Class.forName(Ljava/lang/String;ZLjava/lang/ClassLoader;Ljava/lang/Class;)Ljava/lang/Class;+37 java.base@21.0.7
j  java.lang.Class.forName(Ljava/lang/String;ZLjava/lang/ClassLoader;)Ljava/lang/Class;+20 java.base@21.0.7
j  sun.launcher.LauncherHelper.loadMainClass(ILjava/lang/String;)Ljava/lang/Class;+95 java.base@21.0.7
j  sun.launcher.LauncherHelper.checkAndLoadMain(ZILjava/lang/String;)Ljava/lang/Class;+42 java.base@21.0.7
v  ~StubRoutines::call_stub 0x0000021cb3e5100d
invokestatic  184 invokestatic  [0x0000021cb3e67fe0, 0x0000021cb3e682a8]  712 bytes
[MachCode]
  0x0000021cb3e67fe0: 4883 ec08 | c5fa 1104 | 24eb 1f48 | 83ec 10c5 | fb11 0424 | eb14 4883 | ec10 4889 | 0424 48c7 
  0x0000021cb3e68000: 4424 0800 | 0000 00eb | 0150 4c89 | 6dc0 410f | b755 0148 | 8b4d d0c1 | e202 8b5c | d138 c1eb 
  0x0000021cb3e68020: 1081 e3ff | 0000 0081 | fbb8 0000 | 000f 84b4 | 0000 00bb | b800 0000 | e805 0000 | 00e9 9900 
  0x0000021cb3e68040: 0000 488b | d348 8d44 | 2408 4c89 | 6dc0 498b | cfc5 f877 | 4989 afa8 | 0300 0049 | 8987 9803 
  0x0000021cb3e68060: 0000 4883 | ec20 40f6 | c40f 0f84 | 1900 0000 | 4883 ec08 | 48b8 107c | 9029 fa7f | 0000 ffd0 
  0x0000021cb3e68080: 4883 c408 | e90c 0000 | 0048 b810 | 7c90 29fa | 7f00 00ff | d048 83c4 | 2049 c787 | 9803 0000 
  0x0000021cb3e680a0: 0000 0000 | 49c7 87a8 | 0300 0000 | 0000 0049 | c787 a003 | 0000 0000 | 0000 c5f8 | 7749 837f 
  0x0000021cb3e680c0: 0800 0f84 | 0500 0000 | e933 8efe | ff4c 8b6d | c04c 8b75 | c84e 8d74 | f500 c341 | 0fb7 5501 
  0x0000021cb3e680e0: 488b 4dd0 | c1e2 0248 | 8b5c d140 | 488b 5b08 | 488b 5b08 | 488b 5b18 | 80bb 2101 | 0000 040f 
  0x0000021cb3e68100: 840d 0000 | 004c 3bbb | 2801 0000 | 0f85 21ff | ffff 488b | 5cd1 408b | 54d1 50c1 | ea1c 49ba 
  0x0000021cb3e68120: c0df 1e2a | fa7f 0000 | 498b 14d2 | 5248 8b45 | d848 85c0 | 0f84 1200 | 0000 4883 | 4008 0148 
  0x0000021cb3e68140: 8358 0800 | 4883 c010 | 4889 45d8 | 488b 45d8 | 4885 c00f | 843d 0100 | 0080 78f0 | 0a0f 8533 
  0x0000021cb3e68160: 0100 0048 | 83c0 084c | 8b68 f841 | 83ed 0041 | 83fd 020f | 8c12 0100 | 004c 8b6b | 0845 0fb7 
  0x0000021cb3e68180: 6d2e 4c2b | 2841 83ed | 014e 8b6c | ec08 4d85 | ed75 0ef6 | 4008 0175 | 58f0 4883 | 4808 01eb 
  0x0000021cb3e681a0: 5045 8b6d | 0849 ba00 | 0000 be1c | 0200 004d | 03ea 4d8b | d54c 3368 | 0849 f7c5 | fcff ffff 
  0x0000021cb3e681c0: 742f 41f6 | c502 7529 | 4883 7808 | 0074 1e48 | 8378 0801 | 7417 4d8b | ea4c 3368 | 0849 f7c5 
  0x0000021cb3e681e0: fcff ffff | 740b 4883 | 4808 02eb | 044c 8968 | 0848 83c0 | 104c 8b68 | e841 83ed | 0241 83fd 
  0x0000021cb3e68200: 020f 8c84 | 0000 004c | 8b6b 0845 | 0fb7 6d2e | 4c2b 2841 | 83ed 014e | 8b6c ec08 | 4d85 ed75 
  0x0000021cb3e68220: 0ef6 4008 | 0175 58f0 | 4883 4808 | 01eb 5045 | 8b6d 0849 | ba00 0000 | be1c 0200 | 004d 03ea 
  0x0000021cb3e68240: 4d8b d54c | 3368 0849 | f7c5 fcff | ffff 742f | 41f6 c502 | 7529 4883 | 7808 0074 | 1e48 8378 
  0x0000021cb3e68260: 0801 7417 | 4d8b ea4c | 3368 0849 | f7c5 fcff | ffff 740b | 4883 4808 | 02eb 044c | 8968 0848 
  0x0000021cb3e68280: 83c0 104c | 8b68 d841 | 83ed 0441 | c1e5 0349 | 03c5 4889 | 45d8 4c8d | 6c24 084c | 896d f0ff 
  0x0000021cb3e682a0: 6350 660f | 1f44 0000 
[/MachCode]

---------------  P R O C E S S  ---------------

Threads class SMR info:
_java_thread_list=0x0000021c803eab70, length=11, elements={
0x0000021ca98150d0, 0x0000021ca98b33a0, 0x0000021cbdbfd690, 0x0000021ca98b6400,
0x0000021ca98b7210, 0x0000021ca98bf920, 0x0000021ca98c0410, 0x0000021ca98c49b0,
0x0000021ca98c5dc0, 0x0000021c80247900, 0x0000021c804f43a0
}

Java Threads: ( => current thread )
=>0x0000021ca98150d0 JavaThread "main"                              [_thread_in_vm, id=2548, stack(0x0000006cd3a00000,0x0000006cd3b00000) (1024K)]
  0x0000021ca98b33a0 JavaThread "Reference Handler"          daemon [_thread_blocked, id=24980, stack(0x0000006cd3e00000,0x0000006cd3f00000) (1024K)]
  0x0000021cbdbfd690 JavaThread "Finalizer"                  daemon [_thread_blocked, id=11620, stack(0x0000006cd3f00000,0x0000006cd4000000) (1024K)]
  0x0000021ca98b6400 JavaThread "Signal Dispatcher"          daemon [_thread_blocked, id=34932, stack(0x0000006cd4000000,0x0000006cd4100000) (1024K)]
  0x0000021ca98b7210 JavaThread "Attach Listener"            daemon [_thread_blocked, id=13180, stack(0x0000006cd4100000,0x0000006cd4200000) (1024K)]
  0x0000021ca98bf920 JavaThread "Service Thread"             daemon [_thread_blocked, id=20504, stack(0x0000006cd4200000,0x0000006cd4300000) (1024K)]
  0x0000021ca98c0410 JavaThread "Monitor Deflation Thread"   daemon [_thread_blocked, id=15036, stack(0x0000006cd4300000,0x0000006cd4400000) (1024K)]
  0x0000021ca98c49b0 JavaThread "C2 CompilerThread0"         daemon [_thread_in_native, id=24516, stack(0x0000006cd4400000,0x0000006cd4500000) (1024K)]
  0x0000021ca98c5dc0 JavaThread "C1 CompilerThread0"         daemon [_thread_in_vm, id=8592, stack(0x0000006cd4500000,0x0000006cd4600000) (1024K)]
  0x0000021c80247900 JavaThread "Common-Cleaner"             daemon [_thread_blocked, id=28744, stack(0x0000006cd4600000,0x0000006cd4700000) (1024K)]
  0x0000021c804f43a0 JavaThread "Notification Thread"        daemon [_thread_blocked, id=33744, stack(0x0000006cd4700000,0x0000006cd4800000) (1024K)]
Total: 11

Other Threads:
  0x0000021ca756eab0 VMThread "VM Thread"                           [id=1876, stack(0x0000006cd3d00000,0x0000006cd3e00000) (1024K)]
  0x0000021cbdadca00 WatcherThread "VM Periodic Task Thread"        [id=17588, stack(0x0000006cd3c00000,0x0000006cd3d00000) (1024K)]
  0x0000021ca9832820 WorkerThread "GC Thread#0"                     [id=14112, stack(0x0000006cd3b00000,0x0000006cd3c00000) (1024K)]
Total: 3

Threads with active compile tasks:
C2 CompilerThread0  837  632       4       java.lang.String::replace (42 bytes)
C1 CompilerThread0  837  655       3       sun.security.util.DerInputStream::getDerValue (76 bytes)
Total: 2

VM state: not at safepoint (normal execution)

VM Mutex/Monitor currently owned by a thread:  ([mutex/lock_event])
[0x00007ffa2a1dc308] Metaspace_lock - owner thread: 0x0000021ca98150d0

Heap address: 0x00000000c0000000, size: 1024 MB, Compressed Oops mode: 32-bit

CDS archive(s) mapped at: [0x0000021cbe000000-0x0000021cbeba0000-0x0000021cbeba0000), size 12189696, SharedBaseAddress: 0x0000021cbe000000, ArchiveRelocationMode: 1.
Compressed class space mapped at: 0x0000021cbf000000-0x0000021cff000000, reserved size: 1073741824
Narrow klass base: 0x0000021cbe000000, Narrow klass shift: 0, Narrow klass range: 0x100000000

GC Precious Log:
 CardTable entry size: 512
 CPUs: 16 total, 16 available
 Memory: 7812M
 Large Page Support: Disabled
 NUMA Support: Disabled
 Compressed Oops: Enabled (32-bit)
 Alignments: Space 512K, Generation 512K, Heap 2M
 Heap Min Capacity: 100M
 Heap Initial Capacity: 100M
 Heap Max Capacity: 1G
 Pre-touch: Disabled
 Parallel Workers: 13

Heap:
 PSYoungGen      total 29696K, used 12271K [0x00000000eab00000, 0x00000000ecc00000, 0x0000000100000000)
  eden space 25600K, 47% used [0x00000000eab00000,0x00000000eb6fbde8,0x00000000ec400000)
  from space 4096K, 0% used [0x00000000ec800000,0x00000000ec800000,0x00000000ecc00000)
  to   space 4096K, 0% used [0x00000000ec400000,0x00000000ec400000,0x00000000ec800000)
 ParOldGen       total 68608K, used 0K [0x00000000c0000000, 0x00000000c4300000, 0x00000000eab00000)
  object space 68608K, 0% used [0x00000000c0000000,0x00000000c0000000,0x00000000c4300000)
 Metaspace       used 2108K, committed 2304K, reserved 1114112K
  class space    used 202K, committed 320K, reserved 1048576K

Card table byte_map: [0x0000021ca91b0000,0x0000021ca93c0000] _byte_map_base: 0x0000021ca8bb0000

Marking Bits: (ParMarkBitMap*) 0x00007ffa2a1e31f0
 Begin Bits: [0x0000021cbba00000, 0x0000021cbca00000)
 End Bits:   [0x0000021cbca00000, 0x0000021cbda00000)

Polling page: 0x0000021ca7620000

Metaspace:

Usage:
  Non-class:      1.86 MB used.
      Class:    202.79 KB used.
       Both:      2.06 MB used.

Virtual space:
  Non-class space:       64.00 MB reserved,       1.94 MB (  3%) committed,  1 nodes.
      Class space:        1.00 GB reserved,     320.00 KB ( <1%) committed,  1 nodes.
             Both:        1.06 GB reserved,       2.25 MB ( <1%) committed. 

Chunk freelists:
   Non-Class:  11.65 MB
       Class:  15.67 MB
        Both:  27.32 MB

MaxMetaspaceSize: unlimited
CompressedClassSpaceSize: 1.00 GB
Initial GC threshold: 21.00 MB
Current GC threshold: 21.00 MB
CDS: on
 - commit_granule_bytes: 65536.
 - commit_granule_words: 8192.
 - virtual_space_node_default_size: 8388608.
 - enlarge_chunks_in_place: 1.
 - use_allocation_guard: 0.


Internal statistics:

num_allocs_failed_limit: 0.
num_arena_births: 80.
num_arena_deaths: 0.
num_vsnodes_births: 2.
num_vsnodes_deaths: 0.
num_space_committed: 36.
num_space_uncommitted: 0.
num_chunks_returned_to_freelist: 0.
num_chunks_taken_from_freelist: 102.
num_chunk_merges: 0.
num_chunk_splits: 71.
num_chunks_enlarged: 46.
num_inconsistent_stats: 0.

CodeHeap 'non-profiled nmethods': size=119168Kb used=210Kb max_used=210Kb free=118957Kb
 bounds [0x0000021cb45a0000, 0x0000021cb4810000, 0x0000021cbba00000]
CodeHeap 'profiled nmethods': size=119104Kb used=972Kb max_used=972Kb free=118131Kb
 bounds [0x0000021caca00000, 0x0000021cacc70000, 0x0000021cb3e50000]
CodeHeap 'non-nmethods': size=7488Kb used=1172Kb max_used=1174Kb free=6316Kb
 bounds [0x0000021cb3e50000, 0x0000021cb40c0000, 0x0000021cb45a0000]
 total_blobs=1078 nmethods=652 adapters=333
 compilation: enabled
              stopped_count=0, restarted_count=0
 full_count=0

Compilation events (20 events):
Event: 0.629 Thread 0x0000021ca98c5dc0 nmethod 645 0x0000021cacaecc90 code [0x0000021cacaece40, 0x0000021cacaed000]
Event: 0.629 Thread 0x0000021ca98c5dc0  644       3       java.lang.invoke.LambdaForm::prepare (108 bytes)
Event: 0.629 Thread 0x0000021ca98c5dc0 nmethod 644 0x0000021cacaed090 code [0x0000021cacaed2e0, 0x0000021cacaeda28]
Event: 0.629 Thread 0x0000021ca98c5dc0  646       3       java.lang.ref.SoftReference::get (29 bytes)
Event: 0.630 Thread 0x0000021ca98c5dc0 nmethod 646 0x0000021cacaedd10 code [0x0000021cacaedec0, 0x0000021cacaee058]
Event: 0.630 Thread 0x0000021ca98c5dc0  647       3       java.lang.reflect.Modifier::isPublic (12 bytes)
Event: 0.630 Thread 0x0000021ca98c5dc0 nmethod 647 0x0000021cacaee110 code [0x0000021cacaee2a0, 0x0000021cacaee3e0]
Event: 0.633 Thread 0x0000021ca98c5dc0  650       3       java.lang.reflect.Modifier::isProtected (12 bytes)
Event: 0.633 Thread 0x0000021ca98c5dc0 nmethod 650 0x0000021cacaee490 code [0x0000021cacaee620, 0x0000021cacaee760]
Event: 0.634 Thread 0x0000021ca98c5dc0  651       3       sun.security.util.DerInputStream::<init> (38 bytes)
Event: 0.634 Thread 0x0000021ca98c5dc0 nmethod 651 0x0000021cacaee810 code [0x0000021cacaee9c0, 0x0000021cacaeeb60]
Event: 0.636 Thread 0x0000021ca98c5dc0  652       3       java.net.URI::match (56 bytes)
Event: 0.636 Thread 0x0000021ca98c5dc0 nmethod 652 0x0000021cacaeec10 code [0x0000021cacaeedc0, 0x0000021cacaef090]
Event: 0.637 Thread 0x0000021ca98c5dc0  653       3       sun.security.util.DerValue::data (29 bytes)
Event: 0.637 Thread 0x0000021ca98c5dc0 nmethod 653 0x0000021cacaef110 code [0x0000021cacaef2c0, 0x0000021cacaef490]
Event: 0.638 Thread 0x0000021ca98c5dc0  654       3       sun.security.util.DerValue::<init> (445 bytes)
Event: 0.639 Thread 0x0000021ca98c5dc0 nmethod 654 0x0000021cacaef590 code [0x0000021cacaef9c0, 0x0000021cacaf1378]
Event: 0.639 Thread 0x0000021ca98c5dc0  657       3       jdk.internal.util.ArraysSupport::vectorizedHashCode (158 bytes)
Event: 0.639 Thread 0x0000021ca98c5dc0 nmethod 657 0x0000021cacaf1d10 code [0x0000021cacaf2020, 0x0000021cacaf3008]
Event: 0.639 Thread 0x0000021ca98c5dc0  655       3       sun.security.util.DerInputStream::getDerValue (76 bytes)

GC Heap History (0 events):
No events

Dll operation events (8 events):
Event: 0.074 Loaded shared library c:\Users\ADMIN\.vscode\extensions\redhat.java-1.42.0-win32-x64\jre\21.0.7-win32-x86_64\bin\java.dll
Event: 0.251 Loaded shared library c:\Users\ADMIN\.vscode\extensions\redhat.java-1.42.0-win32-x64\jre\21.0.7-win32-x86_64\bin\zip.dll
Event: 0.277 Loaded shared library C:\Users\ADMIN\.vscode\extensions\redhat.java-1.42.0-win32-x64\jre\21.0.7-win32-x86_64\bin\instrument.dll
Event: 0.285 Loaded shared library C:\Users\ADMIN\.vscode\extensions\redhat.java-1.42.0-win32-x64\jre\21.0.7-win32-x86_64\bin\net.dll
Event: 0.292 Loaded shared library C:\Users\ADMIN\.vscode\extensions\redhat.java-1.42.0-win32-x64\jre\21.0.7-win32-x86_64\bin\nio.dll
Event: 0.296 Loaded shared library C:\Users\ADMIN\.vscode\extensions\redhat.java-1.42.0-win32-x64\jre\21.0.7-win32-x86_64\bin\zip.dll
Event: 0.325 Loaded shared library C:\Users\ADMIN\.vscode\extensions\redhat.java-1.42.0-win32-x64\jre\21.0.7-win32-x86_64\bin\jimage.dll
Event: 0.410 Loaded shared library c:\Users\ADMIN\.vscode\extensions\redhat.java-1.42.0-win32-x64\jre\21.0.7-win32-x86_64\bin\verify.dll

Deoptimization events (20 events):
Event: 0.516 Thread 0x0000021ca98150d0 Uncommon trap: trap_request=0xffffffde fr.pc=0x0000021cb45af844 relative=0x00000000000006a4
Event: 0.516 Thread 0x0000021ca98150d0 Uncommon trap: reason=class_check action=maybe_recompile pc=0x0000021cb45af844 method=java.util.HashMap.putVal(ILjava/lang/Object;Ljava/lang/Object;ZZ)Ljava/lang/Object; @ 152 c2
Event: 0.516 Thread 0x0000021ca98150d0 DEOPT PACKING pc=0x0000021cb45af844 sp=0x0000006cd3afec50
Event: 0.516 Thread 0x0000021ca98150d0 DEOPT UNPACKING pc=0x0000021cb3ea3aa2 sp=0x0000006cd3afebb0 mode 2
Event: 0.516 Thread 0x0000021ca98150d0 Uncommon trap: trap_request=0xffffffde fr.pc=0x0000021cb45af844 relative=0x00000000000006a4
Event: 0.516 Thread 0x0000021ca98150d0 Uncommon trap: reason=class_check action=maybe_recompile pc=0x0000021cb45af844 method=java.util.HashMap.putVal(ILjava/lang/Object;Ljava/lang/Object;ZZ)Ljava/lang/Object; @ 152 c2
Event: 0.516 Thread 0x0000021ca98150d0 DEOPT PACKING pc=0x0000021cb45af844 sp=0x0000006cd3afec50
Event: 0.516 Thread 0x0000021ca98150d0 DEOPT UNPACKING pc=0x0000021cb3ea3aa2 sp=0x0000006cd3afebb0 mode 2
Event: 0.600 Thread 0x0000021ca98150d0 Uncommon trap: trap_request=0xffffff45 fr.pc=0x0000021cb45cd474 relative=0x0000000000000834
Event: 0.600 Thread 0x0000021ca98150d0 Uncommon trap: reason=unstable_if action=reinterpret pc=0x0000021cb45cd474 method=java.util.HashMap.putVal(ILjava/lang/Object;Ljava/lang/Object;ZZ)Ljava/lang/Object; @ 181 c2
Event: 0.600 Thread 0x0000021ca98150d0 DEOPT PACKING pc=0x0000021cb45cd474 sp=0x0000006cd3afdab0
Event: 0.600 Thread 0x0000021ca98150d0 DEOPT UNPACKING pc=0x0000021cb3ea3aa2 sp=0x0000006cd3afda40 mode 2
Event: 0.627 Thread 0x0000021ca98150d0 Uncommon trap: trap_request=0xffffff45 fr.pc=0x0000021cb45cf8ec relative=0x000000000000014c
Event: 0.627 Thread 0x0000021ca98150d0 Uncommon trap: reason=unstable_if action=reinterpret pc=0x0000021cb45cf8ec method=jdk.internal.util.ArraysSupport.vectorizedHashCode(Ljava/lang/Object;IIII)I @ 2 c2
Event: 0.627 Thread 0x0000021ca98150d0 DEOPT PACKING pc=0x0000021cb45cf8ec sp=0x0000006cd3afcac0
Event: 0.627 Thread 0x0000021ca98150d0 DEOPT UNPACKING pc=0x0000021cb3ea3aa2 sp=0x0000006cd3afca70 mode 2
Event: 0.635 Thread 0x0000021ca98150d0 Uncommon trap: trap_request=0xffffff45 fr.pc=0x0000021cb45c25f4 relative=0x00000000000000d4
Event: 0.635 Thread 0x0000021ca98150d0 Uncommon trap: reason=unstable_if action=reinterpret pc=0x0000021cb45c25f4 method=java.net.URI.match(CJJ)Z @ 45 c2
Event: 0.635 Thread 0x0000021ca98150d0 DEOPT PACKING pc=0x0000021cb45c25f4 sp=0x0000006cd3afcd60
Event: 0.635 Thread 0x0000021ca98150d0 DEOPT UNPACKING pc=0x0000021cb3ea3aa2 sp=0x0000006cd3afccc8 mode 2

Classes loaded (20 events):
Event: 0.635 Loading class sun/security/x509/GeneralName done
Event: 0.635 Loading class sun/security/x509/URIName
Event: 0.635 Loading class sun/security/x509/URIName done
Event: 0.635 Loading class sun/security/x509/DNSName
Event: 0.636 Loading class sun/security/x509/DNSName done
Event: 0.636 Loading class sun/security/x509/CRLDistributionPointsExtension
Event: 0.636 Loading class sun/security/x509/CRLDistributionPointsExtension done
Event: 0.636 Loading class sun/security/x509/DistributionPoint
Event: 0.636 Loading class sun/security/x509/DistributionPoint done
Event: 0.637 Loading class sun/security/x509/CertificatePoliciesExtension
Event: 0.637 Loading class sun/security/x509/CertificatePoliciesExtension done
Event: 0.637 Loading class sun/security/x509/PolicyInformation
Event: 0.637 Loading class sun/security/x509/PolicyInformation done
Event: 0.637 Loading class sun/security/x509/CertificatePolicyId
Event: 0.637 Loading class sun/security/x509/CertificatePolicyId done
Event: 0.638 Loading class java/security/cert/PolicyQualifierInfo
Event: 0.638 Loading class java/security/cert/PolicyQualifierInfo done
Event: 0.639 Loading class sun/security/pkcs/SignerInfo
Event: 0.639 Loading class sun/security/pkcs/SignerInfo done
Event: 0.639 Loading class sun/security/util/DisabledAlgorithmConstraints

Classes unloaded (0 events):
No events

Classes redefined (0 events):
No events

Internal exceptions (12 events):
Event: 0.243 Thread 0x0000021ca98150d0 Exception <a 'java/lang/NoSuchMethodError'{0x00000000ead2ad60}: 'void java.lang.invoke.DirectMethodHandle$Holder.invokeStatic(java.lang.Object, java.lang.Object, java.lang.Object)'> (0x00000000ead2ad60) 
thrown [s\src\hotspot\share\interpreter\linkResolver.cpp, line 773]
Event: 0.315 Thread 0x0000021ca98150d0 Exception <a 'java/lang/NoSuchMethodError'{0x00000000eae93680}: 'java.lang.Object java.lang.invoke.Invokers$Holder.invokeExact_MT(java.lang.Object, java.lang.Object, java.lang.Object, java.lang.Object, java.lang.Object)'> (0x00000000eae93680) 
thrown [s\src\hotspot\share\interpreter\linkResolver.cpp, line 773]
Event: 0.362 Thread 0x0000021ca98150d0 Exception <a 'java/lang/NoSuchMethodError'{0x00000000eaf4c230}: 'int java.lang.invoke.DirectMethodHandle$Holder.invokeSpecial(java.lang.Object, java.lang.Object, java.lang.Object, int)'> (0x00000000eaf4c230) 
thrown [s\src\hotspot\share\interpreter\linkResolver.cpp, line 773]
Event: 0.365 Thread 0x0000021ca98150d0 Exception <a 'java/lang/NoSuchMethodError'{0x00000000eaf5ec18}: 'java.lang.Object java.lang.invoke.DirectMethodHandle$Holder.invokeStatic(java.lang.Object, java.lang.Object, java.lang.Object, java.lang.Object, int)'> (0x00000000eaf5ec18) 
thrown [s\src\hotspot\share\interpreter\linkResolver.cpp, line 773]
Event: 0.367 Thread 0x0000021ca98150d0 Exception <a 'java/lang/NoSuchMethodError'{0x00000000eaf6a058}: 'void java.lang.invoke.DelegatingMethodHandle$Holder.reinvoke_L(java.lang.Object, java.lang.Object, java.lang.Object, int, java.lang.Object)'> (0x00000000eaf6a058) 
thrown [s\src\hotspot\share\interpreter\linkResolver.cpp, line 773]
Event: 0.370 Thread 0x0000021ca98150d0 Exception <a 'java/lang/NoSuchMethodError'{0x00000000eaf7a9a8}: 'int java.lang.invoke.DirectMethodHandle$Holder.invokeSpecial(java.lang.Object, java.lang.Object, java.lang.Object)'> (0x00000000eaf7a9a8) 
thrown [s\src\hotspot\share\interpreter\linkResolver.cpp, line 773]
Event: 0.375 Thread 0x0000021ca98150d0 Exception <a 'java/lang/NoSuchMethodError'{0x00000000eaf86668}: 'java.lang.Object java.lang.invoke.DirectMethodHandle$Holder.invokeStatic(java.lang.Object, java.lang.Object, int)'> (0x00000000eaf86668) 
thrown [s\src\hotspot\share\interpreter\linkResolver.cpp, line 773]
Event: 0.375 Thread 0x0000021ca98150d0 Exception <a 'java/lang/NoSuchMethodError'{0x00000000eaf8afb8}: 'void java.lang.invoke.DirectMethodHandle$Holder.invokeStatic(java.lang.Object, java.lang.Object, int, java.lang.Object)'> (0x00000000eaf8afb8) 
thrown [s\src\hotspot\share\interpreter\linkResolver.cpp, line 773]
Event: 0.376 Thread 0x0000021ca98150d0 Exception <a 'java/lang/NoSuchMethodError'{0x00000000eaf8eb48}: 'void java.lang.invoke.DirectMethodHandle$Holder.invokeSpecial(java.lang.Object, java.lang.Object, java.lang.Object, int, java.lang.Object)'> (0x00000000eaf8eb48) 
thrown [s\src\hotspot\share\interpreter\linkResolver.cpp, line 773]
Event: 0.376 Thread 0x0000021ca98150d0 Exception <a 'java/lang/NoSuchMethodError'{0x00000000eaf91fb8}: 'void java.lang.invoke.DelegatingMethodHandle$Holder.delegate(java.lang.Object, java.lang.Object, int, java.lang.Object)'> (0x00000000eaf91fb8) 
thrown [s\src\hotspot\share\interpreter\linkResolver.cpp, line 773]
Event: 0.440 Thread 0x0000021ca98150d0 Exception <a 'java/lang/NoSuchMethodError'{0x00000000eb14ea38}: 'void java.lang.invoke.DelegatingMethodHandle$Holder.reinvoke_L(java.lang.Object, java.lang.Object, java.lang.Object, int)'> (0x00000000eb14ea38) 
thrown [s\src\hotspot\share\interpreter\linkResolver.cpp, line 773]
Event: 0.620 Thread 0x0000021ca98150d0 Exception <a 'java/lang/NoSuchMethodError'{0x00000000eb5d6848}: 'void java.lang.invoke.DirectMethodHandle$Holder.invokeVirtual(java.lang.Object, java.lang.Object)'> (0x00000000eb5d6848) 
thrown [s\src\hotspot\share\interpreter\linkResolver.cpp, line 773]

ZGC Phase Switch (0 events):
No events

VM Operations (4 events):
Event: 0.248 Executing VM operation: HandshakeAllThreads (Deoptimize)
Event: 0.248 Executing VM operation: HandshakeAllThreads (Deoptimize) done
Event: 0.340 Executing VM operation: HandshakeAllThreads (Deoptimize)
Event: 0.340 Executing VM operation: HandshakeAllThreads (Deoptimize) done

Memory protections (0 events):
No events

Nmethod flushes (0 events):
No events

Events (11 events):
Event: 0.140 Thread 0x0000021ca98150d0 Thread added: 0x0000021ca98150d0
Event: 0.204 Thread 0x0000021ca98150d0 Thread added: 0x0000021ca98b33a0
Event: 0.204 Thread 0x0000021ca98150d0 Thread added: 0x0000021cbdbfd690
Event: 0.205 Thread 0x0000021ca98150d0 Thread added: 0x0000021ca98b6400
Event: 0.205 Thread 0x0000021ca98150d0 Thread added: 0x0000021ca98b7210
Event: 0.206 Thread 0x0000021ca98150d0 Thread added: 0x0000021ca98bf920
Event: 0.206 Thread 0x0000021ca98150d0 Thread added: 0x0000021ca98c0410
Event: 0.206 Thread 0x0000021ca98150d0 Thread added: 0x0000021ca98c49b0
Event: 0.206 Thread 0x0000021ca98150d0 Thread added: 0x0000021ca98c5dc0
Event: 0.235 Thread 0x0000021ca98150d0 Thread added: 0x0000021c80247900
Event: 0.513 Thread 0x0000021ca98150d0 Thread added: 0x0000021c804f43a0


Dynamic libraries:
0x00007ff60b6c0000 - 0x00007ff60b6ce000 	c:\Users\ADMIN\.vscode\extensions\redhat.java-1.42.0-win32-x64\jre\21.0.7-win32-x86_64\bin\java.exe
0x00007ffb8c7d0000 - 0x00007ffb8c9e7000 	C:\WINDOWS\SYSTEM32\ntdll.dll
0x00007ffb8b270000 - 0x00007ffb8b334000 	C:\WINDOWS\System32\KERNEL32.DLL
0x00007ffb89d80000 - 0x00007ffb8a152000 	C:\WINDOWS\System32\KERNELBASE.dll
0x00007ffb8a340000 - 0x00007ffb8a451000 	C:\WINDOWS\System32\ucrtbase.dll
0x00007ffb62ab0000 - 0x00007ffb62ac8000 	c:\Users\ADMIN\.vscode\extensions\redhat.java-1.42.0-win32-x64\jre\21.0.7-win32-x86_64\bin\jli.dll
0x00007ffb2ac60000 - 0x00007ffb2ac7e000 	c:\Users\ADMIN\.vscode\extensions\redhat.java-1.42.0-win32-x64\jre\21.0.7-win32-x86_64\bin\VCRUNTIME140.dll
0x00007ffb8b340000 - 0x00007ffb8b4f1000 	C:\WINDOWS\System32\USER32.dll
0x00007ffb89ab0000 - 0x00007ffb89ad6000 	C:\WINDOWS\System32\win32u.dll
0x00007ffb8c2d0000 - 0x00007ffb8c2f9000 	C:\WINDOWS\System32\GDI32.dll
0x00007ffb82960000 - 0x00007ffb82bfb000 	C:\WINDOWS\WinSxS\amd64_microsoft.windows.common-controls_6595b64144ccf1df_6.0.22621.5415_none_270d77d17387d7da\COMCTL32.dll
0x00007ffb89b10000 - 0x00007ffb89c33000 	C:\WINDOWS\System32\gdi32full.dll
0x00007ffb8a2a0000 - 0x00007ffb8a33a000 	C:\WINDOWS\System32\msvcp_win.dll
0x00007ffb8c300000 - 0x00007ffb8c3a7000 	C:\WINDOWS\System32\msvcrt.dll
0x00007ffb8a580000 - 0x00007ffb8a5b1000 	C:\WINDOWS\System32\IMM32.DLL
0x00007ffb62aa0000 - 0x00007ffb62aac000 	c:\Users\ADMIN\.vscode\extensions\redhat.java-1.42.0-win32-x64\jre\21.0.7-win32-x86_64\bin\vcruntime140_1.dll
0x00007ffb2a980000 - 0x00007ffb2aa0d000 	c:\Users\ADMIN\.vscode\extensions\redhat.java-1.42.0-win32-x64\jre\21.0.7-win32-x86_64\bin\msvcp140.dll
0x00007ffa29530000 - 0x00007ffa2a2c0000 	c:\Users\ADMIN\.vscode\extensions\redhat.java-1.42.0-win32-x64\jre\21.0.7-win32-x86_64\bin\server\jvm.dll
0x00007ffb8aed0000 - 0x00007ffb8af81000 	C:\WINDOWS\System32\ADVAPI32.dll
0x00007ffb8a4d0000 - 0x00007ffb8a578000 	C:\WINDOWS\System32\sechost.dll
0x00007ffb89ae0000 - 0x00007ffb89b08000 	C:\WINDOWS\System32\bcrypt.dll
0x00007ffb8c550000 - 0x00007ffb8c664000 	C:\WINDOWS\System32\RPCRT4.dll
0x00007ffb8bdb0000 - 0x00007ffb8be21000 	C:\WINDOWS\System32\WS2_32.dll
0x00007ffb88740000 - 0x00007ffb8878d000 	C:\WINDOWS\SYSTEM32\POWRPROF.dll
0x00007ffb82da0000 - 0x00007ffb82dd4000 	C:\WINDOWS\SYSTEM32\WINMM.dll
0x00007ffb82670000 - 0x00007ffb8267a000 	C:\WINDOWS\SYSTEM32\VERSION.dll
0x00007ffb88720000 - 0x00007ffb88733000 	C:\WINDOWS\SYSTEM32\UMPDC.dll
0x00007ffb88940000 - 0x00007ffb88958000 	C:\WINDOWS\SYSTEM32\kernel.appcore.dll
0x00007ffb2ac50000 - 0x00007ffb2ac5a000 	c:\Users\ADMIN\.vscode\extensions\redhat.java-1.42.0-win32-x64\jre\21.0.7-win32-x86_64\bin\jimage.dll
0x00007ffb86ce0000 - 0x00007ffb86f13000 	C:\WINDOWS\SYSTEM32\DBGHELP.DLL
0x00007ffb8ab30000 - 0x00007ffb8aec3000 	C:\WINDOWS\System32\combase.dll
0x00007ffb8a5d0000 - 0x00007ffb8a6a7000 	C:\WINDOWS\System32\OLEAUT32.dll
0x00007ffb82630000 - 0x00007ffb82662000 	C:\WINDOWS\SYSTEM32\dbgcore.DLL
0x00007ffb89c40000 - 0x00007ffb89cbb000 	C:\WINDOWS\System32\bcryptPrimitives.dll
0x00007ffb2ac20000 - 0x00007ffb2ac2f000 	c:\Users\ADMIN\.vscode\extensions\redhat.java-1.42.0-win32-x64\jre\21.0.7-win32-x86_64\bin\instrument.dll
0x00007ffa3a600000 - 0x00007ffa3a61f000 	c:\Users\ADMIN\.vscode\extensions\redhat.java-1.42.0-win32-x64\jre\21.0.7-win32-x86_64\bin\java.dll
0x00007ffb8b500000 - 0x00007ffb8bda2000 	C:\WINDOWS\System32\SHELL32.dll
0x00007ffb8a160000 - 0x00007ffb8a29f000 	C:\WINDOWS\System32\wintypes.dll
0x00007ffb87800000 - 0x00007ffb8811e000 	C:\WINDOWS\SYSTEM32\windows.storage.dll
0x00007ffb8c670000 - 0x00007ffb8c77b000 	C:\WINDOWS\System32\SHCORE.dll
0x00007ffb8a460000 - 0x00007ffb8a4c9000 	C:\WINDOWS\System32\shlwapi.dll
0x00007ffb897f0000 - 0x00007ffb8981b000 	C:\WINDOWS\SYSTEM32\profapi.dll
0x00007ffb2ac30000 - 0x00007ffb2ac48000 	c:\Users\ADMIN\.vscode\extensions\redhat.java-1.42.0-win32-x64\jre\21.0.7-win32-x86_64\bin\zip.dll
0x00007ffb2ac10000 - 0x00007ffb2ac20000 	C:\Users\ADMIN\.vscode\extensions\redhat.java-1.42.0-win32-x64\jre\21.0.7-win32-x86_64\bin\net.dll
0x00007ffb861d0000 - 0x00007ffb862fc000 	C:\WINDOWS\SYSTEM32\WINHTTP.dll
0x00007ffb88e60000 - 0x00007ffb88ec9000 	C:\WINDOWS\system32\mswsock.dll
0x00007ffb2a920000 - 0x00007ffb2a936000 	C:\Users\ADMIN\.vscode\extensions\redhat.java-1.42.0-win32-x64\jre\21.0.7-win32-x86_64\bin\nio.dll
0x00007ffb2a910000 - 0x00007ffb2a920000 	c:\Users\ADMIN\.vscode\extensions\redhat.java-1.42.0-win32-x64\jre\21.0.7-win32-x86_64\bin\verify.dll

dbghelp: loaded successfully - version: 4.0.5 - missing functions: none
symbol engine: initialized successfully - sym options: 0x614 - pdb path: .;c:\Users\ADMIN\.vscode\extensions\redhat.java-1.42.0-win32-x64\jre\21.0.7-win32-x86_64\bin;C:\WINDOWS\SYSTEM32;C:\WINDOWS\WinSxS\amd64_microsoft.windows.common-controls_6595b64144ccf1df_6.0.22621.5415_none_270d77d17387d7da;c:\Users\ADMIN\.vscode\extensions\redhat.java-1.42.0-win32-x64\jre\21.0.7-win32-x86_64\bin\server

VM Arguments:
jvm_args: --add-modules=ALL-SYSTEM --add-opens=java.base/java.util=ALL-UNNAMED --add-opens=java.base/java.lang=ALL-UNNAMED --add-opens=java.base/sun.nio.fs=ALL-UNNAMED -Declipse.application=org.eclipse.jdt.ls.core.id1 -Dosgi.bundles.defaultStartLevel=4 -Declipse.product=org.eclipse.jdt.ls.core.product -Djava.import.generatesMetadataFilesAtProjectRoot=false -DDetectVMInstallationsJob.disabled=true -Dfile.encoding=utf8 -XX:+UseParallelGC -XX:GCTimeRatio=4 -XX:AdaptiveSizePolicyWeight=90 -Dsun.zip.disableMemoryMapping=true -Xmx1G -Xms100m -Xlog:disable -javaagent:c:\Users\ADMIN\.vscode\extensions\redhat.java-1.42.0-win32-x64\lombok\lombok-1.18.36.jar 
java_command: c:\Users\ADMIN\.vscode\extensions\redhat.java-1.42.0-win32-x64\server\plugins\org.eclipse.equinox.launcher_1.7.0.v20250424-1814.jar -configuration c:\Users\ADMIN\AppData\Roaming\Code\User\globalStorage\redhat.java\1.42.0\config_ss_win -data c:\Users\ADMIN\AppData\Roaming\Code\User\workspaceStorage\c9c34c9037f30831ff1e317f9d9d2896\redhat.java\ss_ws --pipe=\\.\pipe\lsp-3c6a76836393564446a5bbeeda0274f8-sock
java_class_path (initial): c:\Users\ADMIN\.vscode\extensions\redhat.java-1.42.0-win32-x64\server\plugins\org.eclipse.equinox.launcher_1.7.0.v20250424-1814.jar
Launcher Type: SUN_STANDARD

[Global flags]
    uintx AdaptiveSizePolicyWeight                 = 90                                        {product} {command line}
     intx CICompilerCount                          = 12                                        {product} {ergonomic}
    uintx GCTimeRatio                              = 4                                         {product} {command line}
   size_t InitialHeapSize                          = 104857600                                 {product} {command line}
   size_t MaxHeapSize                              = 1073741824                                {product} {command line}
   size_t MaxNewSize                               = 357564416                                 {product} {ergonomic}
   size_t MinHeapDeltaBytes                        = 524288                                    {product} {ergonomic}
   size_t MinHeapSize                              = 104857600                                 {product} {command line}
   size_t NewSize                                  = 34603008                                  {product} {ergonomic}
    uintx NonNMethodCodeHeapSize                   = 7602480                                {pd product} {ergonomic}
    uintx NonProfiledCodeHeapSize                  = 122027880                              {pd product} {ergonomic}
   size_t OldSize                                  = 70254592                                  {product} {ergonomic}
    uintx ProfiledCodeHeapSize                     = 122027880                              {pd product} {ergonomic}
    uintx ReservedCodeCacheSize                    = 251658240                              {pd product} {ergonomic}
     bool SegmentedCodeCache                       = true                                      {product} {ergonomic}
   size_t SoftMaxHeapSize                          = 1073741824                             {manageable} {ergonomic}
     bool UseCompressedOops                        = true                           {product lp64_product} {ergonomic}
     bool UseLargePagesIndividualAllocation        = false                                  {pd product} {ergonomic}
     bool UseParallelGC                            = true                                      {product} {command line}

Logging:
Log output configuration:
 #0: stdout all=off uptime,level,tags foldmultilines=false
 #1: stderr all=off uptime,level,tags foldmultilines=false

Environment Variables:
JAVA_HOME=C:\Program Files\Java\jdk-17
PATH=d:\AI\cursor\resources\app\bin;C:\Program Files\Common Files\Oracle\Java\javapath;E:\Ki5\SWT301\apache-maven-3.9.9-bin\apache-maven-3.9.9\bin;C:\Program Files\Microsoft MPI\Bin\;C:\Program Files (x86)\Common Files\Oracle\Java\javapath;C:\Windows\system32;C:\Windows;C:\Windows\System32\Wbem;C:\Windows\System32\WindowsPowerShell\v1.0\;C:\Windows\System32\OpenSSH\;C:\Program Files (x86)\NVIDIA Corporation\PhysX\Common;C:\Program Files\NVIDIA Corporation\NVIDIA NvDLISR;C:\WINDOWS\system32;C:\WINDOWS;C:\WINDOWS\System32\Wbem;C:\WINDOWS\System32\WindowsPowerShell\v1.0\;C:\WINDOWS\System32\OpenSSH\;C:\Program Files\Microsoft SQL Server\Client SDK\ODBC\110\Tools\Binn\;C:\Program Files (x86)\Microsoft SQL Server\160\Tools\Binn\;C:\Program Files\Microsoft SQL Server\160\Tools\Binn\;C:\Program Files\Microsoft SQL Server\Client SDK\ODBC\170\Tools\Binn\;C:\Program Files\Microsoft SQL Server\160\DTS\Binn\;C:\Program Files\Git\cmd;E:\Ki5\FER202\nodejs\;C:\Program Files (x86)\Microsoft SQL Server\100\Tools\Binn\;C:\Program F;C:\Program Files\dotnet\;E:\Ki5\SWT301\apache-maven-3.9.9-bin\apache-maven-3.9.9\bin;C:\ProgramData\ADMIN\GitHubDesktop\bin;C:\Users\ADMIN\AppData\Local\GitHubDesktop\bin;C:\Users\ADMIN\AppData\Roaming\npm;;C:\Program Files\JetBrains\IntelliJ IDEA 2024.3.5\bin;;D:\AI\cursor\resources\app\bin;E:\VSCODE\Microsoft VS Code\bin;C:\Users\ADMIN\.dotnet\tools
USERNAME=ADMIN
OS=Windows_NT
PROCESSOR_IDENTIFIER=Intel64 Family 6 Model 154 Stepping 3, GenuineIntel
TMP=C:\Users\ADMIN\AppData\Local\Temp
TEMP=C:\Users\ADMIN\AppData\Local\Temp




Periodic native trim disabled

---------------  S Y S T E M  ---------------

OS:
 Windows 11 , 64 bit Build 22621 (10.0.22621.5415)
OS uptime: 4 days 3:37 hours

CPU: total 16 (initial active 16) (8 cores per cpu, 2 threads per core) family 6 model 154 stepping 3 microcode 0x429, cx8, cmov, fxsr, ht, mmx, 3dnowpref, sse, sse2, sse3, ssse3, sse4.1, sse4.2, popcnt, lzcnt, tsc, tscinvbit, avx, avx2, aes, erms, clmul, bmi1, bmi2, adx, sha, fma, vzeroupper, clflush, clflushopt, clwb, serialize, rdtscp, rdpid, fsrm, f16c, pku, cet_ibt, cet_ss
Processor Information for the first 16 processors :
  Max Mhz: 2300, Current Mhz: 2300, Mhz Limit: 2300

Memory: 4k page, system-wide physical 7812M (110M free)
TotalPageFile size 27485M (AvailPageFile size 212M)
current process WorkingSet (physical memory assigned to process): 50M, peak: 50M
current process commit charge ("private bytes"): 207M, peak: 207M

vm_info: OpenJDK 64-Bit Server VM (21.0.7+6-LTS) for windows-amd64 JRE (21.0.7+6-LTS), built on 2025-04-15T00:00:00Z by "admin" with MS VC++ 17.7 (VS2022)

END.
