#
# There is insufficient memory for the Java Runtime Environment to continue.
# Native memory allocation (malloc) failed to allocate 1721296 bytes. Error detail: Chunk::new
# Possible reasons:
#   The system is out of physical RAM or swap space
#   This process is running with CompressedOops enabled, and the Java Heap may be blocking the growth of the native heap
# Possible solutions:
#   Reduce memory load on the system
#   Increase physical memory or swap space
#   Check if swap backing store is full
#   Decrease Java heap size (-Xmx/-Xms)
#   Decrease number of Java threads
#   Decrease Java thread stack sizes (-Xss)
#   Set larger code cache with -XX:ReservedCodeCacheSize=
#   JVM is running with Unscaled Compressed Oops mode in which the Java heap is
#     placed in the first 4GB address space. The Java Heap base address is the
#     maximum limit for the native heap growth. Please use -XX:HeapBaseMinAddress
#     to set the Java Heap base and to place the Java Heap above 4GB virtual address.
# This output file may be truncated or incomplete.
#
#  Out of Memory Error (arena.cpp:168), pid=23024, tid=24444
#
# JRE version: OpenJDK Runtime Environment Temurin-21.0.7+6 (21.0.7+6) (build 21.0.7+6-LTS)
# Java VM: OpenJDK 64-Bit Server VM Temurin-21.0.7+6 (21.0.7+6-LTS, mixed mode, sharing, tiered, compressed oops, compressed class ptrs, parallel gc, windows-amd64)
# No core dump will be written. Minidumps are not enabled by default on client versions of Windows
#

---------------  S U M M A R Y ------------

Command Line: --add-modules=ALL-SYSTEM --add-opens=java.base/java.util=ALL-UNNAMED --add-opens=java.base/java.lang=ALL-UNNAMED --add-opens=java.base/sun.nio.fs=ALL-UNNAMED -Declipse.application=org.eclipse.jdt.ls.core.id1 -Dosgi.bundles.defaultStartLevel=4 -Declipse.product=org.eclipse.jdt.ls.core.product -Djava.import.generatesMetadataFilesAtProjectRoot=false -DDetectVMInstallationsJob.disabled=true -Dfile.encoding=utf8 -XX:+UseParallelGC -XX:GCTimeRatio=4 -XX:AdaptiveSizePolicyWeight=90 -Dsun.zip.disableMemoryMapping=true -Xmx1G -Xms100m -Xlog:disable -javaagent:c:\Users\ADMIN\.vscode\extensions\redhat.java-1.42.0-win32-x64\lombok\lombok-1.18.36.jar -XX:+HeapDumpOnOutOfMemoryError -XX:HeapDumpPath=c:\Users\ADMIN\AppData\Roaming\Code\User\workspaceStorage\c9c34c9037f30831ff1e317f9d9d2896\redhat.java -Daether.dependencyCollector.impl=bf c:\Users\ADMIN\.vscode\extensions\redhat.java-1.42.0-win32-x64\server\plugins\org.eclipse.equinox.launcher_1.7.0.v20250424-1814.jar -configuration c:\Users\ADMIN\AppData\Roaming\Code\User\globalStorage\redhat.java\1.42.0\config_win -data c:\Users\ADMIN\AppData\Roaming\Code\User\workspaceStorage\c9c34c9037f30831ff1e317f9d9d2896\redhat.java\jdt_ws --pipe=\\.\pipe\lsp-e4dff278d9f0f9266e04daff094669e0-sock

Host: 12th Gen Intel(R) Core(TM) i7-12650H, 16 cores, 7G,  Windows 11 , 64 bit Build 22621 (10.0.22621.5415)
Time: Thu Jun 19 09:14:00 2025 SE Asia Standard Time elapsed time: 5.168811 seconds (0d 0h 0m 5s)

---------------  T H R E A D  ---------------

Current thread (0x000002941839b600):  JavaThread "C2 CompilerThread0" daemon [_thread_in_native, id=24444, stack(0x000000a831900000,0x000000a831a00000) (1024K)]


Current CompileTask:
C2:5168 6966 %     4       org.eclipse.jdt.internal.core.search.indexing.BinaryIndexer::extractReferenceFromConstantPool @ 15 (358 bytes)

Stack: [0x000000a831900000,0x000000a831a00000]
Native frames: (J=compiled Java code, j=interpreted, Vv=VM code, C=native code)
V  [jvm.dll+0x6ce119]
V  [jvm.dll+0x8a84a1]
V  [jvm.dll+0x8aa9ce]
V  [jvm.dll+0x8ab0b3]
V  [jvm.dll+0x27f8a6]
V  [jvm.dll+0xc507d]
V  [jvm.dll+0xc55b3]
V  [jvm.dll+0x3b692c]
V  [jvm.dll+0x1dfe33]
V  [jvm.dll+0x247c42]
V  [jvm.dll+0x2470cf]
V  [jvm.dll+0x1c760e]
V  [jvm.dll+0x25695a]
V  [jvm.dll+0x254efa]
V  [jvm.dll+0x3f03f6]
V  [jvm.dll+0x851f6b]
V  [jvm.dll+0x6cc7dd]
C  [ucrtbase.dll+0x29333]
C  [KERNEL32.DLL+0x1259d]
C  [ntdll.dll+0x5af78]


---------------  P R O C E S S  ---------------

Threads class SMR info:
_java_thread_list=0x0000029421570ed0, length=51, elements={
0x00000293c1804fe0, 0x0000029418384150, 0x0000029418386960, 0x0000029418389e50,
0x000002941838abf0, 0x000002941838db20, 0x0000029418396ab0, 0x000002941839b600,
0x000002941839de90, 0x000002941849a7d0, 0x000002941839ec30, 0x000002941839f300,
0x000002941839e560, 0x000002941839f9d0, 0x000002941e054ad0, 0x000002941839d0f0,
0x000002941ec198c0, 0x000002941e5b00d0, 0x000002941e8eac30, 0x000002941e8e5920,
0x000002941ef7aa50, 0x000002941f23fa50, 0x000002941f121520, 0x000002941ef26c00,
0x000002941ef25ee0, 0x000002941ef28640, 0x000002941ef28cd0, 0x000002941ef29360,
0x000002941ef26570, 0x000002941ef27290, 0x000002941ef27920, 0x000002941ef27fb0,
0x000002941f485640, 0x000002941f487080, 0x000002941f483c00, 0x000002941f484920,
0x000002941f484290, 0x000002941f484fb0, 0x000002941f486360, 0x000002941f485cd0,
0x000002941f4869f0, 0x0000029421c30c10, 0x0000029421c2f1d0, 0x0000029421c2f860,
0x0000029421c2eb40, 0x0000029421c2fef0, 0x0000029421c312a0, 0x0000029421c30580,
0x0000029421c34db0, 0x0000029421c2e4b0, 0x0000029421c31930
}

Java Threads: ( => current thread )
  0x00000293c1804fe0 JavaThread "main"                              [_thread_blocked, id=18136, stack(0x000000a830f00000,0x000000a831000000) (1024K)]
  0x0000029418384150 JavaThread "Reference Handler"          daemon [_thread_blocked, id=21404, stack(0x000000a831300000,0x000000a831400000) (1024K)]
  0x0000029418386960 JavaThread "Finalizer"                  daemon [_thread_blocked, id=23404, stack(0x000000a831400000,0x000000a831500000) (1024K)]
  0x0000029418389e50 JavaThread "Signal Dispatcher"          daemon [_thread_blocked, id=22696, stack(0x000000a831500000,0x000000a831600000) (1024K)]
  0x000002941838abf0 JavaThread "Attach Listener"            daemon [_thread_blocked, id=18360, stack(0x000000a831600000,0x000000a831700000) (1024K)]
  0x000002941838db20 JavaThread "Service Thread"             daemon [_thread_blocked, id=9312, stack(0x000000a831700000,0x000000a831800000) (1024K)]
  0x0000029418396ab0 JavaThread "Monitor Deflation Thread"   daemon [_thread_blocked, id=25524, stack(0x000000a831800000,0x000000a831900000) (1024K)]
=>0x000002941839b600 JavaThread "C2 CompilerThread0"         daemon [_thread_in_native, id=24444, stack(0x000000a831900000,0x000000a831a00000) (1024K)]
  0x000002941839de90 JavaThread "C1 CompilerThread0"         daemon [_thread_blocked, id=23924, stack(0x000000a831a00000,0x000000a831b00000) (1024K)]
  0x000002941849a7d0 JavaThread "Common-Cleaner"             daemon [_thread_blocked, id=23444, stack(0x000000a831b00000,0x000000a831c00000) (1024K)]
  0x000002941839ec30 JavaThread "C1 CompilerThread1"         daemon [_thread_blocked, id=20920, stack(0x000000a831c00000,0x000000a831d00000) (1024K)]
  0x000002941839f300 JavaThread "C2 CompilerThread1"         daemon [_thread_in_native, id=15832, stack(0x000000a831d00000,0x000000a831e00000) (1024K)]
  0x000002941839e560 JavaThread "C1 CompilerThread2"         daemon [_thread_blocked, id=17168, stack(0x000000a831e00000,0x000000a831f00000) (1024K)]
  0x000002941839f9d0 JavaThread "C1 CompilerThread3"         daemon [_thread_blocked, id=24120, stack(0x000000a831f00000,0x000000a832000000) (1024K)]
  0x000002941e054ad0 JavaThread "Notification Thread"        daemon [_thread_blocked, id=24720, stack(0x000000a832000000,0x000000a832100000) (1024K)]
  0x000002941839d0f0 JavaThread "C2 CompilerThread2"         daemon [_thread_in_native, id=16996, stack(0x000000a832100000,0x000000a832200000) (1024K)]
  0x000002941ec198c0 JavaThread "Active Thread: Equinox Container: 443f7127-139c-448a-9f2e-64ae3bc3a9f6"        [_thread_blocked, id=1528, stack(0x000000a832800000,0x000000a832900000) (1024K)]
  0x000002941e5b00d0 JavaThread "Refresh Thread: Equinox Container: 443f7127-139c-448a-9f2e-64ae3bc3a9f6" daemon [_thread_blocked, id=22320, stack(0x000000a832a00000,0x000000a832b00000) (1024K)]
  0x000002941e8eac30 JavaThread "Framework Event Dispatcher: Equinox Container: 443f7127-139c-448a-9f2e-64ae3bc3a9f6" daemon [_thread_blocked, id=8092, stack(0x000000a832b00000,0x000000a832c00000) (1024K)]
  0x000002941e8e5920 JavaThread "Start Level: Equinox Container: 443f7127-139c-448a-9f2e-64ae3bc3a9f6" daemon [_thread_blocked, id=12748, stack(0x000000a832c00000,0x000000a832d00000) (1024K)]
  0x000002941ef7aa50 JavaThread "Bundle File Closer"         daemon [_thread_blocked, id=15468, stack(0x000000a833000000,0x000000a833100000) (1024K)]
  0x000002941f23fa50 JavaThread "SCR Component Actor"        daemon [_thread_blocked, id=2572, stack(0x000000a833100000,0x000000a833200000) (1024K)]
  0x000002941f121520 JavaThread "SCR Component Registry"     daemon [_thread_blocked, id=19792, stack(0x000000a833200000,0x000000a833300000) (1024K)]
  0x000002941ef26c00 JavaThread "Worker-JM"                         [_thread_blocked, id=12728, stack(0x000000a833400000,0x000000a833500000) (1024K)]
  0x000002941ef25ee0 JavaThread "JNA Cleaner"                daemon [_thread_blocked, id=3992, stack(0x000000a833600000,0x000000a833700000) (1024K)]
  0x000002941ef28640 JavaThread "Worker-0"                          [_thread_blocked, id=23372, stack(0x000000a833700000,0x000000a833800000) (1024K)]
  0x000002941ef28cd0 JavaThread "Worker-1: Java indexing... "        [_thread_blocked, id=10184, stack(0x000000a833800000,0x000000a833900000) (1024K)]
  0x000002941ef29360 JavaThread "Java indexing"              daemon [_thread_in_Java, id=24776, stack(0x000000a833900000,0x000000a833a00000) (1024K)]
  0x000002941ef26570 JavaThread "Worker-2: Repository registry initialization"        [_thread_in_vm, id=23668, stack(0x000000a833a00000,0x000000a833b00000) (1024K)]
  0x000002941ef27290 JavaThread "Worker-3"                          [_thread_blocked, id=7852, stack(0x000000a833b00000,0x000000a833c00000) (1024K)]
  0x000002941ef27920 JavaThread "Thread-2"                   daemon [_thread_in_native, id=16688, stack(0x000000a833c00000,0x000000a833d00000) (1024K)]
  0x000002941ef27fb0 JavaThread "Thread-3"                   daemon [_thread_in_native, id=12492, stack(0x000000a833d00000,0x000000a833e00000) (1024K)]
  0x000002941f485640 JavaThread "Thread-4"                   daemon [_thread_in_native, id=18900, stack(0x000000a833e00000,0x000000a833f00000) (1024K)]
  0x000002941f487080 JavaThread "Thread-5"                   daemon [_thread_in_native, id=23164, stack(0x000000a833f00000,0x000000a834000000) (1024K)]
  0x000002941f483c00 JavaThread "Thread-6"                   daemon [_thread_in_native, id=23008, stack(0x000000a834000000,0x000000a834100000) (1024K)]
  0x000002941f484920 JavaThread "Thread-7"                   daemon [_thread_in_native, id=22548, stack(0x000000a834100000,0x000000a834200000) (1024K)]
  0x000002941f484290 JavaThread "Thread-8"                   daemon [_thread_in_native, id=21648, stack(0x000000a834200000,0x000000a834300000) (1024K)]
  0x000002941f484fb0 JavaThread "Thread-9"                   daemon [_thread_in_native, id=11364, stack(0x000000a834300000,0x000000a834400000) (1024K)]
  0x000002941f486360 JavaThread "Thread-10"                  daemon [_thread_in_native, id=11868, stack(0x000000a834400000,0x000000a834500000) (1024K)]
  0x000002941f485cd0 JavaThread "Thread-11"                  daemon [_thread_in_native, id=11464, stack(0x000000a834500000,0x000000a834600000) (1024K)]
  0x000002941f4869f0 JavaThread "Thread-12"                  daemon [_thread_in_native, id=25248, stack(0x000000a834600000,0x000000a834700000) (1024K)]
  0x0000029421c30c10 JavaThread "Thread-13"                  daemon [_thread_in_native, id=7012, stack(0x000000a834700000,0x000000a834800000) (1024K)]
  0x0000029421c2f1d0 JavaThread "Thread-14"                  daemon [_thread_in_native, id=21088, stack(0x000000a834800000,0x000000a834900000) (1024K)]
  0x0000029421c2f860 JavaThread "Thread-15"                  daemon [_thread_in_native, id=3684, stack(0x000000a834900000,0x000000a834a00000) (1024K)]
  0x0000029421c2eb40 JavaThread "Thread-16"                  daemon [_thread_in_native, id=10704, stack(0x000000a834a00000,0x000000a834b00000) (1024K)]
  0x0000029421c2fef0 JavaThread "Thread-17"                  daemon [_thread_in_native, id=23964, stack(0x000000a834b00000,0x000000a834c00000) (1024K)]
  0x0000029421c312a0 JavaThread "Thread-18"                  daemon [_thread_in_native, id=8444, stack(0x000000a834c00000,0x000000a834d00000) (1024K)]
  0x0000029421c30580 JavaThread "pool-2-thread-1"                   [_thread_blocked, id=9384, stack(0x000000a834d00000,0x000000a834e00000) (1024K)]
  0x0000029421c34db0 JavaThread "WorkspaceEventsHandler"            [_thread_blocked, id=8088, stack(0x000000a834e00000,0x000000a834f00000) (1024K)]
  0x0000029421c2e4b0 JavaThread "pool-1-thread-1"                   [_thread_blocked, id=24236, stack(0x000000a834f00000,0x000000a835000000) (1024K)]
  0x0000029421c31930 JavaThread "Worker-4: Building"                [_thread_in_vm, id=24844, stack(0x000000a835000000,0x000000a835100000) (1024K)]
Total: 51

Other Threads:
  0x00000293c18be8c0 VMThread "VM Thread"                           [id=14292, stack(0x000000a831200000,0x000000a831300000) (1024K)]
  0x00000293d5acca00 WatcherThread "VM Periodic Task Thread"        [id=6552, stack(0x000000a831100000,0x000000a831200000) (1024K)]
  0x00000293c1822280 WorkerThread "GC Thread#0"                     [id=19620, stack(0x000000a831000000,0x000000a831100000) (1024K)]
  0x000002941e18b6d0 WorkerThread "GC Thread#1"                     [id=24424, stack(0x000000a832200000,0x000000a832300000) (1024K)]
  0x000002941e597380 WorkerThread "GC Thread#2"                     [id=16356, stack(0x000000a832300000,0x000000a832400000) (1024K)]
  0x000002941e597720 WorkerThread "GC Thread#3"                     [id=13968, stack(0x000000a832400000,0x000000a832500000) (1024K)]
  0x000002941e18ff00 WorkerThread "GC Thread#4"                     [id=3392, stack(0x000000a832500000,0x000000a832600000) (1024K)]
  0x000002941e1902a0 WorkerThread "GC Thread#5"                     [id=15464, stack(0x000000a832600000,0x000000a832700000) (1024K)]
  0x000002941e190a50 WorkerThread "GC Thread#6"                     [id=5960, stack(0x000000a832700000,0x000000a832800000) (1024K)]
  0x000002941ec8f220 WorkerThread "GC Thread#7"                     [id=21400, stack(0x000000a832900000,0x000000a832a00000) (1024K)]
  0x000002941e9562b0 WorkerThread "GC Thread#8"                     [id=14076, stack(0x000000a832d00000,0x000000a832e00000) (1024K)]
  0x000002941e9569f0 WorkerThread "GC Thread#9"                     [id=11412, stack(0x000000a832e00000,0x000000a832f00000) (1024K)]
  0x000002941e956d90 WorkerThread "GC Thread#10"                    [id=23580, stack(0x000000a832f00000,0x000000a833000000) (1024K)]
  0x000002941e957870 WorkerThread "GC Thread#11"                    [id=8628, stack(0x000000a833300000,0x000000a833400000) (1024K)]
  0x000002941edffec0 WorkerThread "GC Thread#12"                    [id=15584, stack(0x000000a833500000,0x000000a833600000) (1024K)]
Total: 15

Threads with active compile tasks:
C2 CompilerThread0  5186 6966 %     4       org.eclipse.jdt.internal.core.search.indexing.BinaryIndexer::extractReferenceFromConstantPool @ 15 (358 bytes)
C2 CompilerThread1  5186 7326       4       java.net.URI::quote (214 bytes)
C2 CompilerThread2  5186 7148 % !   4       org.eclipse.jdt.internal.compiler.classfmt.ClassFileReader::<init> @ 81 (2135 bytes)
Total: 3

VM state: not at safepoint (normal execution)

VM Mutex/Monitor currently owned by a thread:  ([mutex/lock_event])
[0x00007ff8230ec308] Metaspace_lock - owner thread: 0x000002941ef26570

Heap address: 0x00000000c0000000, size: 1024 MB, Compressed Oops mode: 32-bit

CDS archive(s) mapped at: [0x00000293d6000000-0x00000293d6ba0000-0x00000293d6ba0000), size 12189696, SharedBaseAddress: 0x00000293d6000000, ArchiveRelocationMode: 1.
Compressed class space mapped at: 0x00000293d7000000-0x0000029417000000, reserved size: 1073741824
Narrow klass base: 0x00000293d6000000, Narrow klass shift: 0, Narrow klass range: 0x100000000

GC Precious Log:
 CardTable entry size: 512
 CPUs: 16 total, 16 available
 Memory: 7812M
 Large Page Support: Disabled
 NUMA Support: Disabled
 Compressed Oops: Enabled (32-bit)
 Alignments: Space 512K, Generation 512K, Heap 2M
 Heap Min Capacity: 100M
 Heap Initial Capacity: 100M
 Heap Max Capacity: 1G
 Pre-touch: Disabled
 Parallel Workers: 13

Heap:
 PSYoungGen      total 25088K, used 22046K [0x00000000eab00000, 0x00000000ec880000, 0x0000000100000000)
  eden space 21504K, 86% used [0x00000000eab00000,0x00000000ebd14cb0,0x00000000ec000000)
  from space 3584K, 98% used [0x00000000ec400000,0x00000000ec772c20,0x00000000ec780000)
  to   space 4096K, 0% used [0x00000000ec000000,0x00000000ec000000,0x00000000ec400000)
 ParOldGen       total 68608K, used 49407K [0x00000000c0000000, 0x00000000c4300000, 0x00000000eab00000)
  object space 68608K, 72% used [0x00000000c0000000,0x00000000c303fc60,0x00000000c4300000)
 Metaspace       used 46408K, committed 47616K, reserved 1114112K
  class space    used 4780K, committed 5312K, reserved 1048576K

Card table byte_map: [0x00000293c11d0000,0x00000293c13e0000] _byte_map_base: 0x00000293c0bd0000

Marking Bits: (ParMarkBitMap*) 0x00007ff8230f31f0
 Begin Bits: [0x00000293d39f0000, 0x00000293d49f0000)
 End Bits:   [0x00000293d49f0000, 0x00000293d59f0000)

Polling page: 0x00000293c0fc0000

Metaspace:

Usage:
  Non-class:     40.65 MB used.
      Class:      4.67 MB used.
       Both:     45.32 MB used.

Virtual space:
  Non-class space:       64.00 MB reserved,      41.31 MB ( 65%) committed,  1 nodes.
      Class space:        1.00 GB reserved,       5.19 MB ( <1%) committed,  1 nodes.
             Both:        1.06 GB reserved,      46.50 MB (  4%) committed. 

Chunk freelists:
   Non-Class:  5.98 MB
       Class:  10.78 MB
        Both:  16.77 MB

MaxMetaspaceSize: unlimited
CompressedClassSpaceSize: 1.00 GB
Initial GC threshold: 21.00 MB
Current GC threshold: 58.38 MB
CDS: on
 - commit_granule_bytes: 65536.
 - commit_granule_words: 8192.
 - virtual_space_node_default_size: 8388608.
 - enlarge_chunks_in_place: 1.
 - use_allocation_guard: 0.


Internal statistics:

num_allocs_failed_limit: 8.
num_arena_births: 1002.
num_arena_deaths: 14.
num_vsnodes_births: 2.
num_vsnodes_deaths: 0.
num_space_committed: 744.
num_space_uncommitted: 0.
num_chunks_returned_to_freelist: 22.
num_chunks_taken_from_freelist: 3149.
num_chunk_merges: 6.
num_chunk_splits: 1919.
num_chunks_enlarged: 1026.
num_inconsistent_stats: 0.

CodeHeap 'non-profiled nmethods': size=119168Kb used=2909Kb max_used=2909Kb free=116258Kb
 bounds [0x00000293cc590000, 0x00000293cc870000, 0x00000293d39f0000]
CodeHeap 'profiled nmethods': size=119104Kb used=14215Kb max_used=14215Kb free=104888Kb
 bounds [0x00000293c49f0000, 0x00000293c57e0000, 0x00000293cbe40000]
CodeHeap 'non-nmethods': size=7488Kb used=3078Kb max_used=3138Kb free=4409Kb
 bounds [0x00000293cbe40000, 0x00000293cc160000, 0x00000293cc590000]
 total_blobs=7333 nmethods=6639 adapters=597
 compilation: enabled
              stopped_count=0, restarted_count=0
 full_count=0

Compilation events (20 events):
Event: 5.150 Thread 0x000002941839e560 7319       2       java.util.stream.ForEachOps$ForEachOp::getOpFlags (15 bytes)
Event: 5.150 Thread 0x000002941839ec30 7320       2       java.util.stream.ForEachOps$ForEachOp$OfRef::evaluateSequential (7 bytes)
Event: 5.150 Thread 0x000002941839f9d0 nmethod 7315 0x00000293cc85fd90 code [0x00000293cc85ff60, 0x00000293cc8601e0]
Event: 5.150 Thread 0x000002941839e560 nmethod 7319 0x00000293c57cfc90 code [0x00000293c57cfe20, 0x00000293c57cff38]
Event: 5.150 Thread 0x000002941839de90 nmethod 7316 0x00000293c57d0010 code [0x00000293c57d01c0, 0x00000293c57d03f8]
Event: 5.150 Thread 0x000002941839e560 7321       2       java.util.stream.ForEachOps$ForEachOp::evaluateSequential (13 bytes)
Event: 5.150 Thread 0x000002941839ec30 nmethod 7320 0x00000293c57d0510 code [0x00000293c57d06c0, 0x00000293c57d0850]
Event: 5.150 Thread 0x000002941839e560 nmethod 7321 0x00000293c57d0990 code [0x00000293c57d0b40, 0x00000293c57d0cd0]
Event: 5.156 Thread 0x000002941839e560 7322       1       com.google.inject.internal.LinkedBindingImpl::getLinkedKey (5 bytes)
Event: 5.156 Thread 0x000002941839de90 7323       2       com.google.inject.internal.BindingImpl::acceptVisitor (8 bytes)
Event: 5.156 Thread 0x000002941839ec30 7324       2       org.eclipse.sisu.wire.ElementAnalyzer::visit (6 bytes)
Event: 5.156 Thread 0x000002941839f9d0 7325       2       org.eclipse.sisu.wire.ElementAnalyzer::visit (142 bytes)
Event: 5.156 Thread 0x000002941839e560 nmethod 7322 0x00000293cc860310 code [0x00000293cc8604a0, 0x00000293cc860568]
Event: 5.156 Thread 0x000002941839ec30 nmethod 7324 0x00000293c57d0e10 code [0x00000293c57d0fc0, 0x00000293c57d10e0]
Event: 5.156 Thread 0x000002941839de90 nmethod 7323 0x00000293c57d1190 code [0x00000293c57d1340, 0x00000293c57d1480]
Event: 5.157 Thread 0x000002941839f9d0 nmethod 7325 0x00000293c57d1510 code [0x00000293c57d1720, 0x00000293c57d1b18]
Event: 5.167 Thread 0x000002941839f300 nmethod 7220% 0x00000293cc860610 code [0x00000293cc860a00, 0x00000293cc8637f0]
Event: 5.167 Thread 0x000002941839f300 7222       4       java.lang.StringConcatHelper::checkOverflow (17 bytes)
Event: 5.167 Thread 0x000002941839f300 nmethod 7222 0x00000293cc865210 code [0x00000293cc8653a0, 0x00000293cc865428]
Event: 5.167 Thread 0x000002941839f300 6965       4       org.eclipse.jdt.core.compiler.CharOperation::concat (46 bytes)

GC Heap History (20 events):
Event: 4.492 GC heap before
{Heap before GC invocations=19 (full 2):
 PSYoungGen      total 24576K, used 24081K [0x00000000eab00000, 0x00000000ec600000, 0x0000000100000000)
  eden space 22016K, 100% used [0x00000000eab00000,0x00000000ec080000,0x00000000ec080000)
  from space 2560K, 80% used [0x00000000ec380000,0x00000000ec584410,0x00000000ec600000)
  to   space 2560K, 0% used [0x00000000ec080000,0x00000000ec080000,0x00000000ec300000)
 ParOldGen       total 68608K, used 24149K [0x00000000c0000000, 0x00000000c4300000, 0x00000000eab00000)
  object space 68608K, 35% used [0x00000000c0000000,0x00000000c17955b0,0x00000000c4300000)
 Metaspace       used 38911K, committed 40192K, reserved 1114112K
  class space    used 3922K, committed 4480K, reserved 1048576K
}
Event: 4.494 GC heap after
{Heap after GC invocations=19 (full 2):
 PSYoungGen      total 24576K, used 2551K [0x00000000eab00000, 0x00000000ec680000, 0x0000000100000000)
  eden space 22016K, 0% used [0x00000000eab00000,0x00000000eab00000,0x00000000ec080000)
  from space 2560K, 99% used [0x00000000ec080000,0x00000000ec2fdf18,0x00000000ec300000)
  to   space 3072K, 0% used [0x00000000ec380000,0x00000000ec380000,0x00000000ec680000)
 ParOldGen       total 68608K, used 26010K [0x00000000c0000000, 0x00000000c4300000, 0x00000000eab00000)
  object space 68608K, 37% used [0x00000000c0000000,0x00000000c1966b78,0x00000000c4300000)
 Metaspace       used 38911K, committed 40192K, reserved 1114112K
  class space    used 3922K, committed 4480K, reserved 1048576K
}
Event: 4.558 GC heap before
{Heap before GC invocations=20 (full 2):
 PSYoungGen      total 24576K, used 24567K [0x00000000eab00000, 0x00000000ec680000, 0x0000000100000000)
  eden space 22016K, 100% used [0x00000000eab00000,0x00000000ec080000,0x00000000ec080000)
  from space 2560K, 99% used [0x00000000ec080000,0x00000000ec2fdf18,0x00000000ec300000)
  to   space 3072K, 0% used [0x00000000ec380000,0x00000000ec380000,0x00000000ec680000)
 ParOldGen       total 68608K, used 26010K [0x00000000c0000000, 0x00000000c4300000, 0x00000000eab00000)
  object space 68608K, 37% used [0x00000000c0000000,0x00000000c1966b78,0x00000000c4300000)
 Metaspace       used 39531K, committed 40768K, reserved 1114112K
  class space    used 4007K, committed 4544K, reserved 1048576K
}
Event: 4.561 GC heap after
{Heap after GC invocations=20 (full 2):
 PSYoungGen      total 25088K, used 2685K [0x00000000eab00000, 0x00000000ec680000, 0x0000000100000000)
  eden space 22016K, 0% used [0x00000000eab00000,0x00000000eab00000,0x00000000ec080000)
  from space 3072K, 87% used [0x00000000ec380000,0x00000000ec61f408,0x00000000ec680000)
  to   space 3072K, 0% used [0x00000000ec080000,0x00000000ec080000,0x00000000ec380000)
 ParOldGen       total 68608K, used 28297K [0x00000000c0000000, 0x00000000c4300000, 0x00000000eab00000)
  object space 68608K, 41% used [0x00000000c0000000,0x00000000c1ba2558,0x00000000c4300000)
 Metaspace       used 39531K, committed 40768K, reserved 1114112K
  class space    used 4007K, committed 4544K, reserved 1048576K
}
Event: 4.617 GC heap before
{Heap before GC invocations=21 (full 2):
 PSYoungGen      total 25088K, used 24701K [0x00000000eab00000, 0x00000000ec680000, 0x0000000100000000)
  eden space 22016K, 100% used [0x00000000eab00000,0x00000000ec080000,0x00000000ec080000)
  from space 3072K, 87% used [0x00000000ec380000,0x00000000ec61f408,0x00000000ec680000)
  to   space 3072K, 0% used [0x00000000ec080000,0x00000000ec080000,0x00000000ec380000)
 ParOldGen       total 68608K, used 28297K [0x00000000c0000000, 0x00000000c4300000, 0x00000000eab00000)
  object space 68608K, 41% used [0x00000000c0000000,0x00000000c1ba2558,0x00000000c4300000)
 Metaspace       used 39849K, committed 41088K, reserved 1114112K
  class space    used 4050K, committed 4608K, reserved 1048576K
}
Event: 4.619 GC heap after
{Heap after GC invocations=21 (full 2):
 PSYoungGen      total 25088K, used 2673K [0x00000000eab00000, 0x00000000ec680000, 0x0000000100000000)
  eden space 22016K, 0% used [0x00000000eab00000,0x00000000eab00000,0x00000000ec080000)
  from space 3072K, 87% used [0x00000000ec080000,0x00000000ec31c670,0x00000000ec380000)
  to   space 3072K, 0% used [0x00000000ec380000,0x00000000ec380000,0x00000000ec680000)
 ParOldGen       total 68608K, used 30596K [0x00000000c0000000, 0x00000000c4300000, 0x00000000eab00000)
  object space 68608K, 44% used [0x00000000c0000000,0x00000000c1de11b0,0x00000000c4300000)
 Metaspace       used 39849K, committed 41088K, reserved 1114112K
  class space    used 4050K, committed 4608K, reserved 1048576K
}
Event: 4.667 GC heap before
{Heap before GC invocations=22 (full 2):
 PSYoungGen      total 25088K, used 24689K [0x00000000eab00000, 0x00000000ec680000, 0x0000000100000000)
  eden space 22016K, 100% used [0x00000000eab00000,0x00000000ec080000,0x00000000ec080000)
  from space 3072K, 87% used [0x00000000ec080000,0x00000000ec31c670,0x00000000ec380000)
  to   space 3072K, 0% used [0x00000000ec380000,0x00000000ec380000,0x00000000ec680000)
 ParOldGen       total 68608K, used 30596K [0x00000000c0000000, 0x00000000c4300000, 0x00000000eab00000)
  object space 68608K, 44% used [0x00000000c0000000,0x00000000c1de11b0,0x00000000c4300000)
 Metaspace       used 40116K, committed 41344K, reserved 1114112K
  class space    used 4076K, committed 4608K, reserved 1048576K
}
Event: 4.669 GC heap after
{Heap after GC invocations=22 (full 2):
 PSYoungGen      total 25088K, used 2525K [0x00000000eab00000, 0x00000000ec680000, 0x0000000100000000)
  eden space 22016K, 0% used [0x00000000eab00000,0x00000000eab00000,0x00000000ec080000)
  from space 3072K, 82% used [0x00000000ec380000,0x00000000ec5f74d8,0x00000000ec680000)
  to   space 3072K, 0% used [0x00000000ec080000,0x00000000ec080000,0x00000000ec380000)
 ParOldGen       total 68608K, used 32963K [0x00000000c0000000, 0x00000000c4300000, 0x00000000eab00000)
  object space 68608K, 48% used [0x00000000c0000000,0x00000000c2030f40,0x00000000c4300000)
 Metaspace       used 40116K, committed 41344K, reserved 1114112K
  class space    used 4076K, committed 4608K, reserved 1048576K
}
Event: 4.713 GC heap before
{Heap before GC invocations=23 (full 2):
 PSYoungGen      total 25088K, used 24541K [0x00000000eab00000, 0x00000000ec680000, 0x0000000100000000)
  eden space 22016K, 100% used [0x00000000eab00000,0x00000000ec080000,0x00000000ec080000)
  from space 3072K, 82% used [0x00000000ec380000,0x00000000ec5f74d8,0x00000000ec680000)
  to   space 3072K, 0% used [0x00000000ec080000,0x00000000ec080000,0x00000000ec380000)
 ParOldGen       total 68608K, used 32963K [0x00000000c0000000, 0x00000000c4300000, 0x00000000eab00000)
  object space 68608K, 48% used [0x00000000c0000000,0x00000000c2030f40,0x00000000c4300000)
 Metaspace       used 40522K, committed 41792K, reserved 1114112K
  class space    used 4120K, committed 4672K, reserved 1048576K
}
Event: 4.716 GC heap after
{Heap after GC invocations=23 (full 2):
 PSYoungGen      total 25088K, used 3056K [0x00000000eab00000, 0x00000000ec780000, 0x0000000100000000)
  eden space 22016K, 0% used [0x00000000eab00000,0x00000000eab00000,0x00000000ec080000)
  from space 3072K, 99% used [0x00000000ec080000,0x00000000ec37c158,0x00000000ec380000)
  to   space 3584K, 0% used [0x00000000ec400000,0x00000000ec400000,0x00000000ec780000)
 ParOldGen       total 68608K, used 35264K [0x00000000c0000000, 0x00000000c4300000, 0x00000000eab00000)
  object space 68608K, 51% used [0x00000000c0000000,0x00000000c2270390,0x00000000c4300000)
 Metaspace       used 40522K, committed 41792K, reserved 1114112K
  class space    used 4120K, committed 4672K, reserved 1048576K
}
Event: 4.758 GC heap before
{Heap before GC invocations=24 (full 2):
 PSYoungGen      total 25088K, used 25072K [0x00000000eab00000, 0x00000000ec780000, 0x0000000100000000)
  eden space 22016K, 100% used [0x00000000eab00000,0x00000000ec080000,0x00000000ec080000)
  from space 3072K, 99% used [0x00000000ec080000,0x00000000ec37c158,0x00000000ec380000)
  to   space 3584K, 0% used [0x00000000ec400000,0x00000000ec400000,0x00000000ec780000)
 ParOldGen       total 68608K, used 35264K [0x00000000c0000000, 0x00000000c4300000, 0x00000000eab00000)
  object space 68608K, 51% used [0x00000000c0000000,0x00000000c2270390,0x00000000c4300000)
 Metaspace       used 40846K, committed 42048K, reserved 1114112K
  class space    used 4166K, committed 4672K, reserved 1048576K
}
Event: 4.760 GC heap after
{Heap after GC invocations=24 (full 2):
 PSYoungGen      total 25088K, used 2712K [0x00000000eab00000, 0x00000000ec700000, 0x0000000100000000)
  eden space 22016K, 0% used [0x00000000eab00000,0x00000000eab00000,0x00000000ec080000)
  from space 3072K, 88% used [0x00000000ec400000,0x00000000ec6a6048,0x00000000ec700000)
  to   space 3072K, 0% used [0x00000000ec080000,0x00000000ec080000,0x00000000ec380000)
 ParOldGen       total 68608K, used 38111K [0x00000000c0000000, 0x00000000c4300000, 0x00000000eab00000)
  object space 68608K, 55% used [0x00000000c0000000,0x00000000c2537f08,0x00000000c4300000)
 Metaspace       used 40846K, committed 42048K, reserved 1114112K
  class space    used 4166K, committed 4672K, reserved 1048576K
}
Event: 4.814 GC heap before
{Heap before GC invocations=25 (full 2):
 PSYoungGen      total 25088K, used 24598K [0x00000000eab00000, 0x00000000ec700000, 0x0000000100000000)
  eden space 22016K, 99% used [0x00000000eab00000,0x00000000ec05faa0,0x00000000ec080000)
  from space 3072K, 88% used [0x00000000ec400000,0x00000000ec6a6048,0x00000000ec700000)
  to   space 3072K, 0% used [0x00000000ec080000,0x00000000ec080000,0x00000000ec380000)
 ParOldGen       total 68608K, used 38111K [0x00000000c0000000, 0x00000000c4300000, 0x00000000eab00000)
  object space 68608K, 55% used [0x00000000c0000000,0x00000000c2537f08,0x00000000c4300000)
 Metaspace       used 41479K, committed 42688K, reserved 1114112K
  class space    used 4232K, committed 4736K, reserved 1048576K
}
Event: 4.818 GC heap after
{Heap after GC invocations=25 (full 2):
 PSYoungGen      total 25088K, used 3045K [0x00000000eab00000, 0x00000000ecc80000, 0x0000000100000000)
  eden space 22016K, 0% used [0x00000000eab00000,0x00000000eab00000,0x00000000ec080000)
  from space 3072K, 99% used [0x00000000ec080000,0x00000000ec379568,0x00000000ec380000)
  to   space 6144K, 0% used [0x00000000ec680000,0x00000000ec680000,0x00000000ecc80000)
 ParOldGen       total 68608K, used 40649K [0x00000000c0000000, 0x00000000c4300000, 0x00000000eab00000)
  object space 68608K, 59% used [0x00000000c0000000,0x00000000c27b2470,0x00000000c4300000)
 Metaspace       used 41479K, committed 42688K, reserved 1114112K
  class space    used 4232K, committed 4736K, reserved 1048576K
}
Event: 4.890 GC heap before
{Heap before GC invocations=26 (full 2):
 PSYoungGen      total 25088K, used 25061K [0x00000000eab00000, 0x00000000ecc80000, 0x0000000100000000)
  eden space 22016K, 100% used [0x00000000eab00000,0x00000000ec080000,0x00000000ec080000)
  from space 3072K, 99% used [0x00000000ec080000,0x00000000ec379568,0x00000000ec380000)
  to   space 6144K, 0% used [0x00000000ec680000,0x00000000ec680000,0x00000000ecc80000)
 ParOldGen       total 68608K, used 40649K [0x00000000c0000000, 0x00000000c4300000, 0x00000000eab00000)
  object space 68608K, 59% used [0x00000000c0000000,0x00000000c27b2470,0x00000000c4300000)
 Metaspace       used 42393K, committed 43712K, reserved 1114112K
  class space    used 4333K, committed 4864K, reserved 1048576K
}
Event: 4.895 GC heap after
{Heap after GC invocations=26 (full 2):
 PSYoungGen      total 25600K, used 3466K [0x00000000eab00000, 0x00000000eca00000, 0x0000000100000000)
  eden space 22016K, 0% used [0x00000000eab00000,0x00000000eab00000,0x00000000ec080000)
  from space 3584K, 96% used [0x00000000ec680000,0x00000000ec9e2ba0,0x00000000eca00000)
  to   space 4608K, 0% used [0x00000000ec100000,0x00000000ec100000,0x00000000ec580000)
 ParOldGen       total 68608K, used 43505K [0x00000000c0000000, 0x00000000c4300000, 0x00000000eab00000)
  object space 68608K, 63% used [0x00000000c0000000,0x00000000c2a7c5f8,0x00000000c4300000)
 Metaspace       used 42393K, committed 43712K, reserved 1114112K
  class space    used 4333K, committed 4864K, reserved 1048576K
}
Event: 4.968 GC heap before
{Heap before GC invocations=27 (full 2):
 PSYoungGen      total 25600K, used 25482K [0x00000000eab00000, 0x00000000eca00000, 0x0000000100000000)
  eden space 22016K, 100% used [0x00000000eab00000,0x00000000ec080000,0x00000000ec080000)
  from space 3584K, 96% used [0x00000000ec680000,0x00000000ec9e2ba0,0x00000000eca00000)
  to   space 4608K, 0% used [0x00000000ec100000,0x00000000ec100000,0x00000000ec580000)
 ParOldGen       total 68608K, used 43505K [0x00000000c0000000, 0x00000000c4300000, 0x00000000eab00000)
  object space 68608K, 63% used [0x00000000c0000000,0x00000000c2a7c5f8,0x00000000c4300000)
 Metaspace       used 43536K, committed 44800K, reserved 1114112K
  class space    used 4468K, committed 4992K, reserved 1048576K
}
Event: 4.971 GC heap after
{Heap after GC invocations=27 (full 2):
 PSYoungGen      total 25088K, used 3005K [0x00000000eab00000, 0x00000000ec780000, 0x0000000100000000)
  eden space 22016K, 0% used [0x00000000eab00000,0x00000000eab00000,0x00000000ec080000)
  from space 3072K, 97% used [0x00000000ec100000,0x00000000ec3ef570,0x00000000ec400000)
  to   space 3584K, 0% used [0x00000000ec400000,0x00000000ec400000,0x00000000ec780000)
 ParOldGen       total 68608K, used 46723K [0x00000000c0000000, 0x00000000c4300000, 0x00000000eab00000)
  object space 68608K, 68% used [0x00000000c0000000,0x00000000c2da0f80,0x00000000c4300000)
 Metaspace       used 43536K, committed 44800K, reserved 1114112K
  class space    used 4468K, committed 4992K, reserved 1048576K
}
Event: 5.059 GC heap before
{Heap before GC invocations=28 (full 2):
 PSYoungGen      total 25088K, used 25021K [0x00000000eab00000, 0x00000000ec780000, 0x0000000100000000)
  eden space 22016K, 100% used [0x00000000eab00000,0x00000000ec080000,0x00000000ec080000)
  from space 3072K, 97% used [0x00000000ec100000,0x00000000ec3ef570,0x00000000ec400000)
  to   space 3584K, 0% used [0x00000000ec400000,0x00000000ec400000,0x00000000ec780000)
 ParOldGen       total 68608K, used 46723K [0x00000000c0000000, 0x00000000c4300000, 0x00000000eab00000)
  object space 68608K, 68% used [0x00000000c0000000,0x00000000c2da0f80,0x00000000c4300000)
 Metaspace       used 44851K, committed 46016K, reserved 1114112K
  class space    used 4603K, committed 5120K, reserved 1048576K
}
Event: 5.063 GC heap after
{Heap after GC invocations=28 (full 2):
 PSYoungGen      total 25088K, used 3531K [0x00000000eab00000, 0x00000000ec880000, 0x0000000100000000)
  eden space 21504K, 0% used [0x00000000eab00000,0x00000000eab00000,0x00000000ec000000)
  from space 3584K, 98% used [0x00000000ec400000,0x00000000ec772c20,0x00000000ec780000)
  to   space 4096K, 0% used [0x00000000ec000000,0x00000000ec000000,0x00000000ec400000)
 ParOldGen       total 68608K, used 49407K [0x00000000c0000000, 0x00000000c4300000, 0x00000000eab00000)
  object space 68608K, 72% used [0x00000000c0000000,0x00000000c303fc60,0x00000000c4300000)
 Metaspace       used 44851K, committed 46016K, reserved 1114112K
  class space    used 4603K, committed 5120K, reserved 1048576K
}

Dll operation events (10 events):
Event: 0.009 Loaded shared library c:\Users\ADMIN\.vscode\extensions\redhat.java-1.42.0-win32-x64\jre\21.0.7-win32-x86_64\bin\java.dll
Event: 0.074 Loaded shared library c:\Users\ADMIN\.vscode\extensions\redhat.java-1.42.0-win32-x64\jre\21.0.7-win32-x86_64\bin\zip.dll
Event: 0.093 Loaded shared library C:\Users\ADMIN\.vscode\extensions\redhat.java-1.42.0-win32-x64\jre\21.0.7-win32-x86_64\bin\instrument.dll
Event: 0.097 Loaded shared library C:\Users\ADMIN\.vscode\extensions\redhat.java-1.42.0-win32-x64\jre\21.0.7-win32-x86_64\bin\net.dll
Event: 0.099 Loaded shared library C:\Users\ADMIN\.vscode\extensions\redhat.java-1.42.0-win32-x64\jre\21.0.7-win32-x86_64\bin\nio.dll
Event: 0.102 Loaded shared library C:\Users\ADMIN\.vscode\extensions\redhat.java-1.42.0-win32-x64\jre\21.0.7-win32-x86_64\bin\zip.dll
Event: 0.123 Loaded shared library C:\Users\ADMIN\.vscode\extensions\redhat.java-1.42.0-win32-x64\jre\21.0.7-win32-x86_64\bin\jimage.dll
Event: 0.203 Loaded shared library c:\Users\ADMIN\.vscode\extensions\redhat.java-1.42.0-win32-x64\jre\21.0.7-win32-x86_64\bin\verify.dll
Event: 1.546 Loaded shared library C:\Users\ADMIN\AppData\Roaming\Code\User\globalStorage\redhat.java\1.42.0\config_win\org.eclipse.equinox.launcher\org.eclipse.equinox.launcher.win32.win32.x86_64_1.2.1300.v20250331-1702\eclipse_11911.dll
Event: 2.749 Loaded shared library C:\Users\ADMIN\AppData\Local\Temp\jna-62130991\jna1612303339803650128.dll

Deoptimization events (20 events):
Event: 5.033 Thread 0x0000029421c31930 DEOPT PACKING pc=0x00000293cc7c6974 sp=0x000000a8350fdda0
Event: 5.033 Thread 0x0000029421c31930 DEOPT UNPACKING pc=0x00000293cbe93aa2 sp=0x000000a8350fdd30 mode 2
Event: 5.033 Thread 0x0000029421c31930 Uncommon trap: trap_request=0xffffff45 fr.pc=0x00000293cc682d8c relative=0x00000000000011cc
Event: 5.033 Thread 0x0000029421c31930 Uncommon trap: reason=unstable_if action=reinterpret pc=0x00000293cc682d8c method=java.util.Properties$LineReader.readLine()I @ 325 c2
Event: 5.033 Thread 0x0000029421c31930 DEOPT PACKING pc=0x00000293cc682d8c sp=0x000000a8350fdd90
Event: 5.033 Thread 0x0000029421c31930 DEOPT UNPACKING pc=0x00000293cbe93aa2 sp=0x000000a8350fdd30 mode 2
Event: 5.035 Thread 0x0000029421c31930 DEOPT PACKING pc=0x00000293c579ef26 sp=0x000000a8350fdd40
Event: 5.035 Thread 0x0000029421c31930 DEOPT UNPACKING pc=0x00000293cbe94242 sp=0x000000a8350fd230 mode 0
Event: 5.036 Thread 0x0000029421c31930 DEOPT PACKING pc=0x00000293c579ef26 sp=0x000000a8350fdd40
Event: 5.036 Thread 0x0000029421c31930 DEOPT UNPACKING pc=0x00000293cbe94242 sp=0x000000a8350fd230 mode 0
Event: 5.036 Thread 0x0000029421c31930 DEOPT PACKING pc=0x00000293c579ef26 sp=0x000000a8350fdd40
Event: 5.036 Thread 0x0000029421c31930 DEOPT UNPACKING pc=0x00000293cbe94242 sp=0x000000a8350fd230 mode 0
Event: 5.036 Thread 0x0000029421c31930 DEOPT PACKING pc=0x00000293c579ef26 sp=0x000000a8350fdd40
Event: 5.036 Thread 0x0000029421c31930 DEOPT UNPACKING pc=0x00000293cbe94242 sp=0x000000a8350fd230 mode 0
Event: 5.037 Thread 0x0000029421c31930 DEOPT PACKING pc=0x00000293c579ef26 sp=0x000000a8350fdd40
Event: 5.037 Thread 0x0000029421c31930 DEOPT UNPACKING pc=0x00000293cbe94242 sp=0x000000a8350fd230 mode 0
Event: 5.037 Thread 0x0000029421c31930 DEOPT PACKING pc=0x00000293c579ef26 sp=0x000000a8350fdd40
Event: 5.037 Thread 0x0000029421c31930 DEOPT UNPACKING pc=0x00000293cbe94242 sp=0x000000a8350fd230 mode 0
Event: 5.103 Thread 0x000002941ef29360 DEOPT PACKING pc=0x00000293c56613b7 sp=0x000000a8339fea70
Event: 5.103 Thread 0x000002941ef29360 DEOPT UNPACKING pc=0x00000293cbe94242 sp=0x000000a8339fe010 mode 0

Classes loaded (20 events):
Event: 4.796 Loading class java/lang/invoke/MethodHandleImpl$CountingWrapper
Event: 4.796 Loading class java/lang/invoke/MethodHandleImpl$CountingWrapper done
Event: 4.807 Loading class java/lang/invoke/MethodHandleImpl$CountingWrapper$1
Event: 4.807 Loading class java/lang/invoke/MethodHandleImpl$CountingWrapper$1 done
Event: 4.842 Loading class java/util/WeakHashMap$KeyIterator
Event: 4.842 Loading class java/util/WeakHashMap$KeyIterator done
Event: 4.867 Loading class sun/reflect/annotation/AnnotatedTypeFactory$AnnotatedParameterizedTypeImpl
Event: 4.869 Loading class java/lang/reflect/AnnotatedParameterizedType
Event: 4.869 Loading class java/lang/reflect/AnnotatedParameterizedType done
Event: 4.869 Loading class sun/reflect/annotation/AnnotatedTypeFactory$AnnotatedParameterizedTypeImpl done
Event: 5.010 Loading class sun/reflect/generics/scope/ConstructorScope
Event: 5.010 Loading class sun/reflect/generics/scope/ConstructorScope done
Event: 5.010 Loading class sun/reflect/generics/tree/VoidDescriptor
Event: 5.010 Loading class sun/reflect/generics/tree/VoidDescriptor done
Event: 5.036 Loading class java/util/concurrent/CompletionService
Event: 5.036 Loading class java/util/concurrent/CompletionService done
Event: 5.094 Loading class java/lang/ExceptionInInitializerError
Event: 5.094 Loading class java/lang/ExceptionInInitializerError done
Event: 5.114 Loading class java/nio/channels/ServerSocketChannel
Event: 5.114 Loading class java/nio/channels/ServerSocketChannel done

Classes unloaded (7 events):
Event: 3.185 Thread 0x00000293c18be8c0 Unloading class 0x00000293d71a5400 'java/lang/invoke/LambdaForm$MH+0x00000293d71a5400'
Event: 3.185 Thread 0x00000293c18be8c0 Unloading class 0x00000293d71a5000 'java/lang/invoke/LambdaForm$MH+0x00000293d71a5000'
Event: 3.185 Thread 0x00000293c18be8c0 Unloading class 0x00000293d71a4c00 'java/lang/invoke/LambdaForm$MH+0x00000293d71a4c00'
Event: 3.185 Thread 0x00000293c18be8c0 Unloading class 0x00000293d71a4800 'java/lang/invoke/LambdaForm$MH+0x00000293d71a4800'
Event: 3.185 Thread 0x00000293c18be8c0 Unloading class 0x00000293d71a4400 'java/lang/invoke/LambdaForm$BMH+0x00000293d71a4400'
Event: 3.185 Thread 0x00000293c18be8c0 Unloading class 0x00000293d71a4000 'java/lang/invoke/LambdaForm$DMH+0x00000293d71a4000'
Event: 3.185 Thread 0x00000293c18be8c0 Unloading class 0x00000293d71a2c00 'java/lang/invoke/LambdaForm$DMH+0x00000293d71a2c00'

Classes redefined (0 events):
No events

Internal exceptions (20 events):
Event: 4.339 Thread 0x000002941ef29360 Exception <a 'java/lang/NoSuchMethodError'{0x00000000ebae69f0}: 'java.lang.Object java.lang.invoke.Invokers$Holder.linkToTargetMethod(java.lang.Object, java.lang.Object, int, java.lang.Object)'> (0x00000000ebae69f0) 
thrown [s\src\hotspot\share\interpreter\linkResolver.cpp, line 773]
Event: 4.341 Thread 0x000002941ef29360 Exception <a 'java/lang/NoSuchMethodError'{0x00000000ebb83be0}: 'void java.lang.invoke.DirectMethodHandle$Holder.invokeStaticInit(java.lang.Object, java.lang.Object, java.lang.Object)'> (0x00000000ebb83be0) 
thrown [s\src\hotspot\share\interpreter\linkResolver.cpp, line 773]
Event: 4.571 Thread 0x000002941ef26570 Exception <a 'java/lang/NoClassDefFoundError'{0x00000000eae21520}: javax/enterprise/inject/Typed> (0x00000000eae21520) 
thrown [s\src\hotspot\share\classfile\systemDictionary.cpp, line 301]
Event: 4.739 Thread 0x000002941ef29360 Implicit null exception at 0x00000293cc65b65a to 0x00000293cc65b758
Event: 4.795 Thread 0x000002941ef28640 Exception <a 'java/lang/NoSuchMethodError'{0x00000000eb9005f8}: 'java.lang.Object java.lang.invoke.DirectMethodHandle$Holder.invokeStatic(java.lang.Object, int, java.lang.Object, java.lang.Object)'> (0x00000000eb9005f8) 
thrown [s\src\hotspot\share\interpreter\linkResolver.cpp, line 773]
Event: 4.796 Thread 0x000002941ef28640 Exception <a 'java/lang/NoSuchMethodError'{0x00000000eb9040a8}: 'java.lang.Object java.lang.invoke.DelegatingMethodHandle$Holder.delegate(java.lang.Object, int, java.lang.Object, java.lang.Object)'> (0x00000000eb9040a8) 
thrown [s\src\hotspot\share\interpreter\linkResolver.cpp, line 773]
Event: 4.798 Thread 0x000002941ef28640 Exception <a 'java/lang/NoSuchMethodError'{0x00000000eb917c70}: 'int java.lang.invoke.Invokers$Holder.linkToTargetMethod(java.lang.Object, java.lang.Object, java.lang.Object)'> (0x00000000eb917c70) 
thrown [s\src\hotspot\share\interpreter\linkResolver.cpp, line 773]
Event: 4.845 Thread 0x000002941ef28640 Exception <a 'java/io/FileNotFoundException'{0x00000000eb163b50}> (0x00000000eb163b50) 
thrown [s\src\hotspot\share\prims\jni.cpp, line 520]
Event: 4.845 Thread 0x000002941ef28640 Exception <a 'java/io/FileNotFoundException'{0x00000000eb164b50}> (0x00000000eb164b50) 
thrown [s\src\hotspot\share\prims\jni.cpp, line 520]
Event: 4.845 Thread 0x000002941ef28640 Exception <a 'java/io/FileNotFoundException'{0x00000000eb1658a8}> (0x00000000eb1658a8) 
thrown [s\src\hotspot\share\prims\jni.cpp, line 520]
Event: 4.857 Thread 0x0000029421c31930 Exception <a 'sun/nio/fs/WindowsException'{0x00000000eb60a0a8}> (0x00000000eb60a0a8) 
thrown [s\src\hotspot\share\prims\jni.cpp, line 520]
Event: 4.857 Thread 0x0000029421c31930 Exception <a 'sun/nio/fs/WindowsException'{0x00000000eb60a6f8}> (0x00000000eb60a6f8) 
thrown [s\src\hotspot\share\prims\jni.cpp, line 520]
Event: 4.907 Thread 0x0000029421c2e4b0 Exception <a 'java/io/FileNotFoundException'{0x00000000eb0366c0}> (0x00000000eb0366c0) 
thrown [s\src\hotspot\share\prims\jni.cpp, line 520]
Event: 4.951 Thread 0x0000029421c31930 Exception <a 'sun/nio/fs/WindowsException'{0x00000000ebbc2c20}> (0x00000000ebbc2c20) 
thrown [s\src\hotspot\share\prims\jni.cpp, line 520]
Event: 4.951 Thread 0x0000029421c31930 Exception <a 'sun/nio/fs/WindowsException'{0x00000000ebbc3500}> (0x00000000ebbc3500) 
thrown [s\src\hotspot\share\prims\jni.cpp, line 520]
Event: 4.986 Thread 0x0000029421c31930 Exception <a 'java/io/FileNotFoundException'{0x00000000eaeeb228}> (0x00000000eaeeb228) 
thrown [s\src\hotspot\share\prims\jni.cpp, line 520]
Event: 4.986 Thread 0x0000029421c31930 Exception <a 'java/io/FileNotFoundException'{0x00000000eaeec220}> (0x00000000eaeec220) 
thrown [s\src\hotspot\share\prims\jni.cpp, line 520]
Event: 4.988 Thread 0x0000029421c31930 Exception <a 'java/io/FileNotFoundException'{0x00000000eaf13d70}> (0x00000000eaf13d70) 
thrown [s\src\hotspot\share\prims\jni.cpp, line 520]
Event: 4.988 Thread 0x0000029421c31930 Exception <a 'java/io/FileNotFoundException'{0x00000000eaf15108}> (0x00000000eaf15108) 
thrown [s\src\hotspot\share\prims\jni.cpp, line 520]
Event: 4.988 Thread 0x0000029421c31930 Exception <a 'java/io/FileNotFoundException'{0x00000000eaf16120}> (0x00000000eaf16120) 
thrown [s\src\hotspot\share\prims\jni.cpp, line 520]

ZGC Phase Switch (0 events):
No events

VM Operations (20 events):
Event: 4.713 Executing VM operation: ParallelGCFailedAllocation (Allocation Failure)
Event: 4.716 Executing VM operation: ParallelGCFailedAllocation (Allocation Failure) done
Event: 4.758 Executing VM operation: ParallelGCFailedAllocation (Allocation Failure)
Event: 4.760 Executing VM operation: ParallelGCFailedAllocation (Allocation Failure) done
Event: 4.814 Executing VM operation: ParallelGCFailedAllocation (Allocation Failure)
Event: 4.818 Executing VM operation: ParallelGCFailedAllocation (Allocation Failure) done
Event: 4.890 Executing VM operation: ParallelGCFailedAllocation (Allocation Failure)
Event: 4.895 Executing VM operation: ParallelGCFailedAllocation (Allocation Failure) done
Event: 4.900 Executing VM operation: HandshakeAllThreads (Deoptimize)
Event: 4.900 Executing VM operation: HandshakeAllThreads (Deoptimize) done
Event: 4.908 Executing VM operation: HandshakeAllThreads (Deoptimize)
Event: 4.908 Executing VM operation: HandshakeAllThreads (Deoptimize) done
Event: 4.968 Executing VM operation: ParallelGCFailedAllocation (Allocation Failure)
Event: 4.971 Executing VM operation: ParallelGCFailedAllocation (Allocation Failure) done
Event: 4.971 Executing VM operation: HandshakeAllThreads (Deoptimize)
Event: 4.972 Executing VM operation: HandshakeAllThreads (Deoptimize) done
Event: 5.059 Executing VM operation: ParallelGCFailedAllocation (Allocation Failure)
Event: 5.063 Executing VM operation: ParallelGCFailedAllocation (Allocation Failure) done
Event: 5.103 Executing VM operation: HandshakeAllThreads (Deoptimize)
Event: 5.103 Executing VM operation: HandshakeAllThreads (Deoptimize) done

Memory protections (0 events):
No events

Nmethod flushes (20 events):
Event: 4.121 Thread 0x00000293c18be8c0 flushing  nmethod 0x00000293c50d5c90
Event: 4.121 Thread 0x00000293c18be8c0 flushing  nmethod 0x00000293c50d9d90
Event: 4.121 Thread 0x00000293c18be8c0 flushing  nmethod 0x00000293c5107910
Event: 4.121 Thread 0x00000293c18be8c0 flushing  nmethod 0x00000293c5107d10
Event: 4.121 Thread 0x00000293c18be8c0 flushing  nmethod 0x00000293c5108610
Event: 4.121 Thread 0x00000293c18be8c0 flushing  nmethod 0x00000293c5109810
Event: 4.121 Thread 0x00000293c18be8c0 flushing  nmethod 0x00000293c510a010
Event: 4.121 Thread 0x00000293c18be8c0 flushing  nmethod 0x00000293c510a510
Event: 4.121 Thread 0x00000293c18be8c0 flushing  nmethod 0x00000293c510b110
Event: 4.121 Thread 0x00000293c18be8c0 flushing  nmethod 0x00000293c510c210
Event: 4.121 Thread 0x00000293c18be8c0 flushing  nmethod 0x00000293c510cb10
Event: 4.121 Thread 0x00000293c18be8c0 flushing  nmethod 0x00000293c510db10
Event: 4.121 Thread 0x00000293c18be8c0 flushing  nmethod 0x00000293c510f590
Event: 4.121 Thread 0x00000293c18be8c0 flushing  nmethod 0x00000293c5111010
Event: 4.121 Thread 0x00000293c18be8c0 flushing  nmethod 0x00000293c5152d10
Event: 4.121 Thread 0x00000293c18be8c0 flushing  nmethod 0x00000293c515a490
Event: 4.121 Thread 0x00000293c18be8c0 flushing  nmethod 0x00000293c5163590
Event: 4.121 Thread 0x00000293c18be8c0 flushing  nmethod 0x00000293c5249c10
Event: 4.121 Thread 0x00000293c18be8c0 flushing  nmethod 0x00000293c525aa90
Event: 4.121 Thread 0x00000293c18be8c0 flushing  nmethod 0x00000293c525af10

Events (20 events):
Event: 3.943 Thread 0x00000293c1804fe0 Thread added: 0x000002941ef27fb0
Event: 3.943 Thread 0x00000293c1804fe0 Thread added: 0x000002941f485640
Event: 3.944 Thread 0x00000293c1804fe0 Thread added: 0x000002941f487080
Event: 3.944 Thread 0x00000293c1804fe0 Thread added: 0x000002941f483c00
Event: 3.944 Thread 0x00000293c1804fe0 Thread added: 0x000002941f484920
Event: 3.944 Thread 0x00000293c1804fe0 Thread added: 0x000002941f484290
Event: 3.944 Thread 0x00000293c1804fe0 Thread added: 0x000002941f484fb0
Event: 3.944 Thread 0x00000293c1804fe0 Thread added: 0x000002941f486360
Event: 3.944 Thread 0x00000293c1804fe0 Thread added: 0x000002941f485cd0
Event: 3.944 Thread 0x00000293c1804fe0 Thread added: 0x000002941f4869f0
Event: 3.944 Thread 0x00000293c1804fe0 Thread added: 0x0000029421c30c10
Event: 3.944 Thread 0x00000293c1804fe0 Thread added: 0x0000029421c2f1d0
Event: 3.944 Thread 0x00000293c1804fe0 Thread added: 0x0000029421c2f860
Event: 3.945 Thread 0x00000293c1804fe0 Thread added: 0x0000029421c2eb40
Event: 3.945 Thread 0x00000293c1804fe0 Thread added: 0x0000029421c2fef0
Event: 3.945 Thread 0x00000293c1804fe0 Thread added: 0x0000029421c312a0
Event: 3.969 Thread 0x00000293c1804fe0 Thread added: 0x0000029421c30580
Event: 4.091 Thread 0x00000293c1804fe0 Thread added: 0x0000029421c34db0
Event: 4.091 Thread 0x00000293c1804fe0 Thread added: 0x0000029421c2e4b0
Event: 4.264 Thread 0x000002941ef26570 Thread added: 0x0000029421c31930


Dynamic libraries:
0x00007ff77f280000 - 0x00007ff77f28e000 	c:\Users\ADMIN\.vscode\extensions\redhat.java-1.42.0-win32-x64\jre\21.0.7-win32-x86_64\bin\java.exe
0x00007ff8e5b70000 - 0x00007ff8e5d87000 	C:\WINDOWS\SYSTEM32\ntdll.dll
0x00007ff8e4230000 - 0x00007ff8e42f4000 	C:\WINDOWS\System32\KERNEL32.DLL
0x00007ff8e31c0000 - 0x00007ff8e3592000 	C:\WINDOWS\System32\KERNELBASE.dll
0x00007ff8e3620000 - 0x00007ff8e3731000 	C:\WINDOWS\System32\ucrtbase.dll
0x00007ff8cbc00000 - 0x00007ff8cbc18000 	c:\Users\ADMIN\.vscode\extensions\redhat.java-1.42.0-win32-x64\jre\21.0.7-win32-x86_64\bin\jli.dll
0x00007ff8cbbe0000 - 0x00007ff8cbbfe000 	c:\Users\ADMIN\.vscode\extensions\redhat.java-1.42.0-win32-x64\jre\21.0.7-win32-x86_64\bin\VCRUNTIME140.dll
0x00007ff8e51a0000 - 0x00007ff8e5351000 	C:\WINDOWS\System32\USER32.dll
0x00007ff8db550000 - 0x00007ff8db7eb000 	C:\WINDOWS\WinSxS\amd64_microsoft.windows.common-controls_6595b64144ccf1df_6.0.22621.5415_none_270d77d17387d7da\COMCTL32.dll
0x00007ff8e2f80000 - 0x00007ff8e2fa6000 	C:\WINDOWS\System32\win32u.dll
0x00007ff8e5440000 - 0x00007ff8e54e7000 	C:\WINDOWS\System32\msvcrt.dll
0x00007ff8e4310000 - 0x00007ff8e4339000 	C:\WINDOWS\System32\GDI32.dll
0x00007ff8e2c60000 - 0x00007ff8e2d83000 	C:\WINDOWS\System32\gdi32full.dll
0x00007ff8e3120000 - 0x00007ff8e31ba000 	C:\WINDOWS\System32\msvcp_win.dll
0x00007ff8e3c70000 - 0x00007ff8e3ca1000 	C:\WINDOWS\System32\IMM32.DLL
0x00007ff8dc6e0000 - 0x00007ff8dc6ec000 	c:\Users\ADMIN\.vscode\extensions\redhat.java-1.42.0-win32-x64\jre\21.0.7-win32-x86_64\bin\vcruntime140_1.dll
0x00007ff8cbb50000 - 0x00007ff8cbbdd000 	c:\Users\ADMIN\.vscode\extensions\redhat.java-1.42.0-win32-x64\jre\21.0.7-win32-x86_64\bin\msvcp140.dll
0x00007ff822440000 - 0x00007ff8231d0000 	c:\Users\ADMIN\.vscode\extensions\redhat.java-1.42.0-win32-x64\jre\21.0.7-win32-x86_64\bin\server\jvm.dll
0x00007ff8e3b00000 - 0x00007ff8e3bb1000 	C:\WINDOWS\System32\ADVAPI32.dll
0x00007ff8e39c0000 - 0x00007ff8e3a68000 	C:\WINDOWS\System32\sechost.dll
0x00007ff8e2fb0000 - 0x00007ff8e2fd8000 	C:\WINDOWS\System32\bcrypt.dll
0x00007ff8e47d0000 - 0x00007ff8e48e4000 	C:\WINDOWS\System32\RPCRT4.dll
0x00007ff8e5360000 - 0x00007ff8e53d1000 	C:\WINDOWS\System32\WS2_32.dll
0x00007ff8e1b00000 - 0x00007ff8e1b4d000 	C:\WINDOWS\SYSTEM32\POWRPROF.dll
0x00007ff8db8b0000 - 0x00007ff8db8e4000 	C:\WINDOWS\SYSTEM32\WINMM.dll
0x00007ff8db320000 - 0x00007ff8db32a000 	C:\WINDOWS\SYSTEM32\VERSION.dll
0x00007ff8e1ac0000 - 0x00007ff8e1ad3000 	C:\WINDOWS\SYSTEM32\UMPDC.dll
0x00007ff8e1d80000 - 0x00007ff8e1d98000 	C:\WINDOWS\SYSTEM32\kernel.appcore.dll
0x00007ff8db300000 - 0x00007ff8db30a000 	c:\Users\ADMIN\.vscode\extensions\redhat.java-1.42.0-win32-x64\jre\21.0.7-win32-x86_64\bin\jimage.dll
0x00007ff8e0090000 - 0x00007ff8e02c3000 	C:\WINDOWS\SYSTEM32\DBGHELP.DLL
0x00007ff8e3cc0000 - 0x00007ff8e4053000 	C:\WINDOWS\System32\combase.dll
0x00007ff8e58d0000 - 0x00007ff8e59a7000 	C:\WINDOWS\System32\OLEAUT32.dll
0x00007ff8d9580000 - 0x00007ff8d95b2000 	C:\WINDOWS\SYSTEM32\dbgcore.DLL
0x00007ff8e35a0000 - 0x00007ff8e361b000 	C:\WINDOWS\System32\bcryptPrimitives.dll
0x00007ff8d3f30000 - 0x00007ff8d3f3f000 	c:\Users\ADMIN\.vscode\extensions\redhat.java-1.42.0-win32-x64\jre\21.0.7-win32-x86_64\bin\instrument.dll
0x00007ff8cbb30000 - 0x00007ff8cbb4f000 	c:\Users\ADMIN\.vscode\extensions\redhat.java-1.42.0-win32-x64\jre\21.0.7-win32-x86_64\bin\java.dll
0x00007ff8e48f0000 - 0x00007ff8e5192000 	C:\WINDOWS\System32\SHELL32.dll
0x00007ff8e2fe0000 - 0x00007ff8e311f000 	C:\WINDOWS\System32\wintypes.dll
0x00007ff8e0ba0000 - 0x00007ff8e14be000 	C:\WINDOWS\SYSTEM32\windows.storage.dll
0x00007ff8e59b0000 - 0x00007ff8e5abb000 	C:\WINDOWS\System32\SHCORE.dll
0x00007ff8e5ac0000 - 0x00007ff8e5b29000 	C:\WINDOWS\System32\shlwapi.dll
0x00007ff8e2b90000 - 0x00007ff8e2bbb000 	C:\WINDOWS\SYSTEM32\profapi.dll
0x00007ff8b4ea0000 - 0x00007ff8b4eb8000 	c:\Users\ADMIN\.vscode\extensions\redhat.java-1.42.0-win32-x64\jre\21.0.7-win32-x86_64\bin\zip.dll
0x00007ff8cc230000 - 0x00007ff8cc240000 	C:\Users\ADMIN\.vscode\extensions\redhat.java-1.42.0-win32-x64\jre\21.0.7-win32-x86_64\bin\net.dll
0x00007ff8df570000 - 0x00007ff8df69c000 	C:\WINDOWS\SYSTEM32\WINHTTP.dll
0x00007ff8e2200000 - 0x00007ff8e2269000 	C:\WINDOWS\system32\mswsock.dll
0x00007ff8b4e80000 - 0x00007ff8b4e96000 	C:\Users\ADMIN\.vscode\extensions\redhat.java-1.42.0-win32-x64\jre\21.0.7-win32-x86_64\bin\nio.dll
0x00007ff8cbb20000 - 0x00007ff8cbb30000 	c:\Users\ADMIN\.vscode\extensions\redhat.java-1.42.0-win32-x64\jre\21.0.7-win32-x86_64\bin\verify.dll
0x00007ff8b12e0000 - 0x00007ff8b1325000 	C:\Users\ADMIN\AppData\Roaming\Code\User\globalStorage\redhat.java\1.42.0\config_win\org.eclipse.equinox.launcher\org.eclipse.equinox.launcher.win32.win32.x86_64_1.2.1300.v20250331-1702\eclipse_11911.dll
0x00007ff8e5730000 - 0x00007ff8e58d0000 	C:\WINDOWS\System32\ole32.dll
0x00007ff8e2450000 - 0x00007ff8e246b000 	C:\WINDOWS\SYSTEM32\CRYPTSP.dll
0x00007ff8e1ce0000 - 0x00007ff8e1d17000 	C:\WINDOWS\system32\rsaenh.dll
0x00007ff8e22f0000 - 0x00007ff8e2318000 	C:\WINDOWS\SYSTEM32\USERENV.dll
0x00007ff8e2470000 - 0x00007ff8e247c000 	C:\WINDOWS\SYSTEM32\CRYPTBASE.dll
0x00007ff8e1790000 - 0x00007ff8e17bd000 	C:\WINDOWS\SYSTEM32\IPHLPAPI.DLL
0x00007ff8e4300000 - 0x00007ff8e4309000 	C:\WINDOWS\System32\NSI.dll
0x00007ff8b4e30000 - 0x00007ff8b4e79000 	C:\Users\ADMIN\AppData\Local\Temp\jna-62130991\jna1612303339803650128.dll
0x00007ff8e4340000 - 0x00007ff8e4348000 	C:\WINDOWS\System32\PSAPI.DLL
0x00007ff8df3e0000 - 0x00007ff8df3f9000 	C:\WINDOWS\SYSTEM32\dhcpcsvc6.DLL
0x00007ff8df340000 - 0x00007ff8df35f000 	C:\WINDOWS\SYSTEM32\dhcpcsvc.DLL

dbghelp: loaded successfully - version: 4.0.5 - missing functions: none
symbol engine: initialized successfully - sym options: 0x614 - pdb path: .;c:\Users\ADMIN\.vscode\extensions\redhat.java-1.42.0-win32-x64\jre\21.0.7-win32-x86_64\bin;C:\WINDOWS\SYSTEM32;C:\WINDOWS\WinSxS\amd64_microsoft.windows.common-controls_6595b64144ccf1df_6.0.22621.5415_none_270d77d17387d7da;c:\Users\ADMIN\.vscode\extensions\redhat.java-1.42.0-win32-x64\jre\21.0.7-win32-x86_64\bin\server;C:\Users\ADMIN\AppData\Roaming\Code\User\globalStorage\redhat.java\1.42.0\config_win\org.eclipse.equinox.launcher\org.eclipse.equinox.launcher.win32.win32.x86_64_1.2.1300.v20250331-1702;C:\Users\ADMIN\AppData\Local\Temp\jna-62130991

VM Arguments:
jvm_args: --add-modules=ALL-SYSTEM --add-opens=java.base/java.util=ALL-UNNAMED --add-opens=java.base/java.lang=ALL-UNNAMED --add-opens=java.base/sun.nio.fs=ALL-UNNAMED -Declipse.application=org.eclipse.jdt.ls.core.id1 -Dosgi.bundles.defaultStartLevel=4 -Declipse.product=org.eclipse.jdt.ls.core.product -Djava.import.generatesMetadataFilesAtProjectRoot=false -DDetectVMInstallationsJob.disabled=true -Dfile.encoding=utf8 -XX:+UseParallelGC -XX:GCTimeRatio=4 -XX:AdaptiveSizePolicyWeight=90 -Dsun.zip.disableMemoryMapping=true -Xmx1G -Xms100m -Xlog:disable -javaagent:c:\Users\ADMIN\.vscode\extensions\redhat.java-1.42.0-win32-x64\lombok\lombok-1.18.36.jar -XX:+HeapDumpOnOutOfMemoryError -XX:HeapDumpPath=c:\Users\ADMIN\AppData\Roaming\Code\User\workspaceStorage\c9c34c9037f30831ff1e317f9d9d2896\redhat.java -Daether.dependencyCollector.impl=bf 
java_command: c:\Users\ADMIN\.vscode\extensions\redhat.java-1.42.0-win32-x64\server\plugins\org.eclipse.equinox.launcher_1.7.0.v20250424-1814.jar -configuration c:\Users\ADMIN\AppData\Roaming\Code\User\globalStorage\redhat.java\1.42.0\config_win -data c:\Users\ADMIN\AppData\Roaming\Code\User\workspaceStorage\c9c34c9037f30831ff1e317f9d9d2896\redhat.java\jdt_ws --pipe=\\.\pipe\lsp-e4dff278d9f0f9266e04daff094669e0-sock
java_class_path (initial): c:\Users\ADMIN\.vscode\extensions\redhat.java-1.42.0-win32-x64\server\plugins\org.eclipse.equinox.launcher_1.7.0.v20250424-1814.jar
Launcher Type: SUN_STANDARD

[Global flags]
    uintx AdaptiveSizePolicyWeight                 = 90                                        {product} {command line}
     intx CICompilerCount                          = 12                                        {product} {ergonomic}
    uintx GCTimeRatio                              = 4                                         {product} {command line}
     bool HeapDumpOnOutOfMemoryError               = true                                   {manageable} {command line}
    ccstr HeapDumpPath                             = c:\Users\ADMIN\AppData\Roaming\Code\User\workspaceStorage\c9c34c9037f30831ff1e317f9d9d2896\redhat.java         {manageable} {command line}
   size_t InitialHeapSize                          = 104857600                                 {product} {command line}
   size_t MaxHeapSize                              = 1073741824                                {product} {command line}
   size_t MaxNewSize                               = 357564416                                 {product} {ergonomic}
   size_t MinHeapDeltaBytes                        = 524288                                    {product} {ergonomic}
   size_t MinHeapSize                              = 104857600                                 {product} {command line}
   size_t NewSize                                  = 34603008                                  {product} {ergonomic}
    uintx NonNMethodCodeHeapSize                   = 7602480                                {pd product} {ergonomic}
    uintx NonProfiledCodeHeapSize                  = 122027880                              {pd product} {ergonomic}
   size_t OldSize                                  = 70254592                                  {product} {ergonomic}
    uintx ProfiledCodeHeapSize                     = 122027880                              {pd product} {ergonomic}
    uintx ReservedCodeCacheSize                    = 251658240                              {pd product} {ergonomic}
     bool SegmentedCodeCache                       = true                                      {product} {ergonomic}
   size_t SoftMaxHeapSize                          = 1073741824                             {manageable} {ergonomic}
     bool UseCompressedOops                        = true                           {product lp64_product} {ergonomic}
     bool UseLargePagesIndividualAllocation        = false                                  {pd product} {ergonomic}
     bool UseParallelGC                            = true                                      {product} {command line}

Logging:
Log output configuration:
 #0: stdout all=off uptime,level,tags foldmultilines=false
 #1: stderr all=off uptime,level,tags foldmultilines=false

Environment Variables:
JAVA_HOME=C:\Program Files\Java\jdk-17
PATH=d:\AI\cursor\resources\app\bin;C:\Program Files\Common Files\Oracle\Java\javapath;E:\Ki5\SWT301\apache-maven-3.9.9-bin\apache-maven-3.9.9\bin;C:\Program Files\Microsoft MPI\Bin\;C:\Program Files (x86)\Common Files\Oracle\Java\javapath;C:\Windows\system32;C:\Windows;C:\Windows\System32\Wbem;C:\Windows\System32\WindowsPowerShell\v1.0\;C:\Windows\System32\OpenSSH\;C:\Program Files (x86)\NVIDIA Corporation\PhysX\Common;C:\Program Files\NVIDIA Corporation\NVIDIA NvDLISR;C:\WINDOWS\system32;C:\WINDOWS;C:\WINDOWS\System32\Wbem;C:\WINDOWS\System32\WindowsPowerShell\v1.0\;C:\WINDOWS\System32\OpenSSH\;C:\Program Files\Microsoft SQL Server\Client SDK\ODBC\110\Tools\Binn\;C:\Program Files (x86)\Microsoft SQL Server\160\Tools\Binn\;C:\Program Files\Microsoft SQL Server\160\Tools\Binn\;C:\Program Files\Microsoft SQL Server\Client SDK\ODBC\170\Tools\Binn\;C:\Program Files\Microsoft SQL Server\160\DTS\Binn\;C:\Program Files\Git\cmd;E:\Ki5\FER202\nodejs\;C:\Program Files (x86)\Microsoft SQL Server\100\Tools\Binn\;C:\Program F;C:\Program Files\dotnet\;E:\Ki5\SWT301\apache-maven-3.9.9-bin\apache-maven-3.9.9\bin;E:\Ki3\WED\Microsoft VS Code\bin;C:\ProgramData\ADMIN\GitHubDesktop\bin;C:\Users\ADMIN\AppData\Local\GitHubDesktop\bin;C:\Users\ADMIN\AppData\Roaming\npm;;C:\Program Files\JetBrains\IntelliJ IDEA 2024.3.5\bin;;D:\AI\cursor\resources\app\bin
USERNAME=ADMIN
OS=Windows_NT
PROCESSOR_IDENTIFIER=Intel64 Family 6 Model 154 Stepping 3, GenuineIntel
TMP=C:\Users\ADMIN\AppData\Local\Temp
TEMP=C:\Users\ADMIN\AppData\Local\Temp




Periodic native trim disabled

---------------  S Y S T E M  ---------------

OS:
 Windows 11 , 64 bit Build 22621 (10.0.22621.5415)
OS uptime: 0 days 3:27 hours

CPU: total 16 (initial active 16) (8 cores per cpu, 2 threads per core) family 6 model 154 stepping 3 microcode 0x429, cx8, cmov, fxsr, ht, mmx, 3dnowpref, sse, sse2, sse3, ssse3, sse4.1, sse4.2, popcnt, lzcnt, tsc, tscinvbit, avx, avx2, aes, erms, clmul, bmi1, bmi2, adx, sha, fma, vzeroupper, clflush, clflushopt, clwb, serialize, rdtscp, rdpid, fsrm, f16c, pku, cet_ibt, cet_ss
Processor Information for the first 16 processors :
  Max Mhz: 2300, Current Mhz: 2300, Mhz Limit: 2300

Memory: 4k page, system-wide physical 7812M (225M free)
TotalPageFile size 18598M (AvailPageFile size 0M)
current process WorkingSet (physical memory assigned to process): 270M, peak: 270M
current process commit charge ("private bytes"): 341M, peak: 342M

vm_info: OpenJDK 64-Bit Server VM (21.0.7+6-LTS) for windows-amd64 JRE (21.0.7+6-LTS), built on 2025-04-15T00:00:00Z by "admin" with MS VC++ 17.7 (VS2022)

END.
