#
# There is insufficient memory for the Java Runtime Environment to continue.
# Native memory allocation (malloc) failed to allocate 197456 bytes. Error detail: Chunk::new
# Possible reasons:
#   The system is out of physical RAM or swap space
#   This process is running with CompressedOops enabled, and the Java Heap may be blocking the growth of the native heap
# Possible solutions:
#   Reduce memory load on the system
#   Increase physical memory or swap space
#   Check if swap backing store is full
#   Decrease Java heap size (-Xmx/-Xms)
#   Decrease number of Java threads
#   Decrease Java thread stack sizes (-Xss)
#   Set larger code cache with -XX:ReservedCodeCacheSize=
#     placed in the first 4GB address space. The Java Heap base address is the
#     maximum limit for the native heap growth. Please use -XX:HeapBaseMinAddress
#     to set the Java Heap base and to place the Java Heap above 4GB virtual address.
# This output file may be truncated or incomplete.
#
#  Out of Memory Error (arena.cpp:168), pid=30940, tid=32072
#
# JRE version: OpenJDK Runtime Environment Temurin-21.0.7+6 (21.0.7+6) (build 21.0.7+6-LTS)
# Java VM: OpenJDK 64-Bit Server VM Temurin-21.0.7+6 (21.0.7+6-LTS, mixed mode, sharing, tiered, compressed oops, compressed class ptrs, parallel gc, windows-amd64)
# No core dump will be written. Minidumps are not enabled by default on client versions of Windows
#

---------------  S U M M A R Y ------------

Command Line: --add-modules=ALL-SYSTEM --add-opens=java.base/java.util=ALL-UNNAMED --add-opens=java.base/java.lang=ALL-UNNAMED --add-opens=java.base/sun.nio.fs=ALL-UNNAMED -Declipse.application=org.eclipse.jdt.ls.core.id1 -Dosgi.bundles.defaultStartLevel=4 -Declipse.product=org.eclipse.jdt.ls.core.product -Djava.import.generatesMetadataFilesAtProjectRoot=false -DDetectVMInstallationsJob.disabled=true -Dfile.encoding=utf8 -XX:+UseParallelGC -XX:GCTimeRatio=4 -XX:AdaptiveSizePolicyWeight=90 -Dsun.zip.disableMemoryMapping=true -Xmx1G -Xms100m -Xlog:disable -javaagent:c:\Users\ADMIN\.vscode\extensions\redhat.java-1.42.0-win32-x64\lombok\lombok-1.18.36.jar c:\Users\ADMIN\.vscode\extensions\redhat.java-1.42.0-win32-x64\server\plugins\org.eclipse.equinox.launcher_1.7.0.v20250424-1814.jar -configuration c:\Users\ADMIN\AppData\Roaming\Code\User\globalStorage\redhat.java\1.42.0\config_ss_win -data c:\Users\ADMIN\AppData\Roaming\Code\User\workspaceStorage\c9c34c9037f30831ff1e317f9d9d2896\redhat.java\ss_ws --pipe=\\.\pipe\lsp-a7b7ec62c96d634f8d86d5f3f2e7fdab-sock

Host: 12th Gen Intel(R) Core(TM) i7-12650H, 16 cores, 7G,  Windows 11 , 64 bit Build 22621 (10.0.22621.5415)
Time: Mon Jun 23 22:56:27 2025 SE Asia Standard Time elapsed time: 8.671060 seconds (0d 0h 0m 8s)

---------------  T H R E A D  ---------------

Current thread (0x00000240ff418430):  JavaThread "C2 CompilerThread0" daemon [_thread_in_native, id=32072, stack(0x00000069e9100000,0x00000069e9200000) (1024K)]


Current CompileTask:
C2:8671 1088   !   4       java.lang.String::<init> (890 bytes)

Stack: [0x00000069e9100000,0x00000069e9200000]
Native frames: (J=compiled Java code, j=interpreted, Vv=VM code, C=native code)
V  [jvm.dll+0x6ce119]
V  [jvm.dll+0x8a84a1]
V  [jvm.dll+0x8aa9ce]
V  [jvm.dll+0x8ab0b3]
V  [jvm.dll+0x27f8a6]
V  [jvm.dll+0xc507d]
V  [jvm.dll+0xc55b3]
V  [jvm.dll+0x3b68f2]
V  [jvm.dll+0x382aa5]
V  [jvm.dll+0x381f0a]
V  [jvm.dll+0x247af0]
V  [jvm.dll+0x2470cf]
V  [jvm.dll+0x1c760e]
V  [jvm.dll+0x25695a]
V  [jvm.dll+0x254efa]
V  [jvm.dll+0x3f03f6]
V  [jvm.dll+0x851f6b]
V  [jvm.dll+0x6cc7dd]
C  [ucrtbase.dll+0x29333]
C  [KERNEL32.DLL+0x1259d]
C  [ntdll.dll+0x5af78]


---------------  P R O C E S S  ---------------

Threads class SMR info:
_java_thread_list=0x00000240ff73fbc0, length=11, elements={
0x00000240f894f8e0, 0x00000240ff408380, 0x00000240fdd3d730, 0x00000240ff40aec0,
0x00000240ff40bdd0, 0x00000240ff40ebf0, 0x00000240ff410650, 0x00000240ff418430,
0x00000240ff419e00, 0x00000240ff470c10, 0x00000240ff5ad320
}

Java Threads: ( => current thread )
  0x00000240f894f8e0 JavaThread "main"                              [_thread_blocked, id=15028, stack(0x00000069e8700000,0x00000069e8800000) (1024K)]
  0x00000240ff408380 JavaThread "Reference Handler"          daemon [_thread_blocked, id=19252, stack(0x00000069e8b00000,0x00000069e8c00000) (1024K)]
  0x00000240fdd3d730 JavaThread "Finalizer"                  daemon [_thread_blocked, id=37708, stack(0x00000069e8c00000,0x00000069e8d00000) (1024K)]
  0x00000240ff40aec0 JavaThread "Signal Dispatcher"          daemon [_thread_blocked, id=18888, stack(0x00000069e8d00000,0x00000069e8e00000) (1024K)]
  0x00000240ff40bdd0 JavaThread "Attach Listener"            daemon [_thread_blocked, id=34492, stack(0x00000069e8e00000,0x00000069e8f00000) (1024K)]
  0x00000240ff40ebf0 JavaThread "Service Thread"             daemon [_thread_blocked, id=12392, stack(0x00000069e8f00000,0x00000069e9000000) (1024K)]
  0x00000240ff410650 JavaThread "Monitor Deflation Thread"   daemon [_thread_blocked, id=29824, stack(0x00000069e9000000,0x00000069e9100000) (1024K)]
=>0x00000240ff418430 JavaThread "C2 CompilerThread0"         daemon [_thread_in_native, id=32072, stack(0x00000069e9100000,0x00000069e9200000) (1024K)]
  0x00000240ff419e00 JavaThread "C1 CompilerThread0"         daemon [_thread_blocked, id=22868, stack(0x00000069e9200000,0x00000069e9300000) (1024K)]
  0x00000240ff470c10 JavaThread "Common-Cleaner"             daemon [_thread_blocked, id=20668, stack(0x00000069e9300000,0x00000069e9400000) (1024K)]
  0x00000240ff5ad320 JavaThread "Notification Thread"        daemon [_thread_blocked, id=16712, stack(0x00000069e9400000,0x00000069e9500000) (1024K)]
Total: 11

Other Threads:
  0x00000240fdd21c50 VMThread "VM Thread"                           [id=9248, stack(0x00000069e8a00000,0x00000069e8b00000) (1024K)]
  0x00000240f89b9bd0 WatcherThread "VM Periodic Task Thread"        [id=1772, stack(0x00000069e8900000,0x00000069e8a00000) (1024K)]
  0x00000240f896cea0 WorkerThread "GC Thread#0"                     [id=31076, stack(0x00000069e8800000,0x00000069e8900000) (1024K)]
  0x00000240d50b73a0 WorkerThread "GC Thread#1"                     [id=30768, stack(0x00000069e9500000,0x00000069e9600000) (1024K)]
Total: 4

Threads with active compile tasks:
C2 CompilerThread0  8899 1088   !   4       java.lang.String::<init> (890 bytes)
Total: 1

VM state: at safepoint (normal execution)

VM Mutex/Monitor currently owned by a thread:  ([mutex/lock_event])
[0x00007ffa2a26e308] Threads_lock - owner thread: 0x00000240fdd21c50
[0x00007ffa2a26e408] Heap_lock - owner thread: 0x00000240f894f8e0

Heap address: 0x00000000c0000000, size: 1024 MB, Compressed Oops mode: 32-bit

CDS archive(s) mapped at: [0x000002408f000000-0x000002408fba0000-0x000002408fba0000), size 12189696, SharedBaseAddress: 0x000002408f000000, ArchiveRelocationMode: 1.
Compressed class space mapped at: 0x0000024090000000-0x00000240d0000000, reserved size: 1073741824
Narrow klass base: 0x000002408f000000, Narrow klass shift: 0, Narrow klass range: 0x100000000

GC Precious Log:
 CardTable entry size: 512
 CPUs: 16 total, 16 available
 Memory: 7812M
 Large Page Support: Disabled
 NUMA Support: Disabled
 Compressed Oops: Enabled (32-bit)
 Alignments: Space 512K, Generation 512K, Heap 2M
 Heap Min Capacity: 100M
 Heap Initial Capacity: 100M
 Heap Max Capacity: 1G
 Pre-touch: Disabled
 Parallel Workers: 13

Heap:
 PSYoungGen      total 29696K, used 25600K [0x00000000eab00000, 0x00000000ecc00000, 0x0000000100000000)
  eden space 25600K, 100% used [0x00000000eab00000,0x00000000ec400000,0x00000000ec400000)
  from space 4096K, 0% used [0x00000000ec800000,0x00000000ec800000,0x00000000ecc00000)
  to   space 4096K, 9% used [0x00000000ec400000,0x00000000ec460000,0x00000000ec800000)
 ParOldGen       total 68608K, used 16K [0x00000000c0000000, 0x00000000c4300000, 0x00000000eab00000)
  object space 68608K, 0% used [0x00000000c0000000,0x00000000c0004000,0x00000000c4300000)
 Metaspace       used 4372K, committed 4608K, reserved 1114112K
  class space    used 460K, committed 576K, reserved 1048576K

Card table byte_map: [0x00000240f8320000,0x00000240f8530000] _byte_map_base: 0x00000240f7d20000

Marking Bits: (ParMarkBitMap*) 0x00007ffa2a2731f0
 Begin Bits: [0x00000240fbb40000, 0x00000240fcb40000)
 End Bits:   [0x00000240fcb40000, 0x00000240fdb40000)

Polling page: 0x00000240f8110000

Metaspace:

Usage:
  Non-class:      3.82 MB used.
      Class:    460.57 KB used.
       Both:      4.27 MB used.

Virtual space:
  Non-class space:       64.00 MB reserved,       3.94 MB (  6%) committed,  1 nodes.
      Class space:        1.00 GB reserved,     576.00 KB ( <1%) committed,  1 nodes.
             Both:        1.06 GB reserved,       4.50 MB ( <1%) committed. 

Chunk freelists:
   Non-Class:  11.12 MB
       Class:  15.44 MB
        Both:  26.56 MB

MaxMetaspaceSize: unlimited
CompressedClassSpaceSize: 1.00 GB
Initial GC threshold: 21.00 MB
Current GC threshold: 21.00 MB
CDS: on
 - commit_granule_bytes: 65536.
 - commit_granule_words: 8192.
 - virtual_space_node_default_size: 8388608.
 - enlarge_chunks_in_place: 1.
 - use_allocation_guard: 0.


Internal statistics:

num_allocs_failed_limit: 0.
num_arena_births: 184.
num_arena_deaths: 0.
num_vsnodes_births: 2.
num_vsnodes_deaths: 0.
num_space_committed: 72.
num_space_uncommitted: 0.
num_chunks_returned_to_freelist: 0.
num_chunks_taken_from_freelist: 248.
num_chunk_merges: 0.
num_chunk_splits: 160.
num_chunks_enlarged: 95.
num_inconsistent_stats: 0.

CodeHeap 'non-profiled nmethods': size=119168Kb used=392Kb max_used=392Kb free=118775Kb
 bounds [0x0000024087ba0000, 0x0000024087e10000, 0x000002408f000000]
CodeHeap 'profiled nmethods': size=119104Kb used=1843Kb max_used=1843Kb free=117260Kb
 bounds [0x0000024080000000, 0x0000024080270000, 0x0000024087450000]
CodeHeap 'non-nmethods': size=7488Kb used=1192Kb max_used=1206Kb free=6295Kb
 bounds [0x0000024087450000, 0x00000240876c0000, 0x0000024087ba0000]
 total_blobs=1583 nmethods=1128 adapters=362
 compilation: enabled
              stopped_count=0, restarted_count=0
 full_count=0

Compilation events (20 events):
Event: 8.638 Thread 0x00000240ff419e00 1095       3       java.util.LinkedHashMap$LinkedHashIterator::<init> (47 bytes)
Event: 8.638 Thread 0x00000240ff419e00 nmethod 1095 0x00000240801bf590 code [0x00000240801bf740, 0x00000240801bf960]
Event: 8.638 Thread 0x00000240ff419e00 1096       3       java.util.jar.Attributes::entrySet (10 bytes)
Event: 8.638 Thread 0x00000240ff419e00 nmethod 1096 0x00000240801bfa90 code [0x00000240801bfc40, 0x00000240801bfe18]
Event: 8.638 Thread 0x00000240ff419e00 1097       3       java.util.LinkedHashMap::entrySet (5 bytes)
Event: 8.638 Thread 0x00000240ff419e00 nmethod 1097 0x00000240801bff10 code [0x00000240801c00c0, 0x00000240801c0200]
Event: 8.638 Thread 0x00000240ff419e00 1098       3       java.util.LinkedHashMap::sequencedEntrySet (31 bytes)
Event: 8.639 Thread 0x00000240ff419e00 nmethod 1098 0x00000240801c0290 code [0x00000240801c0460, 0x00000240801c08d8]
Event: 8.639 Thread 0x00000240ff419e00 1100       3       java.util.LinkedHashMap$LinkedEntrySet::<init> (15 bytes)
Event: 8.639 Thread 0x00000240ff419e00 nmethod 1100 0x00000240801c0a90 code [0x00000240801c0c40, 0x00000240801c0e88]
Event: 8.639 Thread 0x00000240ff419e00 1101       3       java.util.LinkedHashMap$LinkedEntrySet::iterator (16 bytes)
Event: 8.639 Thread 0x00000240ff419e00 nmethod 1101 0x00000240801c0f90 code [0x00000240801c1140, 0x00000240801c1358]
Event: 8.639 Thread 0x00000240ff419e00 1102       3       java.util.LinkedHashMap$LinkedEntryIterator::<init> (7 bytes)
Event: 8.639 Thread 0x00000240ff419e00 nmethod 1102 0x00000240801c1490 code [0x00000240801c1640, 0x00000240801c1778]
Event: 8.639 Thread 0x00000240ff419e00 1103       3       java.util.LinkedHashMap::<init> (21 bytes)
Event: 8.639 Thread 0x00000240ff419e00 nmethod 1103 0x00000240801c1810 code [0x00000240801c19e0, 0x00000240801c1c50]
Event: 8.639 Thread 0x00000240ff419e00 1104       3       java.util.jar.Attributes::clone (9 bytes)
Event: 8.639 Thread 0x00000240ff419e00 nmethod 1104 0x00000240801c1d90 code [0x00000240801c1f80, 0x00000240801c2408]
Event: 8.639 Thread 0x00000240ff419e00 1105       3       java.util.jar.Attributes::<init> (17 bytes)
Event: 8.640 Thread 0x00000240ff419e00 nmethod 1105 0x00000240801c2610 code [0x00000240801c27e0, 0x00000240801c2bb0]

GC Heap History (0 events):
No events

Dll operation events (8 events):
Event: 0.308 Loaded shared library c:\Users\ADMIN\.vscode\extensions\redhat.java-1.42.0-win32-x64\jre\21.0.7-win32-x86_64\bin\java.dll
Event: 1.782 Loaded shared library c:\Users\ADMIN\.vscode\extensions\redhat.java-1.42.0-win32-x64\jre\21.0.7-win32-x86_64\bin\zip.dll
Event: 2.587 Loaded shared library C:\Users\ADMIN\.vscode\extensions\redhat.java-1.42.0-win32-x64\jre\21.0.7-win32-x86_64\bin\instrument.dll
Event: 3.600 Loaded shared library C:\Users\ADMIN\.vscode\extensions\redhat.java-1.42.0-win32-x64\jre\21.0.7-win32-x86_64\bin\net.dll
Event: 4.349 Loaded shared library C:\Users\ADMIN\.vscode\extensions\redhat.java-1.42.0-win32-x64\jre\21.0.7-win32-x86_64\bin\nio.dll
Event: 5.118 Loaded shared library C:\Users\ADMIN\.vscode\extensions\redhat.java-1.42.0-win32-x64\jre\21.0.7-win32-x86_64\bin\zip.dll
Event: 6.171 Loaded shared library C:\Users\ADMIN\.vscode\extensions\redhat.java-1.42.0-win32-x64\jre\21.0.7-win32-x86_64\bin\jimage.dll
Event: 6.953 Loaded shared library c:\Users\ADMIN\.vscode\extensions\redhat.java-1.42.0-win32-x64\jre\21.0.7-win32-x86_64\bin\verify.dll

Deoptimization events (20 events):
Event: 8.653 Thread 0x00000240f894f8e0 DEOPT PACKING pc=0x00000240801912b1 sp=0x00000069e87fdcf0
Event: 8.653 Thread 0x00000240f894f8e0 DEOPT UNPACKING pc=0x00000240874a4242 sp=0x00000069e87fd168 mode 0
Event: 8.653 Thread 0x00000240f894f8e0 DEOPT PACKING pc=0x00000240801912b1 sp=0x00000069e87fdcf0
Event: 8.653 Thread 0x00000240f894f8e0 DEOPT UNPACKING pc=0x00000240874a4242 sp=0x00000069e87fd168 mode 0
Event: 8.654 Thread 0x00000240f894f8e0 DEOPT PACKING pc=0x00000240801912b1 sp=0x00000069e87fdcf0
Event: 8.654 Thread 0x00000240f894f8e0 DEOPT UNPACKING pc=0x00000240874a4242 sp=0x00000069e87fd168 mode 0
Event: 8.654 Thread 0x00000240f894f8e0 DEOPT PACKING pc=0x00000240801912b1 sp=0x00000069e87fdcf0
Event: 8.654 Thread 0x00000240f894f8e0 DEOPT UNPACKING pc=0x00000240874a4242 sp=0x00000069e87fd168 mode 0
Event: 8.654 Thread 0x00000240f894f8e0 DEOPT PACKING pc=0x00000240801912b1 sp=0x00000069e87fdcf0
Event: 8.654 Thread 0x00000240f894f8e0 DEOPT UNPACKING pc=0x00000240874a4242 sp=0x00000069e87fd168 mode 0
Event: 8.654 Thread 0x00000240f894f8e0 DEOPT PACKING pc=0x00000240801912b1 sp=0x00000069e87fdcf0
Event: 8.654 Thread 0x00000240f894f8e0 DEOPT UNPACKING pc=0x00000240874a4242 sp=0x00000069e87fd168 mode 0
Event: 8.654 Thread 0x00000240f894f8e0 DEOPT PACKING pc=0x00000240801912b1 sp=0x00000069e87fdcf0
Event: 8.654 Thread 0x00000240f894f8e0 DEOPT UNPACKING pc=0x00000240874a4242 sp=0x00000069e87fd168 mode 0
Event: 8.654 Thread 0x00000240f894f8e0 DEOPT PACKING pc=0x00000240801912b1 sp=0x00000069e87fdcf0
Event: 8.654 Thread 0x00000240f894f8e0 DEOPT UNPACKING pc=0x00000240874a4242 sp=0x00000069e87fd168 mode 0
Event: 8.654 Thread 0x00000240f894f8e0 DEOPT PACKING pc=0x00000240801912b1 sp=0x00000069e87fdcf0
Event: 8.654 Thread 0x00000240f894f8e0 DEOPT UNPACKING pc=0x00000240874a4242 sp=0x00000069e87fd168 mode 0
Event: 8.655 Thread 0x00000240f894f8e0 DEOPT PACKING pc=0x00000240801912b1 sp=0x00000069e87fdcf0
Event: 8.655 Thread 0x00000240f894f8e0 DEOPT UNPACKING pc=0x00000240874a4242 sp=0x00000069e87fd168 mode 0

Classes loaded (20 events):
Event: 8.417 Loading class java/util/LinkedHashMap$LinkedValueIterator
Event: 8.418 Loading class java/util/LinkedHashMap$LinkedValueIterator done
Event: 8.423 Loading class java/lang/reflect/Proxy$ProxyBuilder$ProxyClassContext
Event: 8.423 Loading class java/lang/reflect/Proxy$ProxyBuilder$ProxyClassContext done
Event: 8.424 Loading class java/lang/reflect/ProxyGenerator
Event: 8.425 Loading class java/lang/reflect/ProxyGenerator done
Event: 8.425 Loading class java/lang/reflect/ProxyGenerator$ProxyMethod
Event: 8.427 Loading class java/lang/reflect/ProxyGenerator$ProxyMethod done
Event: 8.428 Loading class java/lang/reflect/ProxyGenerator$PrimitiveTypeInfo
Event: 8.428 Loading class java/lang/reflect/ProxyGenerator$PrimitiveTypeInfo done
Event: 8.428 Loading class jdk/internal/org/objectweb/asm/Edge
Event: 8.429 Loading class jdk/internal/org/objectweb/asm/Edge done
Event: 8.430 Loading class java/lang/reflect/Proxy$ProxyBuilder$1
Event: 8.431 Loading class java/lang/reflect/Proxy$ProxyBuilder$1 done
Event: 8.431 Loading class java/lang/annotation/Target
Event: 8.431 Loading class java/lang/annotation/Target done
Event: 8.441 Loading class java/util/NoSuchElementException
Event: 8.442 Loading class java/util/NoSuchElementException done
Event: 8.624 Loading class java/net/URLClassLoader$2
Event: 8.624 Loading class java/net/URLClassLoader$2 done

Classes unloaded (0 events):
No events

Classes redefined (0 events):
No events

Internal exceptions (20 events):
Event: 6.412 Thread 0x00000240f894f8e0 Exception <a 'java/lang/NoSuchMethodError'{0x00000000eaf862f8}: 'java.lang.Object java.lang.invoke.DirectMethodHandle$Holder.invokeStatic(java.lang.Object, java.lang.Object, int)'> (0x00000000eaf862f8) 
thrown [s\src\hotspot\share\interpreter\linkResolver.cpp, line 773]
Event: 6.413 Thread 0x00000240f894f8e0 Exception <a 'java/lang/NoSuchMethodError'{0x00000000eaf8ac48}: 'void java.lang.invoke.DirectMethodHandle$Holder.invokeStatic(java.lang.Object, java.lang.Object, int, java.lang.Object)'> (0x00000000eaf8ac48) 
thrown [s\src\hotspot\share\interpreter\linkResolver.cpp, line 773]
Event: 6.414 Thread 0x00000240f894f8e0 Exception <a 'java/lang/NoSuchMethodError'{0x00000000eaf8e7d8}: 'void java.lang.invoke.DirectMethodHandle$Holder.invokeSpecial(java.lang.Object, java.lang.Object, java.lang.Object, int, java.lang.Object)'> (0x00000000eaf8e7d8) 
thrown [s\src\hotspot\share\interpreter\linkResolver.cpp, line 773]
Event: 6.414 Thread 0x00000240f894f8e0 Exception <a 'java/lang/NoSuchMethodError'{0x00000000eaf91c48}: 'void java.lang.invoke.DelegatingMethodHandle$Holder.delegate(java.lang.Object, java.lang.Object, int, java.lang.Object)'> (0x00000000eaf91c48) 
thrown [s\src\hotspot\share\interpreter\linkResolver.cpp, line 773]
Event: 7.053 Thread 0x00000240f894f8e0 Exception <a 'java/lang/NoSuchMethodError'{0x00000000eb14f300}: 'void java.lang.invoke.DelegatingMethodHandle$Holder.reinvoke_L(java.lang.Object, java.lang.Object, java.lang.Object, int)'> (0x00000000eb14f300) 
thrown [s\src\hotspot\share\interpreter\linkResolver.cpp, line 773]
Event: 7.474 Thread 0x00000240f894f8e0 Exception <a 'java/lang/NoSuchMethodError'{0x00000000eb5d6910}: 'void java.lang.invoke.DirectMethodHandle$Holder.invokeVirtual(java.lang.Object, java.lang.Object)'> (0x00000000eb5d6910) 
thrown [s\src\hotspot\share\interpreter\linkResolver.cpp, line 773]
Event: 7.699 Thread 0x00000240f894f8e0 Exception <a 'java/lang/NoSuchMethodError'{0x00000000eb9babf0}: 'void java.lang.invoke.DirectMethodHandle$Holder.invokeStatic(java.lang.Object, java.lang.Object)'> (0x00000000eb9babf0) 
thrown [s\src\hotspot\share\interpreter\linkResolver.cpp, line 773]
Event: 7.712 Thread 0x00000240f894f8e0 Exception <a 'java/lang/ClassNotFoundException'{0x00000000eb9e2d68}: sun/net/www/protocol/c/Handler> (0x00000000eb9e2d68) 
thrown [s\src\hotspot\share\classfile\systemDictionary.cpp, line 312]
Event: 7.738 Thread 0x00000240f894f8e0 Exception <a 'java/io/FileNotFoundException'{0x00000000eba3cde8}> (0x00000000eba3cde8) 
thrown [s\src\hotspot\share\prims\jni.cpp, line 520]
Event: 7.739 Thread 0x00000240f894f8e0 Exception <a 'java/io/FileNotFoundException'{0x00000000eba3e150}> (0x00000000eba3e150) 
thrown [s\src\hotspot\share\prims\jni.cpp, line 520]
Event: 7.739 Thread 0x00000240f894f8e0 Exception <a 'java/io/FileNotFoundException'{0x00000000eba3edc8}> (0x00000000eba3edc8) 
thrown [s\src\hotspot\share\prims\jni.cpp, line 520]
Event: 7.739 Thread 0x00000240f894f8e0 Exception <a 'java/io/FileNotFoundException'{0x00000000eba3f908}> (0x00000000eba3f908) 
thrown [s\src\hotspot\share\prims\jni.cpp, line 520]
Event: 7.760 Thread 0x00000240f894f8e0 Implicit null exception at 0x0000024087bd1ca4 to 0x0000024087bd2248
Event: 7.761 Thread 0x00000240f894f8e0 Implicit null exception at 0x0000024087bd2920 to 0x0000024087bd2eb4
Event: 7.765 Thread 0x00000240f894f8e0 Exception <a 'java/io/FileNotFoundException'{0x00000000eba79a98}> (0x00000000eba79a98) 
thrown [s\src\hotspot\share\prims\jni.cpp, line 520]
Event: 7.800 Thread 0x00000240f894f8e0 Exception <a 'java/lang/NoSuchMethodError'{0x00000000ebab33e8}: 'java.lang.Object java.lang.invoke.DirectMethodHandle$Holder.invokeInterface(java.lang.Object, java.lang.Object)'> (0x00000000ebab33e8) 
thrown [s\src\hotspot\share\interpreter\linkResolver.cpp, line 773]
Event: 7.804 Thread 0x00000240f894f8e0 Exception <a 'java/lang/NoSuchMethodError'{0x00000000ebac69f0}: 'java.lang.Object java.lang.invoke.Invokers$Holder.invokeExact_MT(java.lang.Object, java.lang.Object, java.lang.Object, java.lang.Object, java.lang.Object, java.lang.Object)'> (0x00000000ebac69f0) 
thrown [s\src\hotspot\share\interpreter\linkResolver.cpp, line 773]
Event: 7.807 Thread 0x00000240f894f8e0 Exception <a 'java/lang/NoSuchMethodError'{0x00000000ebaddc48}: 'int java.lang.invoke.DirectMethodHandle$Holder.invokeStatic(java.lang.Object, java.lang.Object, java.lang.Object, java.lang.Object, java.lang.Object)'> (0x00000000ebaddc48) 
thrown [s\src\hotspot\share\interpreter\linkResolver.cpp, line 773]
Event: 7.874 Thread 0x00000240f894f8e0 Exception <a 'java/lang/NoSuchMethodError'{0x00000000ebb72e18}: 'java.lang.Object java.lang.invoke.DirectMethodHandle$Holder.invokeInterface(java.lang.Object, java.lang.Object, int)'> (0x00000000ebb72e18) 
thrown [s\src\hotspot\share\interpreter\linkResolver.cpp, line 773]
Event: 8.433 Thread 0x00000240f894f8e0 Exception <a 'java/lang/NoSuchMethodError'{0x00000000ebfbc9f0}: 'java.lang.ClassLoader java.lang.ClassLoader.getPlatformClassLoader(java.lang.Class)'> (0x00000000ebfbc9f0) 
thrown [s\src\hotspot\share\interpreter\linkResolver.cpp, line 773]

ZGC Phase Switch (0 events):
No events

VM Operations (16 events):
Event: 1.825 Executing VM operation: Cleanup
Event: 2.078 Executing VM operation: Cleanup done
Event: 3.090 Executing VM operation: Cleanup
Event: 3.090 Executing VM operation: Cleanup done
Event: 5.116 Executing VM operation: Cleanup
Event: 5.116 Executing VM operation: Cleanup done
Event: 6.130 Executing VM operation: Cleanup
Event: 6.145 Executing VM operation: Cleanup done
Event: 6.234 Executing VM operation: HandshakeAllThreads (Deoptimize)
Event: 6.234 Executing VM operation: HandshakeAllThreads (Deoptimize) done
Event: 7.239 Executing VM operation: Cleanup
Event: 7.271 Executing VM operation: Cleanup done
Event: 7.664 Executing VM operation: HandshakeAllThreads (Deoptimize)
Event: 7.664 Executing VM operation: HandshakeAllThreads (Deoptimize) done
Event: 7.689 Executing VM operation: HandshakeAllThreads (Deoptimize)
Event: 7.690 Executing VM operation: HandshakeAllThreads (Deoptimize) done

Memory protections (0 events):
No events

Nmethod flushes (0 events):
No events

Events (11 events):
Event: 0.539 Thread 0x00000240f894f8e0 Thread added: 0x00000240f894f8e0
Event: 1.269 Thread 0x00000240f894f8e0 Thread added: 0x00000240ff408380
Event: 1.269 Thread 0x00000240f894f8e0 Thread added: 0x00000240fdd3d730
Event: 1.272 Thread 0x00000240f894f8e0 Thread added: 0x00000240ff40aec0
Event: 1.273 Thread 0x00000240f894f8e0 Thread added: 0x00000240ff40bdd0
Event: 1.273 Thread 0x00000240f894f8e0 Thread added: 0x00000240ff40ebf0
Event: 1.274 Thread 0x00000240f894f8e0 Thread added: 0x00000240ff410650
Event: 1.278 Thread 0x00000240f894f8e0 Thread added: 0x00000240ff418430
Event: 1.278 Thread 0x00000240f894f8e0 Thread added: 0x00000240ff419e00
Event: 1.718 Thread 0x00000240f894f8e0 Thread added: 0x00000240ff470c10
Event: 7.240 Thread 0x00000240f894f8e0 Thread added: 0x00000240ff5ad320


Dynamic libraries:
0x00007ff7d0d40000 - 0x00007ff7d0d4e000 	c:\Users\ADMIN\.vscode\extensions\redhat.java-1.42.0-win32-x64\jre\21.0.7-win32-x86_64\bin\java.exe
0x00007ffb8c7d0000 - 0x00007ffb8c9e7000 	C:\WINDOWS\SYSTEM32\ntdll.dll
0x00007ffb8b270000 - 0x00007ffb8b334000 	C:\WINDOWS\System32\KERNEL32.DLL
0x00007ffb89d80000 - 0x00007ffb8a152000 	C:\WINDOWS\System32\KERNELBASE.dll
0x00007ffb8a340000 - 0x00007ffb8a451000 	C:\WINDOWS\System32\ucrtbase.dll
0x00007ffb62ab0000 - 0x00007ffb62ac8000 	c:\Users\ADMIN\.vscode\extensions\redhat.java-1.42.0-win32-x64\jre\21.0.7-win32-x86_64\bin\jli.dll
0x00007ffb8b340000 - 0x00007ffb8b4f1000 	C:\WINDOWS\System32\USER32.dll
0x00007ffb82960000 - 0x00007ffb82bfb000 	C:\WINDOWS\WinSxS\amd64_microsoft.windows.common-controls_6595b64144ccf1df_6.0.22621.5415_none_270d77d17387d7da\COMCTL32.dll
0x00007ffb89ab0000 - 0x00007ffb89ad6000 	C:\WINDOWS\System32\win32u.dll
0x00007ffb62820000 - 0x00007ffb6283e000 	c:\Users\ADMIN\.vscode\extensions\redhat.java-1.42.0-win32-x64\jre\21.0.7-win32-x86_64\bin\VCRUNTIME140.dll
0x00007ffb8c2d0000 - 0x00007ffb8c2f9000 	C:\WINDOWS\System32\GDI32.dll
0x00007ffb8c300000 - 0x00007ffb8c3a7000 	C:\WINDOWS\System32\msvcrt.dll
0x00007ffb89b10000 - 0x00007ffb89c33000 	C:\WINDOWS\System32\gdi32full.dll
0x00007ffb8a2a0000 - 0x00007ffb8a33a000 	C:\WINDOWS\System32\msvcp_win.dll
0x00007ffb8a580000 - 0x00007ffb8a5b1000 	C:\WINDOWS\System32\IMM32.DLL
0x00007ffb62aa0000 - 0x00007ffb62aac000 	c:\Users\ADMIN\.vscode\extensions\redhat.java-1.42.0-win32-x64\jre\21.0.7-win32-x86_64\bin\vcruntime140_1.dll
0x00007ffb2ac40000 - 0x00007ffb2accd000 	c:\Users\ADMIN\.vscode\extensions\redhat.java-1.42.0-win32-x64\jre\21.0.7-win32-x86_64\bin\msvcp140.dll
0x00007ffa295c0000 - 0x00007ffa2a350000 	c:\Users\ADMIN\.vscode\extensions\redhat.java-1.42.0-win32-x64\jre\21.0.7-win32-x86_64\bin\server\jvm.dll
0x00007ffb8aed0000 - 0x00007ffb8af81000 	C:\WINDOWS\System32\ADVAPI32.dll
0x00007ffb8a4d0000 - 0x00007ffb8a578000 	C:\WINDOWS\System32\sechost.dll
0x00007ffb89ae0000 - 0x00007ffb89b08000 	C:\WINDOWS\System32\bcrypt.dll
0x00007ffb8c550000 - 0x00007ffb8c664000 	C:\WINDOWS\System32\RPCRT4.dll
0x00007ffb8bdb0000 - 0x00007ffb8be21000 	C:\WINDOWS\System32\WS2_32.dll
0x00007ffb88740000 - 0x00007ffb8878d000 	C:\WINDOWS\SYSTEM32\POWRPROF.dll
0x00007ffb82da0000 - 0x00007ffb82dd4000 	C:\WINDOWS\SYSTEM32\WINMM.dll
0x00007ffb82670000 - 0x00007ffb8267a000 	C:\WINDOWS\SYSTEM32\VERSION.dll
0x00007ffb88720000 - 0x00007ffb88733000 	C:\WINDOWS\SYSTEM32\UMPDC.dll
0x00007ffb88940000 - 0x00007ffb88958000 	C:\WINDOWS\SYSTEM32\kernel.appcore.dll
0x00007ffb2a9a0000 - 0x00007ffb2a9aa000 	c:\Users\ADMIN\.vscode\extensions\redhat.java-1.42.0-win32-x64\jre\21.0.7-win32-x86_64\bin\jimage.dll
0x00007ffb86ce0000 - 0x00007ffb86f13000 	C:\WINDOWS\SYSTEM32\DBGHELP.DLL
0x00007ffb8ab30000 - 0x00007ffb8aec3000 	C:\WINDOWS\System32\combase.dll
0x00007ffb8a5d0000 - 0x00007ffb8a6a7000 	C:\WINDOWS\System32\OLEAUT32.dll
0x00007ffb82630000 - 0x00007ffb82662000 	C:\WINDOWS\SYSTEM32\dbgcore.DLL
0x00007ffb89c40000 - 0x00007ffb89cbb000 	C:\WINDOWS\System32\bcryptPrimitives.dll
0x00007ffb2a990000 - 0x00007ffb2a99f000 	c:\Users\ADMIN\.vscode\extensions\redhat.java-1.42.0-win32-x64\jre\21.0.7-win32-x86_64\bin\instrument.dll
0x00007ffb2a920000 - 0x00007ffb2a93f000 	c:\Users\ADMIN\.vscode\extensions\redhat.java-1.42.0-win32-x64\jre\21.0.7-win32-x86_64\bin\java.dll
0x00007ffb8b500000 - 0x00007ffb8bda2000 	C:\WINDOWS\System32\SHELL32.dll
0x00007ffb8a160000 - 0x00007ffb8a29f000 	C:\WINDOWS\System32\wintypes.dll
0x00007ffb87800000 - 0x00007ffb8811e000 	C:\WINDOWS\SYSTEM32\windows.storage.dll
0x00007ffb8c670000 - 0x00007ffb8c77b000 	C:\WINDOWS\System32\SHCORE.dll
0x00007ffb8a460000 - 0x00007ffb8a4c9000 	C:\WINDOWS\System32\shlwapi.dll
0x00007ffb897f0000 - 0x00007ffb8981b000 	C:\WINDOWS\SYSTEM32\profapi.dll
0x00007ffb2a900000 - 0x00007ffb2a918000 	c:\Users\ADMIN\.vscode\extensions\redhat.java-1.42.0-win32-x64\jre\21.0.7-win32-x86_64\bin\zip.dll
0x00007ffb2a980000 - 0x00007ffb2a990000 	C:\Users\ADMIN\.vscode\extensions\redhat.java-1.42.0-win32-x64\jre\21.0.7-win32-x86_64\bin\net.dll
0x00007ffb861d0000 - 0x00007ffb862fc000 	C:\WINDOWS\SYSTEM32\WINHTTP.dll
0x00007ffb88e60000 - 0x00007ffb88ec9000 	C:\WINDOWS\system32\mswsock.dll
0x00007ffb2a8e0000 - 0x00007ffb2a8f6000 	C:\Users\ADMIN\.vscode\extensions\redhat.java-1.42.0-win32-x64\jre\21.0.7-win32-x86_64\bin\nio.dll
0x00007ffb62810000 - 0x00007ffb62820000 	c:\Users\ADMIN\.vscode\extensions\redhat.java-1.42.0-win32-x64\jre\21.0.7-win32-x86_64\bin\verify.dll

dbghelp: loaded successfully - version: 4.0.5 - missing functions: none
symbol engine: initialized successfully - sym options: 0x614 - pdb path: .;c:\Users\ADMIN\.vscode\extensions\redhat.java-1.42.0-win32-x64\jre\21.0.7-win32-x86_64\bin;C:\WINDOWS\SYSTEM32;C:\WINDOWS\WinSxS\amd64_microsoft.windows.common-controls_6595b64144ccf1df_6.0.22621.5415_none_270d77d17387d7da;c:\Users\ADMIN\.vscode\extensions\redhat.java-1.42.0-win32-x64\jre\21.0.7-win32-x86_64\bin\server

VM Arguments:
jvm_args: --add-modules=ALL-SYSTEM --add-opens=java.base/java.util=ALL-UNNAMED --add-opens=java.base/java.lang=ALL-UNNAMED --add-opens=java.base/sun.nio.fs=ALL-UNNAMED -Declipse.application=org.eclipse.jdt.ls.core.id1 -Dosgi.bundles.defaultStartLevel=4 -Declipse.product=org.eclipse.jdt.ls.core.product -Djava.import.generatesMetadataFilesAtProjectRoot=false -DDetectVMInstallationsJob.disabled=true -Dfile.encoding=utf8 -XX:+UseParallelGC -XX:GCTimeRatio=4 -XX:AdaptiveSizePolicyWeight=90 -Dsun.zip.disableMemoryMapping=true -Xmx1G -Xms100m -Xlog:disable -javaagent:c:\Users\ADMIN\.vscode\extensions\redhat.java-1.42.0-win32-x64\lombok\lombok-1.18.36.jar 
java_command: c:\Users\ADMIN\.vscode\extensions\redhat.java-1.42.0-win32-x64\server\plugins\org.eclipse.equinox.launcher_1.7.0.v20250424-1814.jar -configuration c:\Users\ADMIN\AppData\Roaming\Code\User\globalStorage\redhat.java\1.42.0\config_ss_win -data c:\Users\ADMIN\AppData\Roaming\Code\User\workspaceStorage\c9c34c9037f30831ff1e317f9d9d2896\redhat.java\ss_ws --pipe=\\.\pipe\lsp-a7b7ec62c96d634f8d86d5f3f2e7fdab-sock
java_class_path (initial): c:\Users\ADMIN\.vscode\extensions\redhat.java-1.42.0-win32-x64\server\plugins\org.eclipse.equinox.launcher_1.7.0.v20250424-1814.jar
Launcher Type: SUN_STANDARD

[Global flags]
    uintx AdaptiveSizePolicyWeight                 = 90                                        {product} {command line}
     intx CICompilerCount                          = 12                                        {product} {ergonomic}
    uintx GCTimeRatio                              = 4                                         {product} {command line}
   size_t InitialHeapSize                          = 104857600                                 {product} {command line}
   size_t MaxHeapSize                              = 1073741824                                {product} {command line}
   size_t MaxNewSize                               = 357564416                                 {product} {ergonomic}
   size_t MinHeapDeltaBytes                        = 524288                                    {product} {ergonomic}
   size_t MinHeapSize                              = 104857600                                 {product} {command line}
   size_t NewSize                                  = 34603008                                  {product} {ergonomic}
    uintx NonNMethodCodeHeapSize                   = 7602480                                {pd product} {ergonomic}
    uintx NonProfiledCodeHeapSize                  = 122027880                              {pd product} {ergonomic}
   size_t OldSize                                  = 70254592                                  {product} {ergonomic}
    uintx ProfiledCodeHeapSize                     = 122027880                              {pd product} {ergonomic}
    uintx ReservedCodeCacheSize                    = 251658240                              {pd product} {ergonomic}
     bool SegmentedCodeCache                       = true                                      {product} {ergonomic}
   size_t SoftMaxHeapSize                          = 1073741824                             {manageable} {ergonomic}
     bool UseCompressedOops                        = true                           {product lp64_product} {ergonomic}
     bool UseLargePagesIndividualAllocation        = false                                  {pd product} {ergonomic}
     bool UseParallelGC                            = true                                      {product} {command line}

Logging:
Log output configuration:
 #0: stdout all=off uptime,level,tags foldmultilines=false
 #1: stderr all=off uptime,level,tags foldmultilines=false

Environment Variables:
JAVA_HOME=C:\Program Files\Java\jdk-17
PATH=d:\AI\cursor\resources\app\bin;C:\Program Files\Common Files\Oracle\Java\javapath;E:\Ki5\SWT301\apache-maven-3.9.9-bin\apache-maven-3.9.9\bin;C:\Program Files\Microsoft MPI\Bin\;C:\Program Files (x86)\Common Files\Oracle\Java\javapath;C:\Windows\system32;C:\Windows;C:\Windows\System32\Wbem;C:\Windows\System32\WindowsPowerShell\v1.0\;C:\Windows\System32\OpenSSH\;C:\Program Files (x86)\NVIDIA Corporation\PhysX\Common;C:\Program Files\NVIDIA Corporation\NVIDIA NvDLISR;C:\WINDOWS\system32;C:\WINDOWS;C:\WINDOWS\System32\Wbem;C:\WINDOWS\System32\WindowsPowerShell\v1.0\;C:\WINDOWS\System32\OpenSSH\;C:\Program Files\Microsoft SQL Server\Client SDK\ODBC\110\Tools\Binn\;C:\Program Files (x86)\Microsoft SQL Server\160\Tools\Binn\;C:\Program Files\Microsoft SQL Server\160\Tools\Binn\;C:\Program Files\Microsoft SQL Server\Client SDK\ODBC\170\Tools\Binn\;C:\Program Files\Microsoft SQL Server\160\DTS\Binn\;C:\Program Files\Git\cmd;E:\Ki5\FER202\nodejs\;C:\Program Files (x86)\Microsoft SQL Server\100\Tools\Binn\;C:\Program F;C:\Program Files\dotnet\;E:\Ki5\SWT301\apache-maven-3.9.9-bin\apache-maven-3.9.9\bin;C:\ProgramData\ADMIN\GitHubDesktop\bin;C:\Users\ADMIN\AppData\Local\GitHubDesktop\bin;C:\Users\ADMIN\AppData\Roaming\npm;;C:\Program Files\JetBrains\IntelliJ IDEA 2024.3.5\bin;;D:\AI\cursor\resources\app\bin;E:\VSCODE\Microsoft VS Code\bin;C:\Users\ADMIN\.dotnet\tools
USERNAME=ADMIN
OS=Windows_NT
PROCESSOR_IDENTIFIER=Intel64 Family 6 Model 154 Stepping 3, GenuineIntel
TMP=C:\Users\ADMIN\AppData\Local\Temp
TEMP=C:\Users\ADMIN\AppData\Local\Temp




Periodic native trim disabled

---------------  S Y S T E M  ---------------

OS:
 Windows 11 , 64 bit Build 22621 (10.0.22621.5415)
OS uptime: 4 days 3:38 hours

CPU: total 16 (initial active 16) (8 cores per cpu, 2 threads per core) family 6 model 154 stepping 3 microcode 0x429, cx8, cmov, fxsr, ht, mmx, 3dnowpref, sse, sse2, sse3, ssse3, sse4.1, sse4.2, popcnt, lzcnt, tsc, tscinvbit, avx, avx2, aes, erms, clmul, bmi1, bmi2, adx, sha, fma, vzeroupper, clflush, clflushopt, clwb, serialize, rdtscp, rdpid, fsrm, f16c, pku, cet_ibt, cet_ss
Processor Information for the first 16 processors :
  Max Mhz: 2300, Current Mhz: 2300, Mhz Limit: 2300

Memory: 4k page, system-wide physical 7812M (4M free)
TotalPageFile size 27485M (AvailPageFile size 3M)
current process WorkingSet (physical memory assigned to process): 58M, peak: 58M
current process commit charge ("private bytes"): 212M, peak: 213M

vm_info: OpenJDK 64-Bit Server VM (21.0.7+6-LTS) for windows-amd64 JRE (21.0.7+6-LTS), built on 2025-04-15T00:00:00Z by "admin" with MS VC++ 17.7 (VS2022)

END.
